21:14:39 DEBUG : Logs will be stored at 'C:/Users/user/OneDrive/Documents/lab6/workspace/IDE.log'.
21:14:44 INFO  : Launching XSCT server: xsct.bat -n  -interactive C:\Users\user\OneDrive\Documents\lab6\workspace\temp_xsdb_launch_script.tcl
21:14:44 INFO  : Registering command handlers for Vitis TCF services
21:14:46 INFO  : Platform repository initialization has completed.
21:14:51 INFO  : XSCT server has started successfully.
21:14:52 INFO  : Successfully done setting XSCT server connection channel  
21:14:52 INFO  : plnx-install-location is set to ''
21:14:52 INFO  : Successfully done query RDI_DATADIR 
21:14:52 INFO  : Successfully done setting workspace for the tool. 
21:37:56 INFO  : Result from executing command 'getProjects': mb_intro_top
21:37:56 INFO  : Result from executing command 'getPlatforms': xilinx_vck190_base_202220_1|C:/Xilinx/Vitis/2022.2/base_platforms/xilinx_vck190_base_202220_1/xilinx_vck190_base_202220_1.xpfm;xilinx_vck190_base_dfx_202220_1|C:/Xilinx/Vitis/2022.2/base_platforms/xilinx_vck190_base_dfx_202220_1/xilinx_vck190_base_dfx_202220_1.xpfm;xilinx_vmk180_base_202220_1|C:/Xilinx/Vitis/2022.2/base_platforms/xilinx_vmk180_base_202220_1/xilinx_vmk180_base_202220_1.xpfm;xilinx_zcu102_base_202220_1|C:/Xilinx/Vitis/2022.2/base_platforms/xilinx_zcu102_base_202220_1/xilinx_zcu102_base_202220_1.xpfm;xilinx_zcu102_base_dfx_202220_1|C:/Xilinx/Vitis/2022.2/base_platforms/xilinx_zcu102_base_dfx_202220_1/xilinx_zcu102_base_dfx_202220_1.xpfm;xilinx_zcu104_base_202220_1|C:/Xilinx/Vitis/2022.2/base_platforms/xilinx_zcu104_base_202220_1/xilinx_zcu104_base_202220_1.xpfm
21:37:57 WARN  : An unexpected exception occurred in the module 'platform project logging'
21:37:58 INFO  : Platform 'mb_intro_top' is added to custom repositories.
21:38:05 INFO  : Platform 'mb_intro_top' is added to custom repositories.
21:55:13 INFO  : Result from executing command 'getProjects': mb_intro_top
21:55:13 INFO  : Result from executing command 'getPlatforms': xilinx_vck190_base_202220_1|C:/Xilinx/Vitis/2022.2/base_platforms/xilinx_vck190_base_202220_1/xilinx_vck190_base_202220_1.xpfm;xilinx_vck190_base_dfx_202220_1|C:/Xilinx/Vitis/2022.2/base_platforms/xilinx_vck190_base_dfx_202220_1/xilinx_vck190_base_dfx_202220_1.xpfm;xilinx_vmk180_base_202220_1|C:/Xilinx/Vitis/2022.2/base_platforms/xilinx_vmk180_base_202220_1/xilinx_vmk180_base_202220_1.xpfm;xilinx_zcu102_base_202220_1|C:/Xilinx/Vitis/2022.2/base_platforms/xilinx_zcu102_base_202220_1/xilinx_zcu102_base_202220_1.xpfm;xilinx_zcu102_base_dfx_202220_1|C:/Xilinx/Vitis/2022.2/base_platforms/xilinx_zcu102_base_dfx_202220_1/xilinx_zcu102_base_dfx_202220_1.xpfm;xilinx_zcu104_base_202220_1|C:/Xilinx/Vitis/2022.2/base_platforms/xilinx_zcu104_base_202220_1/xilinx_zcu104_base_202220_1.xpfm
21:55:15 INFO  : Checking for BSP changes to sync application flags for project 'mb_blink'...
22:16:25 INFO  : Connected to target on host '127.0.0.1' and port '3121'.
22:16:26 INFO  : Jtag cable 'RealDigital Boo 88742923000AA' is selected.
22:16:26 INFO  : 'jtag frequency' command is executed.
22:16:26 INFO  : 'targets -set -filter {jtag_cable_name =~ "RealDigital Boo 88742923000AA" && level==0 && jtag_device_ctx=="jsn1-0362f093-0"}' command is executed.
22:16:27 INFO  : Device configured successfully with "C:/Users/user/OneDrive/Documents/lab6/workspace/mb_blink/_ide/bitstream/mb_intro_top.bit"
22:16:27 INFO  : Context for processor 'microblaze_0' is selected.
22:16:27 INFO  : Hardware design and registers information is loaded from 'C:/Users/user/OneDrive/Documents/lab6/workspace/mb_intro_top/export/mb_intro_top/hw/mb_intro_top.xsa'.
22:16:27 INFO  : 'configparams mdm-detect-bscan-mask 2' command is executed.
22:16:27 INFO  : Context for processor 'microblaze_0' is selected.
22:16:27 INFO  : System reset is completed.
22:16:31 INFO  : 'after 3000' command is executed.
22:16:31 INFO  : Context for processor 'microblaze_0' is selected.
22:16:31 INFO  : The application 'C:/Users/user/OneDrive/Documents/lab6/workspace/mb_blink/Debug/mb_blink.elf' is downloaded to processor 'microblaze_0'.
22:16:31 INFO  : ----------------XSDB Script----------------
connect -url tcp:127.0.0.1:3121
targets -set -filter {jtag_cable_name =~ "RealDigital Boo 88742923000AA" && level==0 && jtag_device_ctx=="jsn1-0362f093-0"}
fpga -file C:/Users/user/OneDrive/Documents/lab6/workspace/mb_blink/_ide/bitstream/mb_intro_top.bit
targets -set -nocase -filter {name =~ "*microblaze*#0" && bscan=="USER2" }
loadhw -hw C:/Users/user/OneDrive/Documents/lab6/workspace/mb_intro_top/export/mb_intro_top/hw/mb_intro_top.xsa -regs
configparams mdm-detect-bscan-mask 2
targets -set -nocase -filter {name =~ "*microblaze*#0" && bscan=="USER2" }
rst -system
after 3000
targets -set -nocase -filter {name =~ "*microblaze*#0" && bscan=="USER2" }
dow C:/Users/user/OneDrive/Documents/lab6/workspace/mb_blink/Debug/mb_blink.elf
----------------End of Script----------------

22:16:31 INFO  : Context for processor 'microblaze_0' is selected.
22:16:31 INFO  : 'con' command is executed.
22:16:31 INFO  : ----------------XSDB Script (After Launch)----------------
targets -set -nocase -filter {name =~ "*microblaze*#0" && bscan=="USER2" }
con
----------------End of Script----------------

22:16:31 INFO  : Disconnected from the channel tcfchan#2.
19:36:50 DEBUG : Logs will be stored at 'C:/Users/user/OneDrive/Documents/lab6/workspace/IDE.log'.
19:36:51 INFO  : Launching XSCT server: xsct.bat -n  -interactive C:\Users\user\OneDrive\Documents\lab6\workspace\temp_xsdb_launch_script.tcl
19:36:54 INFO  : XSCT server has started successfully.
19:36:54 INFO  : Successfully done setting XSCT server connection channel  
19:36:54 INFO  : plnx-install-location is set to ''
19:36:54 INFO  : Successfully done setting workspace for the tool. 
19:36:54 INFO  : Registering command handlers for Vitis TCF services
19:36:55 INFO  : Successfully done query RDI_DATADIR 
19:36:56 INFO  : Platform repository initialization has completed.
