20:53:45 DEBUG : Logs will be stored at 'C:/Users/user/OneDrive/Documents/ECE385/ECE385/lab6/workspace2/IDE.log'.
20:53:48 INFO  : Launching XSCT server: xsct.bat -n  -interactive C:\Users\user\OneDrive\Documents\ECE385\ECE385\lab6\workspace2\temp_xsdb_launch_script.tcl
20:53:48 INFO  : Registering command handlers for Vitis TCF services
20:53:50 INFO  : Platform repository initialization has completed.
20:53:51 INFO  : XSCT server has started successfully.
20:53:51 INFO  : plnx-install-location is set to ''
20:53:52 INFO  : Successfully done setting XSCT server connection channel  
20:53:52 INFO  : Successfully done query RDI_DATADIR 
20:53:52 INFO  : Successfully done setting workspace for the tool. 
20:56:06 INFO  : Result from executing command 'getProjects': mb_usb_hdmi_top
20:56:06 INFO  : Result from executing command 'getPlatforms': xilinx_vck190_base_202220_1|C:/Xilinx/Vitis/2022.2/base_platforms/xilinx_vck190_base_202220_1/xilinx_vck190_base_202220_1.xpfm;xilinx_vck190_base_dfx_202220_1|C:/Xilinx/Vitis/2022.2/base_platforms/xilinx_vck190_base_dfx_202220_1/xilinx_vck190_base_dfx_202220_1.xpfm;xilinx_vmk180_base_202220_1|C:/Xilinx/Vitis/2022.2/base_platforms/xilinx_vmk180_base_202220_1/xilinx_vmk180_base_202220_1.xpfm;xilinx_zcu102_base_202220_1|C:/Xilinx/Vitis/2022.2/base_platforms/xilinx_zcu102_base_202220_1/xilinx_zcu102_base_202220_1.xpfm;xilinx_zcu102_base_dfx_202220_1|C:/Xilinx/Vitis/2022.2/base_platforms/xilinx_zcu102_base_dfx_202220_1/xilinx_zcu102_base_dfx_202220_1.xpfm;xilinx_zcu104_base_202220_1|C:/Xilinx/Vitis/2022.2/base_platforms/xilinx_zcu104_base_202220_1/xilinx_zcu104_base_202220_1.xpfm
20:56:07 WARN  : An unexpected exception occurred in the module 'platform project logging'
20:56:08 INFO  : Platform 'mb_usb_hdmi_top' is added to custom repositories.
20:56:13 INFO  : Platform 'mb_usb_hdmi_top' is added to custom repositories.
16:49:59 DEBUG : Logs will be stored at 'C:/Users/user/OneDrive/Documents/ECE385/ECE385/lab6/workspace2/IDE.log'.
16:50:00 INFO  : Launching XSCT server: xsct.bat -n  -interactive C:\Users\user\OneDrive\Documents\ECE385\ECE385\lab6\workspace2\temp_xsdb_launch_script.tcl
16:50:03 INFO  : XSCT server has started successfully.
16:50:03 INFO  : plnx-install-location is set to ''
16:50:03 INFO  : Successfully done setting XSCT server connection channel  
16:50:03 INFO  : Successfully done setting workspace for the tool. 
16:50:05 INFO  : Registering command handlers for Vitis TCF services
16:50:05 INFO  : Successfully done query RDI_DATADIR 
16:50:06 INFO  : Platform repository initialization has completed.
17:30:37 DEBUG : Logs will be stored at 'C:/Users/user/OneDrive/Documents/ECE385/ECE385/lab6/workspace2/IDE.log'.
17:30:37 INFO  : Launching XSCT server: xsct.bat -n  -interactive C:\Users\user\OneDrive\Documents\ECE385\ECE385\lab6\workspace2\temp_xsdb_launch_script.tcl
17:30:40 INFO  : XSCT server has started successfully.
17:30:41 INFO  : plnx-install-location is set to ''
17:30:41 INFO  : Successfully done query RDI_DATADIR 
17:30:41 INFO  : Successfully done setting XSCT server connection channel  
17:30:41 INFO  : Successfully done setting workspace for the tool. 
17:30:41 INFO  : Registering command handlers for Vitis TCF services
17:30:42 INFO  : Platform repository initialization has completed.
17:32:40 INFO  : Result from executing command 'getProjects': mb_usb_hdmi_top
17:32:40 INFO  : Result from executing command 'getPlatforms': mb_usb_hdmi_top|C:/Users/user/OneDrive/Documents/ECE385/ECE385/lab6/workspace2/mb_usb_hdmi_top/export/mb_usb_hdmi_top/mb_usb_hdmi_top.xpfm;xilinx_vck190_base_202220_1|C:/Xilinx/Vitis/2022.2/base_platforms/xilinx_vck190_base_202220_1/xilinx_vck190_base_202220_1.xpfm;xilinx_vck190_base_dfx_202220_1|C:/Xilinx/Vitis/2022.2/base_platforms/xilinx_vck190_base_dfx_202220_1/xilinx_vck190_base_dfx_202220_1.xpfm;xilinx_vmk180_base_202220_1|C:/Xilinx/Vitis/2022.2/base_platforms/xilinx_vmk180_base_202220_1/xilinx_vmk180_base_202220_1.xpfm;xilinx_zcu102_base_202220_1|C:/Xilinx/Vitis/2022.2/base_platforms/xilinx_zcu102_base_202220_1/xilinx_zcu102_base_202220_1.xpfm;xilinx_zcu102_base_dfx_202220_1|C:/Xilinx/Vitis/2022.2/base_platforms/xilinx_zcu102_base_dfx_202220_1/xilinx_zcu102_base_dfx_202220_1.xpfm;xilinx_zcu104_base_202220_1|C:/Xilinx/Vitis/2022.2/base_platforms/xilinx_zcu104_base_202220_1/xilinx_zcu104_base_202220_1.xpfm
17:32:42 INFO  : Checking for BSP changes to sync application flags for project 'mb_usb'...
17:39:27 DEBUG : Logs will be stored at 'C:/Users/user/OneDrive/Documents/ECE385/ECE385/lab6/workspace2/IDE.log'.
17:39:28 INFO  : Launching XSCT server: xsct.bat -n  -interactive C:\Users\user\OneDrive\Documents\ECE385\ECE385\lab6\workspace2\temp_xsdb_launch_script.tcl
17:39:32 INFO  : XSCT server has started successfully.
17:39:32 INFO  : Registering command handlers for Vitis TCF services
17:39:32 INFO  : plnx-install-location is set to ''
17:39:33 INFO  : Successfully done setting XSCT server connection channel  
17:39:33 INFO  : Successfully done query RDI_DATADIR 
17:39:33 INFO  : Successfully done setting workspace for the tool. 
17:39:34 INFO  : Platform repository initialization has completed.
17:39:52 INFO  : Result from executing command 'removePlatformRepo': 
17:40:05 INFO  : Result from executing command 'getProjects': mb_usb_hdmi_top
17:40:05 INFO  : Result from executing command 'getPlatforms': xilinx_vck190_base_202220_1|C:/Xilinx/Vitis/2022.2/base_platforms/xilinx_vck190_base_202220_1/xilinx_vck190_base_202220_1.xpfm;xilinx_vck190_base_dfx_202220_1|C:/Xilinx/Vitis/2022.2/base_platforms/xilinx_vck190_base_dfx_202220_1/xilinx_vck190_base_dfx_202220_1.xpfm;xilinx_vmk180_base_202220_1|C:/Xilinx/Vitis/2022.2/base_platforms/xilinx_vmk180_base_202220_1/xilinx_vmk180_base_202220_1.xpfm;xilinx_zcu102_base_202220_1|C:/Xilinx/Vitis/2022.2/base_platforms/xilinx_zcu102_base_202220_1/xilinx_zcu102_base_202220_1.xpfm;xilinx_zcu102_base_dfx_202220_1|C:/Xilinx/Vitis/2022.2/base_platforms/xilinx_zcu102_base_dfx_202220_1/xilinx_zcu102_base_dfx_202220_1.xpfm;xilinx_zcu104_base_202220_1|C:/Xilinx/Vitis/2022.2/base_platforms/xilinx_zcu104_base_202220_1/xilinx_zcu104_base_202220_1.xpfm
17:40:07 INFO  : Checking for BSP changes to sync application flags for project 'mb_usb'...
