00:38:17 **** Build of configuration Debug for project mb_blink ****
make all 
'Building file: ../src/helloworld.c'
'Invoking: MicroBlaze gcc compiler'
mb-gcc -Wall -O0 -g3 -c -fmessage-length=0 -MT"src/helloworld.o" -IC:/Users/user/OneDrive/Documents/ECE385/ECE385/lab6/workspace/mb_intro_top6/export/mb_intro_top6/sw/mb_intro_top6/standalone_microblaze_0/bspinclude/include -mno-xl-reorder -mlittle-endian -mxl-barrel-shift -mxl-pattern-compare -mcpu=v11.0 -mno-xl-soft-mul -Wl,--no-relax -ffunction-sections -fdata-sections -MMD -MP -MF"src/helloworld.d" -MT"src/helloworld.o" -o "src/helloworld.o" "../src/helloworld.c"
../src/helloworld.c:18:36: warning: initialization of 'volatile uint32_t *' {aka 'volatile long unsigned int *'} from 'int' makes pointer from integer without a cast [-Wint-conversion]
   18 | volatile uint32_t* led_gpio_data = 0x40000000;  //Hint: either find the manual address (via the memory map in the block diagram, or
      |                                    ^~~~~~~~~~
../src/helloworld.c:19:35: warning: initialization of 'volatile uint32_t *' {aka 'volatile long unsigned int *'} from 'int' makes pointer from integer without a cast [-Wint-conversion]
   19 | volatile uint32_t* sw_gpio_data = 0x40010000;   //replace with the proper define in xparameters (part of the BSP). Either way
      |                                   ^~~~~~~~~~
../src/helloworld.c:20:36: warning: initialization of 'volatile uint32_t *' {aka 'volatile long unsigned int *'} from 'int' makes pointer from integer without a cast [-Wint-conversion]
   20 | volatile uint32_t* btn_gpio_data = 0x40020000;                                                                                                   //this is the base address of the GPIO corresponding to your LEDs
      |                                    ^~~~~~~~~~
../src/helloworld.c: In function 'main':
../src/helloworld.c:32:21: warning: unused variable 'button_data' [-Wunused-variable]
   32 |                 int button_data = *btn_gpio_data;
      |                     ^~~~~~~~~~~
'Finished building: ../src/helloworld.c'
' '
'Building file: ../src/platform.c'
'Invoking: MicroBlaze gcc compiler'
mb-gcc -Wall -O0 -g3 -c -fmessage-length=0 -MT"src/platform.o" -IC:/Users/user/OneDrive/Documents/ECE385/ECE385/lab6/workspace/mb_intro_top6/export/mb_intro_top6/sw/mb_intro_top6/standalone_microblaze_0/bspinclude/include -mno-xl-reorder -mlittle-endian -mxl-barrel-shift -mxl-pattern-compare -mcpu=v11.0 -mno-xl-soft-mul -Wl,--no-relax -ffunction-sections -fdata-sections -MMD -MP -MF"src/platform.d" -MT"src/platform.o" -o "src/platform.o" "../src/platform.c"
'Finished building: ../src/platform.c'
' '
'Building target: mb_blink.elf'
'Invoking: MicroBlaze gcc linker'
mb-gcc -Wl,-T -Wl,../src/lscript.ld -LC:/Users/user/OneDrive/Documents/ECE385/ECE385/lab6/workspace/mb_intro_top6/export/mb_intro_top6/sw/mb_intro_top6/standalone_microblaze_0/bsplib/lib -mlittle-endian -mxl-barrel-shift -mxl-pattern-compare -mcpu=v11.0 -mno-xl-soft-mul -Wl,--no-relax -Wl,--gc-sections -o "mb_blink.elf"  ./src/helloworld.o ./src/platform.o   -Wl,--start-group,-lxil,-lgcc,-lc,--end-group
'Finished building target: mb_blink.elf'
' '
'Invoking: MicroBlaze Print Size'
mb-size mb_blink.elf  |tee "mb_blink.elf.size"
   text	   data	    bss	    dec	    hex	filename
   5720	    332	   3108	   9160	   23c8	mb_blink.elf
'Finished building: mb_blink.elf.size'
' '

00:38:18 Build Finished (took 1s.315ms)

