06:35:08 DEBUG : Logs will be stored at 'C:/Users/user/OneDrive/Documents/ECE385/ECE385/lab7/workspace/IDE.log'.
06:35:12 INFO  : Launching XSCT server: xsct.bat -n  -interactive C:\Users\user\OneDrive\Documents\ECE385\ECE385\lab7\workspace\temp_xsdb_launch_script.tcl
06:35:12 INFO  : Registering command handlers for Vitis TCF services
06:35:14 INFO  : Platform repository initialization has completed.
06:35:18 INFO  : XSCT server has started successfully.
06:35:18 INFO  : plnx-install-location is set to ''
06:35:18 INFO  : Successfully done setting XSCT server connection channel  
06:35:18 INFO  : Successfully done query RDI_DATADIR 
06:35:18 INFO  : Successfully done setting workspace for the tool. 
06:37:29 ERROR : (XSDB Server)ERROR: [Hsi 55-1562] Source directory C:/Users/user/OneDrive/Documents/ECE385/ECE385/lab7/workspace/mb_usb_hdmi_top/hw/drivers\hdmi_text_controller_v1_0/src does not exist or is not a directory.

06:37:30 INFO  : Result from executing command 'getProjects': mb_usb_hdmi_top
06:37:30 INFO  : Result from executing command 'getPlatforms': xilinx_vck190_base_202220_1|C:/Xilinx/Vitis/2022.2/base_platforms/xilinx_vck190_base_202220_1/xilinx_vck190_base_202220_1.xpfm;xilinx_vck190_base_dfx_202220_1|C:/Xilinx/Vitis/2022.2/base_platforms/xilinx_vck190_base_dfx_202220_1/xilinx_vck190_base_dfx_202220_1.xpfm;xilinx_vmk180_base_202220_1|C:/Xilinx/Vitis/2022.2/base_platforms/xilinx_vmk180_base_202220_1/xilinx_vmk180_base_202220_1.xpfm;xilinx_zcu102_base_202220_1|C:/Xilinx/Vitis/2022.2/base_platforms/xilinx_zcu102_base_202220_1/xilinx_zcu102_base_202220_1.xpfm;xilinx_zcu102_base_dfx_202220_1|C:/Xilinx/Vitis/2022.2/base_platforms/xilinx_zcu102_base_dfx_202220_1/xilinx_zcu102_base_dfx_202220_1.xpfm;xilinx_zcu104_base_202220_1|C:/Xilinx/Vitis/2022.2/base_platforms/xilinx_zcu104_base_202220_1/xilinx_zcu104_base_202220_1.xpfm
06:37:31 WARN  : An unexpected exception occurred in the module 'platform project logging'
06:37:32 INFO  : Platform 'mb_usb_hdmi_top' is added to custom repositories.
06:37:40 INFO  : Platform 'mb_usb_hdmi_top' is added to custom repositories.
06:41:46 INFO  : Result from executing command 'getProjects': mb_usb_hdmi_top
06:41:46 INFO  : Result from executing command 'getPlatforms': mb_usb_hdmi_top|C:/Users/user/OneDrive/Documents/ECE385/ECE385/lab7/workspace/mb_usb_hdmi_top/export/mb_usb_hdmi_top/mb_usb_hdmi_top.xpfm;xilinx_vck190_base_202220_1|C:/Xilinx/Vitis/2022.2/base_platforms/xilinx_vck190_base_202220_1/xilinx_vck190_base_202220_1.xpfm;xilinx_vck190_base_dfx_202220_1|C:/Xilinx/Vitis/2022.2/base_platforms/xilinx_vck190_base_dfx_202220_1/xilinx_vck190_base_dfx_202220_1.xpfm;xilinx_vmk180_base_202220_1|C:/Xilinx/Vitis/2022.2/base_platforms/xilinx_vmk180_base_202220_1/xilinx_vmk180_base_202220_1.xpfm;xilinx_zcu102_base_202220_1|C:/Xilinx/Vitis/2022.2/base_platforms/xilinx_zcu102_base_202220_1/xilinx_zcu102_base_202220_1.xpfm;xilinx_zcu102_base_dfx_202220_1|C:/Xilinx/Vitis/2022.2/base_platforms/xilinx_zcu102_base_dfx_202220_1/xilinx_zcu102_base_dfx_202220_1.xpfm;xilinx_zcu104_base_202220_1|C:/Xilinx/Vitis/2022.2/base_platforms/xilinx_zcu104_base_202220_1/xilinx_zcu104_base_202220_1.xpfm
06:41:47 INFO  : Checking for BSP changes to sync application flags for project 'hdmi_text_control'...
06:45:20 INFO  : Connected to target on host '127.0.0.1' and port '3121'.
06:45:20 INFO  : Jtag cable 'RealDigital Boo 88742923000AA' is selected.
06:45:20 INFO  : 'jtag frequency' command is executed.
06:45:20 INFO  : 'targets -set -filter {jtag_cable_name =~ "RealDigital Boo 88742923000AA" && level==0 && jtag_device_ctx=="jsn1-0362f093-0"}' command is executed.
06:45:22 INFO  : Device configured successfully with "C:/Users/user/OneDrive/Documents/ECE385/ECE385/lab7/workspace/hdmi_text_control/_ide/bitstream/mb_usb_hdmi_top.bit"
06:45:22 INFO  : Context for processor 'microblaze_0' is selected.
06:45:22 INFO  : Hardware design and registers information is loaded from 'C:/Users/user/OneDrive/Documents/ECE385/ECE385/lab7/workspace/mb_usb_hdmi_top/export/mb_usb_hdmi_top/hw/mb_usb_hdmi_top.xsa'.
06:45:22 INFO  : 'configparams mdm-detect-bscan-mask 2' command is executed.
06:45:22 INFO  : Context for processor 'microblaze_0' is selected.
06:45:22 INFO  : System reset is completed.
06:45:25 INFO  : 'after 3000' command is executed.
06:45:25 INFO  : Context for processor 'microblaze_0' is selected.
06:45:25 INFO  : The application 'C:/Users/user/OneDrive/Documents/ECE385/ECE385/lab7/workspace/hdmi_text_control/Debug/hdmi_text_control.elf' is downloaded to processor 'microblaze_0'.
06:45:25 INFO  : ----------------XSDB Script----------------
connect -url tcp:127.0.0.1:3121
targets -set -filter {jtag_cable_name =~ "RealDigital Boo 88742923000AA" && level==0 && jtag_device_ctx=="jsn1-0362f093-0"}
fpga -file C:/Users/user/OneDrive/Documents/ECE385/ECE385/lab7/workspace/hdmi_text_control/_ide/bitstream/mb_usb_hdmi_top.bit
targets -set -nocase -filter {name =~ "*microblaze*#0" && bscan=="USER2" }
loadhw -hw C:/Users/user/OneDrive/Documents/ECE385/ECE385/lab7/workspace/mb_usb_hdmi_top/export/mb_usb_hdmi_top/hw/mb_usb_hdmi_top.xsa -regs
configparams mdm-detect-bscan-mask 2
targets -set -nocase -filter {name =~ "*microblaze*#0" && bscan=="USER2" }
rst -system
after 3000
targets -set -nocase -filter {name =~ "*microblaze*#0" && bscan=="USER2" }
dow C:/Users/user/OneDrive/Documents/ECE385/ECE385/lab7/workspace/hdmi_text_control/Debug/hdmi_text_control.elf
----------------End of Script----------------

06:45:25 INFO  : Context for processor 'microblaze_0' is selected.
06:45:25 INFO  : 'con' command is executed.
06:45:25 INFO  : ----------------XSDB Script (After Launch)----------------
targets -set -nocase -filter {name =~ "*microblaze*#0" && bscan=="USER2" }
con
----------------End of Script----------------

06:45:25 INFO  : Disconnected from the channel tcfchan#2.
07:18:51 INFO  : Hardware specification for platform project 'mb_usb_hdmi_top' is updated.
07:20:09 INFO  : Result from executing command 'getProjects': mb_usb_hdmi_top
07:20:09 INFO  : Result from executing command 'getPlatforms': mb_usb_hdmi_top|C:/Users/user/OneDrive/Documents/ECE385/ECE385/lab7/workspace/mb_usb_hdmi_top/export/mb_usb_hdmi_top/mb_usb_hdmi_top.xpfm;xilinx_vck190_base_202220_1|C:/Xilinx/Vitis/2022.2/base_platforms/xilinx_vck190_base_202220_1/xilinx_vck190_base_202220_1.xpfm;xilinx_vck190_base_dfx_202220_1|C:/Xilinx/Vitis/2022.2/base_platforms/xilinx_vck190_base_dfx_202220_1/xilinx_vck190_base_dfx_202220_1.xpfm;xilinx_vmk180_base_202220_1|C:/Xilinx/Vitis/2022.2/base_platforms/xilinx_vmk180_base_202220_1/xilinx_vmk180_base_202220_1.xpfm;xilinx_zcu102_base_202220_1|C:/Xilinx/Vitis/2022.2/base_platforms/xilinx_zcu102_base_202220_1/xilinx_zcu102_base_202220_1.xpfm;xilinx_zcu102_base_dfx_202220_1|C:/Xilinx/Vitis/2022.2/base_platforms/xilinx_zcu102_base_dfx_202220_1/xilinx_zcu102_base_dfx_202220_1.xpfm;xilinx_zcu104_base_202220_1|C:/Xilinx/Vitis/2022.2/base_platforms/xilinx_zcu104_base_202220_1/xilinx_zcu104_base_202220_1.xpfm
07:20:25 INFO  : Connected to target on host '127.0.0.1' and port '3121'.
07:20:25 INFO  : Jtag cable 'RealDigital Boo 88742923000AA' is selected.
07:20:25 INFO  : 'jtag frequency' command is executed.
07:20:25 INFO  : 'targets -set -filter {jtag_cable_name =~ "RealDigital Boo 88742923000AA" && level==0 && jtag_device_ctx=="jsn1-0362f093-0"}' command is executed.
07:20:26 INFO  : Device configured successfully with "C:/Users/user/OneDrive/Documents/ECE385/ECE385/lab7/workspace/hdmi_text_control/_ide/bitstream/mb_usb_hdmi_top.bit"
07:20:27 INFO  : Context for processor 'microblaze_0' is selected.
07:20:27 INFO  : Hardware design and registers information is loaded from 'C:/Users/user/OneDrive/Documents/ECE385/ECE385/lab7/workspace/mb_usb_hdmi_top/export/mb_usb_hdmi_top/hw/mb_usb_hdmi_top.xsa'.
07:20:27 INFO  : 'configparams mdm-detect-bscan-mask 2' command is executed.
07:20:27 INFO  : Context for processor 'microblaze_0' is selected.
07:20:27 INFO  : System reset is completed.
07:20:30 INFO  : 'after 3000' command is executed.
07:20:30 INFO  : Context for processor 'microblaze_0' is selected.
07:20:30 INFO  : The application 'C:/Users/user/OneDrive/Documents/ECE385/ECE385/lab7/workspace/hdmi_text_control/Debug/hdmi_text_control.elf' is downloaded to processor 'microblaze_0'.
07:20:30 INFO  : ----------------XSDB Script----------------
connect -url tcp:127.0.0.1:3121
targets -set -filter {jtag_cable_name =~ "RealDigital Boo 88742923000AA" && level==0 && jtag_device_ctx=="jsn1-0362f093-0"}
fpga -file C:/Users/user/OneDrive/Documents/ECE385/ECE385/lab7/workspace/hdmi_text_control/_ide/bitstream/mb_usb_hdmi_top.bit
targets -set -nocase -filter {name =~ "*microblaze*#0" && bscan=="USER2" }
loadhw -hw C:/Users/user/OneDrive/Documents/ECE385/ECE385/lab7/workspace/mb_usb_hdmi_top/export/mb_usb_hdmi_top/hw/mb_usb_hdmi_top.xsa -regs
configparams mdm-detect-bscan-mask 2
targets -set -nocase -filter {name =~ "*microblaze*#0" && bscan=="USER2" }
rst -system
after 3000
targets -set -nocase -filter {name =~ "*microblaze*#0" && bscan=="USER2" }
dow C:/Users/user/OneDrive/Documents/ECE385/ECE385/lab7/workspace/hdmi_text_control/Debug/hdmi_text_control.elf
----------------End of Script----------------

07:20:30 INFO  : Context for processor 'microblaze_0' is selected.
07:20:30 INFO  : 'con' command is executed.
07:20:30 INFO  : ----------------XSDB Script (After Launch)----------------
targets -set -nocase -filter {name =~ "*microblaze*#0" && bscan=="USER2" }
con
----------------End of Script----------------

07:20:30 INFO  : Disconnected from the channel tcfchan#4.
07:21:07 INFO  : Connected to target on host '127.0.0.1' and port '3121'.
07:21:07 INFO  : Jtag cable 'RealDigital Boo 88742923000AA' is selected.
07:21:07 INFO  : 'jtag frequency' command is executed.
07:21:07 INFO  : 'targets -set -filter {jtag_cable_name =~ "RealDigital Boo 88742923000AA" && level==0 && jtag_device_ctx=="jsn1-0362f093-0"}' command is executed.
07:21:09 INFO  : Device configured successfully with "C:/Users/user/OneDrive/Documents/ECE385/ECE385/lab7/workspace/hdmi_text_control/_ide/bitstream/mb_usb_hdmi_top.bit"
07:21:09 INFO  : Context for processor 'microblaze_0' is selected.
07:21:09 INFO  : Hardware design and registers information is loaded from 'C:/Users/user/OneDrive/Documents/ECE385/ECE385/lab7/workspace/mb_usb_hdmi_top/export/mb_usb_hdmi_top/hw/mb_usb_hdmi_top.xsa'.
07:21:09 INFO  : 'configparams mdm-detect-bscan-mask 2' command is executed.
07:21:09 INFO  : Context for processor 'microblaze_0' is selected.
07:21:09 INFO  : System reset is completed.
07:21:12 INFO  : 'after 3000' command is executed.
07:21:12 INFO  : Context for processor 'microblaze_0' is selected.
07:21:12 INFO  : The application 'C:/Users/user/OneDrive/Documents/ECE385/ECE385/lab7/workspace/hdmi_text_control/Debug/hdmi_text_control.elf' is downloaded to processor 'microblaze_0'.
07:21:12 INFO  : ----------------XSDB Script----------------
connect -url tcp:127.0.0.1:3121
targets -set -filter {jtag_cable_name =~ "RealDigital Boo 88742923000AA" && level==0 && jtag_device_ctx=="jsn1-0362f093-0"}
fpga -file C:/Users/user/OneDrive/Documents/ECE385/ECE385/lab7/workspace/hdmi_text_control/_ide/bitstream/mb_usb_hdmi_top.bit
targets -set -nocase -filter {name =~ "*microblaze*#0" && bscan=="USER2" }
loadhw -hw C:/Users/user/OneDrive/Documents/ECE385/ECE385/lab7/workspace/mb_usb_hdmi_top/export/mb_usb_hdmi_top/hw/mb_usb_hdmi_top.xsa -regs
configparams mdm-detect-bscan-mask 2
targets -set -nocase -filter {name =~ "*microblaze*#0" && bscan=="USER2" }
rst -system
after 3000
targets -set -nocase -filter {name =~ "*microblaze*#0" && bscan=="USER2" }
dow C:/Users/user/OneDrive/Documents/ECE385/ECE385/lab7/workspace/hdmi_text_control/Debug/hdmi_text_control.elf
----------------End of Script----------------

07:21:12 INFO  : Context for processor 'microblaze_0' is selected.
07:21:12 INFO  : 'con' command is executed.
07:21:12 INFO  : ----------------XSDB Script (After Launch)----------------
targets -set -nocase -filter {name =~ "*microblaze*#0" && bscan=="USER2" }
con
----------------End of Script----------------

07:21:12 INFO  : Disconnected from the channel tcfchan#5.
07:21:30 INFO  : Connected to target on host '127.0.0.1' and port '3121'.
07:21:30 INFO  : Jtag cable 'RealDigital Boo 88742923000AA' is selected.
07:21:30 INFO  : 'jtag frequency' command is executed.
07:21:30 INFO  : 'targets -set -filter {jtag_cable_name =~ "RealDigital Boo 88742923000AA" && level==0 && jtag_device_ctx=="jsn1-0362f093-0"}' command is executed.
07:21:31 INFO  : Device configured successfully with "C:/Users/user/OneDrive/Documents/ECE385/ECE385/lab7/workspace/hdmi_text_control/_ide/bitstream/mb_usb_hdmi_top.bit"
07:21:32 INFO  : Context for processor 'microblaze_0' is selected.
07:21:32 INFO  : Hardware design and registers information is loaded from 'C:/Users/user/OneDrive/Documents/ECE385/ECE385/lab7/workspace/mb_usb_hdmi_top/export/mb_usb_hdmi_top/hw/mb_usb_hdmi_top.xsa'.
07:21:32 INFO  : 'configparams mdm-detect-bscan-mask 2' command is executed.
07:21:32 INFO  : Context for processor 'microblaze_0' is selected.
07:21:32 INFO  : System reset is completed.
07:21:35 INFO  : 'after 3000' command is executed.
07:21:35 INFO  : Context for processor 'microblaze_0' is selected.
07:21:35 INFO  : The application 'C:/Users/user/OneDrive/Documents/ECE385/ECE385/lab7/workspace/hdmi_text_control/Debug/hdmi_text_control.elf' is downloaded to processor 'microblaze_0'.
07:21:35 INFO  : ----------------XSDB Script----------------
connect -url tcp:127.0.0.1:3121
targets -set -filter {jtag_cable_name =~ "RealDigital Boo 88742923000AA" && level==0 && jtag_device_ctx=="jsn1-0362f093-0"}
fpga -file C:/Users/user/OneDrive/Documents/ECE385/ECE385/lab7/workspace/hdmi_text_control/_ide/bitstream/mb_usb_hdmi_top.bit
targets -set -nocase -filter {name =~ "*microblaze*#0" && bscan=="USER2" }
loadhw -hw C:/Users/user/OneDrive/Documents/ECE385/ECE385/lab7/workspace/mb_usb_hdmi_top/export/mb_usb_hdmi_top/hw/mb_usb_hdmi_top.xsa -regs
configparams mdm-detect-bscan-mask 2
targets -set -nocase -filter {name =~ "*microblaze*#0" && bscan=="USER2" }
rst -system
after 3000
targets -set -nocase -filter {name =~ "*microblaze*#0" && bscan=="USER2" }
dow C:/Users/user/OneDrive/Documents/ECE385/ECE385/lab7/workspace/hdmi_text_control/Debug/hdmi_text_control.elf
----------------End of Script----------------

07:21:35 INFO  : Context for processor 'microblaze_0' is selected.
07:21:35 INFO  : 'con' command is executed.
07:21:35 INFO  : ----------------XSDB Script (After Launch)----------------
targets -set -nocase -filter {name =~ "*microblaze*#0" && bscan=="USER2" }
con
----------------End of Script----------------

07:21:35 INFO  : Disconnected from the channel tcfchan#6.
07:23:52 INFO  : Result from executing command 'removePlatformRepo': 
07:24:38 INFO  : Hardware specification for platform project 'mb_usb_hdmi_top' is updated.
07:25:01 ERROR : Error from executing command 'removePlatformRepo': ERROR: No valid directory exists at given path.
07:26:29 INFO  : Result from executing command 'getProjects': mb_usb_hdmi_top
07:26:29 INFO  : Result from executing command 'getPlatforms': xilinx_vck190_base_202220_1|C:/Xilinx/Vitis/2022.2/base_platforms/xilinx_vck190_base_202220_1/xilinx_vck190_base_202220_1.xpfm;xilinx_vck190_base_dfx_202220_1|C:/Xilinx/Vitis/2022.2/base_platforms/xilinx_vck190_base_dfx_202220_1/xilinx_vck190_base_dfx_202220_1.xpfm;xilinx_vmk180_base_202220_1|C:/Xilinx/Vitis/2022.2/base_platforms/xilinx_vmk180_base_202220_1/xilinx_vmk180_base_202220_1.xpfm;xilinx_zcu102_base_202220_1|C:/Xilinx/Vitis/2022.2/base_platforms/xilinx_zcu102_base_202220_1/xilinx_zcu102_base_202220_1.xpfm;xilinx_zcu102_base_dfx_202220_1|C:/Xilinx/Vitis/2022.2/base_platforms/xilinx_zcu102_base_dfx_202220_1/xilinx_zcu102_base_dfx_202220_1.xpfm;xilinx_zcu104_base_202220_1|C:/Xilinx/Vitis/2022.2/base_platforms/xilinx_zcu104_base_202220_1/xilinx_zcu104_base_202220_1.xpfm
07:27:45 INFO  : Checking for BSP changes to sync application flags for project 'hdmi_text_control'...
07:28:33 INFO  : Connected to target on host '127.0.0.1' and port '3121'.
07:28:33 INFO  : Jtag cable 'RealDigital Boo 88742923000AA' is selected.
07:28:33 INFO  : 'jtag frequency' command is executed.
07:28:33 INFO  : 'targets -set -filter {jtag_cable_name =~ "RealDigital Boo 88742923000AA" && level==0 && jtag_device_ctx=="jsn1-0362f093-0"}' command is executed.
07:28:35 INFO  : Device configured successfully with "C:/Users/user/OneDrive/Documents/ECE385/ECE385/lab7/workspace/hdmi_text_control/_ide/bitstream/mb_usb_hdmi_top.bit"
07:28:35 INFO  : Context for processor 'microblaze_0' is selected.
07:28:35 INFO  : Hardware design and registers information is loaded from 'C:/Users/user/OneDrive/Documents/ECE385/ECE385/lab7/workspace/mb_usb_hdmi_top/export/mb_usb_hdmi_top/hw/mb_usb_hdmi_top.xsa'.
07:28:35 INFO  : 'configparams mdm-detect-bscan-mask 2' command is executed.
07:28:35 INFO  : Context for processor 'microblaze_0' is selected.
07:28:35 INFO  : System reset is completed.
07:28:38 INFO  : 'after 3000' command is executed.
07:28:38 INFO  : Context for processor 'microblaze_0' is selected.
07:28:38 INFO  : The application 'C:/Users/user/OneDrive/Documents/ECE385/ECE385/lab7/workspace/hdmi_text_control/Debug/hdmi_text_control.elf' is downloaded to processor 'microblaze_0'.
07:28:38 INFO  : ----------------XSDB Script----------------
connect -url tcp:127.0.0.1:3121
targets -set -filter {jtag_cable_name =~ "RealDigital Boo 88742923000AA" && level==0 && jtag_device_ctx=="jsn1-0362f093-0"}
fpga -file C:/Users/user/OneDrive/Documents/ECE385/ECE385/lab7/workspace/hdmi_text_control/_ide/bitstream/mb_usb_hdmi_top.bit
targets -set -nocase -filter {name =~ "*microblaze*#0" && bscan=="USER2" }
loadhw -hw C:/Users/user/OneDrive/Documents/ECE385/ECE385/lab7/workspace/mb_usb_hdmi_top/export/mb_usb_hdmi_top/hw/mb_usb_hdmi_top.xsa -regs
configparams mdm-detect-bscan-mask 2
targets -set -nocase -filter {name =~ "*microblaze*#0" && bscan=="USER2" }
rst -system
after 3000
targets -set -nocase -filter {name =~ "*microblaze*#0" && bscan=="USER2" }
dow C:/Users/user/OneDrive/Documents/ECE385/ECE385/lab7/workspace/hdmi_text_control/Debug/hdmi_text_control.elf
----------------End of Script----------------

07:28:38 INFO  : Context for processor 'microblaze_0' is selected.
07:28:38 INFO  : 'con' command is executed.
07:28:38 INFO  : ----------------XSDB Script (After Launch)----------------
targets -set -nocase -filter {name =~ "*microblaze*#0" && bscan=="USER2" }
con
----------------End of Script----------------

07:28:38 INFO  : Disconnected from the channel tcfchan#10.
18:14:20 DEBUG : Logs will be stored at 'C:/Users/user/OneDrive/Documents/ECE385/ECE385/lab7/workspace/IDE.log'.
18:14:20 INFO  : Launching XSCT server: xsct.bat -n  -interactive C:\Users\user\OneDrive\Documents\ECE385\ECE385\lab7\workspace\temp_xsdb_launch_script.tcl
18:14:24 INFO  : XSCT server has started successfully.
18:14:24 INFO  : plnx-install-location is set to ''
18:14:24 INFO  : Successfully done setting XSCT server connection channel  
18:14:24 INFO  : Successfully done setting workspace for the tool. 
18:14:24 INFO  : Registering command handlers for Vitis TCF services
18:14:25 INFO  : Successfully done query RDI_DATADIR 
18:14:26 INFO  : Platform repository initialization has completed.
18:14:44 INFO  : Result from executing command 'removePlatformRepo': 
18:15:32 INFO  : Hardware specification for platform project 'mb_usb_hdmi_top' is updated.
18:15:42 ERROR : Error from executing command 'removePlatformRepo': ERROR: No valid directory exists at given path.
18:16:01 INFO  : Result from executing command 'getProjects': mb_usb_hdmi_top
18:16:01 INFO  : Result from executing command 'getPlatforms': xilinx_vck190_base_202220_1|C:/Xilinx/Vitis/2022.2/base_platforms/xilinx_vck190_base_202220_1/xilinx_vck190_base_202220_1.xpfm;xilinx_vck190_base_dfx_202220_1|C:/Xilinx/Vitis/2022.2/base_platforms/xilinx_vck190_base_dfx_202220_1/xilinx_vck190_base_dfx_202220_1.xpfm;xilinx_vmk180_base_202220_1|C:/Xilinx/Vitis/2022.2/base_platforms/xilinx_vmk180_base_202220_1/xilinx_vmk180_base_202220_1.xpfm;xilinx_zcu102_base_202220_1|C:/Xilinx/Vitis/2022.2/base_platforms/xilinx_zcu102_base_202220_1/xilinx_zcu102_base_202220_1.xpfm;xilinx_zcu102_base_dfx_202220_1|C:/Xilinx/Vitis/2022.2/base_platforms/xilinx_zcu102_base_dfx_202220_1/xilinx_zcu102_base_dfx_202220_1.xpfm;xilinx_zcu104_base_202220_1|C:/Xilinx/Vitis/2022.2/base_platforms/xilinx_zcu104_base_202220_1/xilinx_zcu104_base_202220_1.xpfm
18:19:51 INFO  : Checking for BSP changes to sync application flags for project 'hdmi_text_control'...
18:19:54 INFO  : The hardware specification used by project 'hdmi_text_control' is out of sync with the platform. Resource files extracted from the hardware specification will be updated.
18:19:54 INFO  : The file 'C:\Users\user\OneDrive\Documents\ECE385\ECE385\lab7\workspace\hdmi_text_control\_ide\bitstream\mb_usb_hdmi_top.bit' stored in project is removed.
18:19:54 INFO  : The file 'C:\Users\user\OneDrive\Documents\ECE385\ECE385\lab7\workspace\hdmi_text_control\_ide\bitstream\mb_usb_hdmi_top.mmi' stored in project is removed.
18:19:54 INFO  : The updated bitstream files are copied from platform to folder 'C:\Users\user\OneDrive\Documents\ECE385\ECE385\lab7\workspace\hdmi_text_control\_ide\bitstream' in project 'hdmi_text_control'.
18:20:22 INFO  : Connected to target on host '127.0.0.1' and port '3121'.
18:20:23 INFO  : Jtag cable 'RealDigital Boo 8874292302C0A' is selected.
18:20:23 INFO  : 'jtag frequency' command is executed.
18:20:23 INFO  : 'targets -set -filter {jtag_cable_name =~ "RealDigital Boo 8874292302C0A" && level==0 && jtag_device_ctx=="jsn1-0362f093-0"}' command is executed.
18:20:24 INFO  : Device configured successfully with "C:/Users/user/OneDrive/Documents/ECE385/ECE385/lab7/workspace/hdmi_text_control/_ide/bitstream/mb_usb_hdmi_top.bit"
18:20:24 INFO  : Context for processor 'microblaze_0' is selected.
18:20:24 INFO  : Hardware design and registers information is loaded from 'C:/Users/user/OneDrive/Documents/ECE385/ECE385/lab7/workspace/mb_usb_hdmi_top/export/mb_usb_hdmi_top/hw/mb_usb_hdmi_top.xsa'.
18:20:24 INFO  : 'configparams mdm-detect-bscan-mask 2' command is executed.
18:20:24 INFO  : Context for processor 'microblaze_0' is selected.
18:20:24 INFO  : System reset is completed.
18:20:27 INFO  : 'after 3000' command is executed.
18:20:27 INFO  : Context for processor 'microblaze_0' is selected.
18:20:28 INFO  : The application 'C:/Users/user/OneDrive/Documents/ECE385/ECE385/lab7/workspace/hdmi_text_control/Debug/hdmi_text_control.elf' is downloaded to processor 'microblaze_0'.
18:20:28 INFO  : ----------------XSDB Script----------------
connect -url tcp:127.0.0.1:3121
targets -set -filter {jtag_cable_name =~ "RealDigital Boo 8874292302C0A" && level==0 && jtag_device_ctx=="jsn1-0362f093-0"}
fpga -file C:/Users/user/OneDrive/Documents/ECE385/ECE385/lab7/workspace/hdmi_text_control/_ide/bitstream/mb_usb_hdmi_top.bit
targets -set -nocase -filter {name =~ "*microblaze*#0" && bscan=="USER2" }
loadhw -hw C:/Users/user/OneDrive/Documents/ECE385/ECE385/lab7/workspace/mb_usb_hdmi_top/export/mb_usb_hdmi_top/hw/mb_usb_hdmi_top.xsa -regs
configparams mdm-detect-bscan-mask 2
targets -set -nocase -filter {name =~ "*microblaze*#0" && bscan=="USER2" }
rst -system
after 3000
targets -set -nocase -filter {name =~ "*microblaze*#0" && bscan=="USER2" }
dow C:/Users/user/OneDrive/Documents/ECE385/ECE385/lab7/workspace/hdmi_text_control/Debug/hdmi_text_control.elf
----------------End of Script----------------

18:20:28 INFO  : Context for processor 'microblaze_0' is selected.
18:20:28 INFO  : 'con' command is executed.
18:20:28 INFO  : ----------------XSDB Script (After Launch)----------------
targets -set -nocase -filter {name =~ "*microblaze*#0" && bscan=="USER2" }
con
----------------End of Script----------------

18:20:28 INFO  : Disconnected from the channel tcfchan#4.
18:20:56 INFO  : Result from executing command 'removePlatformRepo': 
18:21:02 INFO  : Result from executing command 'getProjects': mb_usb_hdmi_top
18:21:02 INFO  : Result from executing command 'getPlatforms': xilinx_vck190_base_202220_1|C:/Xilinx/Vitis/2022.2/base_platforms/xilinx_vck190_base_202220_1/xilinx_vck190_base_202220_1.xpfm;xilinx_vck190_base_dfx_202220_1|C:/Xilinx/Vitis/2022.2/base_platforms/xilinx_vck190_base_dfx_202220_1/xilinx_vck190_base_dfx_202220_1.xpfm;xilinx_vmk180_base_202220_1|C:/Xilinx/Vitis/2022.2/base_platforms/xilinx_vmk180_base_202220_1/xilinx_vmk180_base_202220_1.xpfm;xilinx_zcu102_base_202220_1|C:/Xilinx/Vitis/2022.2/base_platforms/xilinx_zcu102_base_202220_1/xilinx_zcu102_base_202220_1.xpfm;xilinx_zcu102_base_dfx_202220_1|C:/Xilinx/Vitis/2022.2/base_platforms/xilinx_zcu102_base_dfx_202220_1/xilinx_zcu102_base_dfx_202220_1.xpfm;xilinx_zcu104_base_202220_1|C:/Xilinx/Vitis/2022.2/base_platforms/xilinx_zcu104_base_202220_1/xilinx_zcu104_base_202220_1.xpfm
18:21:03 INFO  : Checking for BSP changes to sync application flags for project 'hdmi_text_control'...
18:21:18 INFO  : Connected to target on host '127.0.0.1' and port '3121'.
18:21:18 INFO  : Jtag cable 'RealDigital Boo 8874292302C0A' is selected.
18:21:18 INFO  : 'jtag frequency' command is executed.
18:21:19 INFO  : 'targets -set -filter {jtag_cable_name =~ "RealDigital Boo 8874292302C0A" && level==0 && jtag_device_ctx=="jsn1-0362f093-0"}' command is executed.
18:21:20 INFO  : Device configured successfully with "C:/Users/user/OneDrive/Documents/ECE385/ECE385/lab7/workspace/hdmi_text_control/_ide/bitstream/mb_usb_hdmi_top.bit"
18:21:20 INFO  : Context for processor 'microblaze_0' is selected.
18:21:20 INFO  : Hardware design and registers information is loaded from 'C:/Users/user/OneDrive/Documents/ECE385/ECE385/lab7/workspace/mb_usb_hdmi_top/export/mb_usb_hdmi_top/hw/mb_usb_hdmi_top.xsa'.
18:21:20 INFO  : 'configparams mdm-detect-bscan-mask 2' command is executed.
18:21:20 INFO  : Context for processor 'microblaze_0' is selected.
18:21:20 INFO  : System reset is completed.
18:21:23 INFO  : 'after 3000' command is executed.
18:21:23 INFO  : Context for processor 'microblaze_0' is selected.
18:21:24 INFO  : The application 'C:/Users/user/OneDrive/Documents/ECE385/ECE385/lab7/workspace/hdmi_text_control/Debug/hdmi_text_control.elf' is downloaded to processor 'microblaze_0'.
18:21:24 INFO  : ----------------XSDB Script----------------
connect -url tcp:127.0.0.1:3121
targets -set -filter {jtag_cable_name =~ "RealDigital Boo 8874292302C0A" && level==0 && jtag_device_ctx=="jsn1-0362f093-0"}
fpga -file C:/Users/user/OneDrive/Documents/ECE385/ECE385/lab7/workspace/hdmi_text_control/_ide/bitstream/mb_usb_hdmi_top.bit
targets -set -nocase -filter {name =~ "*microblaze*#0" && bscan=="USER2" }
loadhw -hw C:/Users/user/OneDrive/Documents/ECE385/ECE385/lab7/workspace/mb_usb_hdmi_top/export/mb_usb_hdmi_top/hw/mb_usb_hdmi_top.xsa -regs
configparams mdm-detect-bscan-mask 2
targets -set -nocase -filter {name =~ "*microblaze*#0" && bscan=="USER2" }
rst -system
after 3000
targets -set -nocase -filter {name =~ "*microblaze*#0" && bscan=="USER2" }
dow C:/Users/user/OneDrive/Documents/ECE385/ECE385/lab7/workspace/hdmi_text_control/Debug/hdmi_text_control.elf
----------------End of Script----------------

18:21:24 INFO  : Context for processor 'microblaze_0' is selected.
18:21:24 INFO  : 'con' command is executed.
18:21:24 INFO  : ----------------XSDB Script (After Launch)----------------
targets -set -nocase -filter {name =~ "*microblaze*#0" && bscan=="USER2" }
con
----------------End of Script----------------

18:21:24 INFO  : Disconnected from the channel tcfchan#7.
18:26:45 INFO  : Connected to target on host '127.0.0.1' and port '3121'.
18:26:45 INFO  : Jtag cable 'RealDigital Boo 8874292302C0A' is selected.
18:26:45 INFO  : 'jtag frequency' command is executed.
18:26:45 INFO  : 'targets -set -filter {jtag_cable_name =~ "RealDigital Boo 8874292302C0A" && level==0 && jtag_device_ctx=="jsn1-0362f093-0"}' command is executed.
18:26:47 INFO  : Device configured successfully with "C:/Users/user/OneDrive/Documents/ECE385/ECE385/lab7/workspace/hdmi_text_control/_ide/bitstream/mb_usb_hdmi_top.bit"
18:26:47 INFO  : Context for processor 'microblaze_0' is selected.
18:26:47 INFO  : Hardware design and registers information is loaded from 'C:/Users/user/OneDrive/Documents/ECE385/ECE385/lab7/workspace/mb_usb_hdmi_top/export/mb_usb_hdmi_top/hw/mb_usb_hdmi_top.xsa'.
18:26:47 INFO  : 'configparams mdm-detect-bscan-mask 2' command is executed.
18:26:47 INFO  : Context for processor 'microblaze_0' is selected.
18:26:47 INFO  : System reset is completed.
18:26:50 INFO  : 'after 3000' command is executed.
18:26:50 INFO  : Context for processor 'microblaze_0' is selected.
18:26:50 INFO  : The application 'C:/Users/user/OneDrive/Documents/ECE385/ECE385/lab7/workspace/hdmi_text_control/Debug/hdmi_text_control.elf' is downloaded to processor 'microblaze_0'.
18:26:50 INFO  : ----------------XSDB Script----------------
connect -url tcp:127.0.0.1:3121
targets -set -filter {jtag_cable_name =~ "RealDigital Boo 8874292302C0A" && level==0 && jtag_device_ctx=="jsn1-0362f093-0"}
fpga -file C:/Users/user/OneDrive/Documents/ECE385/ECE385/lab7/workspace/hdmi_text_control/_ide/bitstream/mb_usb_hdmi_top.bit
targets -set -nocase -filter {name =~ "*microblaze*#0" && bscan=="USER2" }
loadhw -hw C:/Users/user/OneDrive/Documents/ECE385/ECE385/lab7/workspace/mb_usb_hdmi_top/export/mb_usb_hdmi_top/hw/mb_usb_hdmi_top.xsa -regs
configparams mdm-detect-bscan-mask 2
targets -set -nocase -filter {name =~ "*microblaze*#0" && bscan=="USER2" }
rst -system
after 3000
targets -set -nocase -filter {name =~ "*microblaze*#0" && bscan=="USER2" }
dow C:/Users/user/OneDrive/Documents/ECE385/ECE385/lab7/workspace/hdmi_text_control/Debug/hdmi_text_control.elf
----------------End of Script----------------

18:26:50 INFO  : Context for processor 'microblaze_0' is selected.
18:26:50 INFO  : 'con' command is executed.
18:26:50 INFO  : ----------------XSDB Script (After Launch)----------------
targets -set -nocase -filter {name =~ "*microblaze*#0" && bscan=="USER2" }
con
----------------End of Script----------------

18:26:50 INFO  : Disconnected from the channel tcfchan#8.
18:27:21 INFO  : Connected to target on host '127.0.0.1' and port '3121'.
18:27:21 INFO  : Jtag cable 'RealDigital Boo 8874292302C0A' is selected.
18:27:21 INFO  : 'jtag frequency' command is executed.
18:27:21 INFO  : 'targets -set -filter {jtag_cable_name =~ "RealDigital Boo 8874292302C0A" && level==0 && jtag_device_ctx=="jsn1-0362f093-0"}' command is executed.
18:27:22 INFO  : Device configured successfully with "C:/Users/user/OneDrive/Documents/ECE385/ECE385/lab7/workspace/hdmi_text_control/_ide/bitstream/mb_usb_hdmi_top.bit"
18:27:23 INFO  : Context for processor 'microblaze_0' is selected.
18:27:23 INFO  : Hardware design and registers information is loaded from 'C:/Users/user/OneDrive/Documents/ECE385/ECE385/lab7/workspace/mb_usb_hdmi_top/export/mb_usb_hdmi_top/hw/mb_usb_hdmi_top.xsa'.
18:27:23 INFO  : 'configparams mdm-detect-bscan-mask 2' command is executed.
18:27:23 INFO  : Context for processor 'microblaze_0' is selected.
18:27:23 INFO  : System reset is completed.
18:27:26 INFO  : 'after 3000' command is executed.
18:27:26 INFO  : Context for processor 'microblaze_0' is selected.
18:27:26 INFO  : The application 'C:/Users/user/OneDrive/Documents/ECE385/ECE385/lab7/workspace/hdmi_text_control/Debug/hdmi_text_control.elf' is downloaded to processor 'microblaze_0'.
18:27:26 INFO  : ----------------XSDB Script----------------
connect -url tcp:127.0.0.1:3121
targets -set -filter {jtag_cable_name =~ "RealDigital Boo 8874292302C0A" && level==0 && jtag_device_ctx=="jsn1-0362f093-0"}
fpga -file C:/Users/user/OneDrive/Documents/ECE385/ECE385/lab7/workspace/hdmi_text_control/_ide/bitstream/mb_usb_hdmi_top.bit
targets -set -nocase -filter {name =~ "*microblaze*#0" && bscan=="USER2" }
loadhw -hw C:/Users/user/OneDrive/Documents/ECE385/ECE385/lab7/workspace/mb_usb_hdmi_top/export/mb_usb_hdmi_top/hw/mb_usb_hdmi_top.xsa -regs
configparams mdm-detect-bscan-mask 2
targets -set -nocase -filter {name =~ "*microblaze*#0" && bscan=="USER2" }
rst -system
after 3000
targets -set -nocase -filter {name =~ "*microblaze*#0" && bscan=="USER2" }
dow C:/Users/user/OneDrive/Documents/ECE385/ECE385/lab7/workspace/hdmi_text_control/Debug/hdmi_text_control.elf
----------------End of Script----------------

18:27:26 INFO  : Context for processor 'microblaze_0' is selected.
18:27:26 INFO  : 'con' command is executed.
18:27:26 INFO  : ----------------XSDB Script (After Launch)----------------
targets -set -nocase -filter {name =~ "*microblaze*#0" && bscan=="USER2" }
con
----------------End of Script----------------

18:27:26 INFO  : Disconnected from the channel tcfchan#9.
18:35:55 INFO  : Result from executing command 'removePlatformRepo': 
18:36:03 INFO  : Result from executing command 'getProjects': mb_usb_hdmi_top
18:36:03 INFO  : Result from executing command 'getPlatforms': xilinx_vck190_base_202220_1|C:/Xilinx/Vitis/2022.2/base_platforms/xilinx_vck190_base_202220_1/xilinx_vck190_base_202220_1.xpfm;xilinx_vck190_base_dfx_202220_1|C:/Xilinx/Vitis/2022.2/base_platforms/xilinx_vck190_base_dfx_202220_1/xilinx_vck190_base_dfx_202220_1.xpfm;xilinx_vmk180_base_202220_1|C:/Xilinx/Vitis/2022.2/base_platforms/xilinx_vmk180_base_202220_1/xilinx_vmk180_base_202220_1.xpfm;xilinx_zcu102_base_202220_1|C:/Xilinx/Vitis/2022.2/base_platforms/xilinx_zcu102_base_202220_1/xilinx_zcu102_base_202220_1.xpfm;xilinx_zcu102_base_dfx_202220_1|C:/Xilinx/Vitis/2022.2/base_platforms/xilinx_zcu102_base_dfx_202220_1/xilinx_zcu102_base_dfx_202220_1.xpfm;xilinx_zcu104_base_202220_1|C:/Xilinx/Vitis/2022.2/base_platforms/xilinx_zcu104_base_202220_1/xilinx_zcu104_base_202220_1.xpfm
18:36:04 INFO  : Checking for BSP changes to sync application flags for project 'hdmi_text_control'...
18:36:49 INFO  : Result from executing command 'removePlatformRepo': 
18:36:56 INFO  : Result from executing command 'getProjects': mb_usb_hdmi_top
18:36:56 INFO  : Result from executing command 'getPlatforms': xilinx_vck190_base_202220_1|C:/Xilinx/Vitis/2022.2/base_platforms/xilinx_vck190_base_202220_1/xilinx_vck190_base_202220_1.xpfm;xilinx_vck190_base_dfx_202220_1|C:/Xilinx/Vitis/2022.2/base_platforms/xilinx_vck190_base_dfx_202220_1/xilinx_vck190_base_dfx_202220_1.xpfm;xilinx_vmk180_base_202220_1|C:/Xilinx/Vitis/2022.2/base_platforms/xilinx_vmk180_base_202220_1/xilinx_vmk180_base_202220_1.xpfm;xilinx_zcu102_base_202220_1|C:/Xilinx/Vitis/2022.2/base_platforms/xilinx_zcu102_base_202220_1/xilinx_zcu102_base_202220_1.xpfm;xilinx_zcu102_base_dfx_202220_1|C:/Xilinx/Vitis/2022.2/base_platforms/xilinx_zcu102_base_dfx_202220_1/xilinx_zcu102_base_dfx_202220_1.xpfm;xilinx_zcu104_base_202220_1|C:/Xilinx/Vitis/2022.2/base_platforms/xilinx_zcu104_base_202220_1/xilinx_zcu104_base_202220_1.xpfm
18:36:57 INFO  : Checking for BSP changes to sync application flags for project 'hdmi_text_control'...
18:37:15 INFO  : Connected to target on host '127.0.0.1' and port '3121'.
18:37:15 INFO  : Jtag cable 'RealDigital Boo 8874292302C0A' is selected.
18:37:15 INFO  : 'jtag frequency' command is executed.
18:37:15 INFO  : 'targets -set -filter {jtag_cable_name =~ "RealDigital Boo 8874292302C0A" && level==0 && jtag_device_ctx=="jsn1-0362f093-0"}' command is executed.
18:37:16 INFO  : Device configured successfully with "C:/Users/user/OneDrive/Documents/ECE385/ECE385/lab7/workspace/hdmi_text_control/_ide/bitstream/mb_usb_hdmi_top.bit"
18:37:16 INFO  : Context for processor 'microblaze_0' is selected.
18:37:16 INFO  : Hardware design and registers information is loaded from 'C:/Users/user/OneDrive/Documents/ECE385/ECE385/lab7/workspace/mb_usb_hdmi_top/export/mb_usb_hdmi_top/hw/mb_usb_hdmi_top.xsa'.
18:37:16 INFO  : 'configparams mdm-detect-bscan-mask 2' command is executed.
18:37:16 INFO  : Context for processor 'microblaze_0' is selected.
18:37:16 INFO  : System reset is completed.
18:37:19 INFO  : 'after 3000' command is executed.
18:37:19 INFO  : Context for processor 'microblaze_0' is selected.
18:37:20 INFO  : The application 'C:/Users/user/OneDrive/Documents/ECE385/ECE385/lab7/workspace/hdmi_text_control/Debug/hdmi_text_control.elf' is downloaded to processor 'microblaze_0'.
18:37:20 INFO  : ----------------XSDB Script----------------
connect -url tcp:127.0.0.1:3121
targets -set -filter {jtag_cable_name =~ "RealDigital Boo 8874292302C0A" && level==0 && jtag_device_ctx=="jsn1-0362f093-0"}
fpga -file C:/Users/user/OneDrive/Documents/ECE385/ECE385/lab7/workspace/hdmi_text_control/_ide/bitstream/mb_usb_hdmi_top.bit
targets -set -nocase -filter {name =~ "*microblaze*#0" && bscan=="USER2" }
loadhw -hw C:/Users/user/OneDrive/Documents/ECE385/ECE385/lab7/workspace/mb_usb_hdmi_top/export/mb_usb_hdmi_top/hw/mb_usb_hdmi_top.xsa -regs
configparams mdm-detect-bscan-mask 2
targets -set -nocase -filter {name =~ "*microblaze*#0" && bscan=="USER2" }
rst -system
after 3000
targets -set -nocase -filter {name =~ "*microblaze*#0" && bscan=="USER2" }
dow C:/Users/user/OneDrive/Documents/ECE385/ECE385/lab7/workspace/hdmi_text_control/Debug/hdmi_text_control.elf
----------------End of Script----------------

18:37:20 INFO  : Context for processor 'microblaze_0' is selected.
18:37:20 INFO  : 'con' command is executed.
18:37:20 INFO  : ----------------XSDB Script (After Launch)----------------
targets -set -nocase -filter {name =~ "*microblaze*#0" && bscan=="USER2" }
con
----------------End of Script----------------

18:37:20 INFO  : Disconnected from the channel tcfchan#14.
16:08:01 DEBUG : Logs will be stored at 'C:/Users/user/OneDrive/Documents/ECE385/ECE385/lab7/workspace/IDE.log'.
16:08:02 INFO  : Launching XSCT server: xsct.bat -n  -interactive C:\Users\user\OneDrive\Documents\ECE385\ECE385\lab7\workspace\temp_xsdb_launch_script.tcl
16:08:05 INFO  : XSCT server has started successfully.
16:08:05 INFO  : plnx-install-location is set to ''
16:08:05 INFO  : Successfully done setting XSCT server connection channel  
16:08:05 INFO  : Successfully done setting workspace for the tool. 
16:08:06 INFO  : Registering command handlers for Vitis TCF services
16:08:07 INFO  : Successfully done query RDI_DATADIR 
16:08:08 INFO  : Platform repository initialization has completed.
16:08:16 INFO  : Hardware specification for platform project 'mb_usb_hdmi_top' is updated.
16:08:27 INFO  : Result from executing command 'removePlatformRepo': 
16:08:38 INFO  : Result from executing command 'getProjects': mb_usb_hdmi_top
16:08:38 INFO  : Result from executing command 'getPlatforms': xilinx_vck190_base_202220_1|C:/Xilinx/Vitis/2022.2/base_platforms/xilinx_vck190_base_202220_1/xilinx_vck190_base_202220_1.xpfm;xilinx_vck190_base_dfx_202220_1|C:/Xilinx/Vitis/2022.2/base_platforms/xilinx_vck190_base_dfx_202220_1/xilinx_vck190_base_dfx_202220_1.xpfm;xilinx_vmk180_base_202220_1|C:/Xilinx/Vitis/2022.2/base_platforms/xilinx_vmk180_base_202220_1/xilinx_vmk180_base_202220_1.xpfm;xilinx_zcu102_base_202220_1|C:/Xilinx/Vitis/2022.2/base_platforms/xilinx_zcu102_base_202220_1/xilinx_zcu102_base_202220_1.xpfm;xilinx_zcu102_base_dfx_202220_1|C:/Xilinx/Vitis/2022.2/base_platforms/xilinx_zcu102_base_dfx_202220_1/xilinx_zcu102_base_dfx_202220_1.xpfm;xilinx_zcu104_base_202220_1|C:/Xilinx/Vitis/2022.2/base_platforms/xilinx_zcu104_base_202220_1/xilinx_zcu104_base_202220_1.xpfm
16:08:40 INFO  : Checking for BSP changes to sync application flags for project 'hdmi_text_control'...
16:08:53 INFO  : Connected to target on host '127.0.0.1' and port '3121'.
16:08:53 INFO  : Jtag cable 'RealDigital Boo 8874292302C0A' is selected.
16:08:53 INFO  : 'jtag frequency' command is executed.
16:08:53 INFO  : 'targets -set -filter {jtag_cable_name =~ "RealDigital Boo 8874292302C0A" && level==0 && jtag_device_ctx=="jsn1-0362f093-0"}' command is executed.
16:08:55 INFO  : Device configured successfully with "C:/Users/user/OneDrive/Documents/ECE385/ECE385/lab7/workspace/hdmi_text_control/_ide/bitstream/mb_usb_hdmi_top.bit"
16:08:55 INFO  : Context for processor 'microblaze_0' is selected.
16:08:55 INFO  : Hardware design and registers information is loaded from 'C:/Users/user/OneDrive/Documents/ECE385/ECE385/lab7/workspace/mb_usb_hdmi_top/export/mb_usb_hdmi_top/hw/mb_usb_hdmi_top.xsa'.
16:08:55 INFO  : 'configparams mdm-detect-bscan-mask 2' command is executed.
16:08:55 INFO  : Context for processor 'microblaze_0' is selected.
16:08:55 INFO  : System reset is completed.
16:08:58 INFO  : 'after 3000' command is executed.
16:08:58 INFO  : Context for processor 'microblaze_0' is selected.
16:08:58 INFO  : The application 'C:/Users/user/OneDrive/Documents/ECE385/ECE385/lab7/workspace/hdmi_text_control/Debug/hdmi_text_control.elf' is downloaded to processor 'microblaze_0'.
16:08:58 INFO  : ----------------XSDB Script----------------
connect -url tcp:127.0.0.1:3121
targets -set -filter {jtag_cable_name =~ "RealDigital Boo 8874292302C0A" && level==0 && jtag_device_ctx=="jsn1-0362f093-0"}
fpga -file C:/Users/user/OneDrive/Documents/ECE385/ECE385/lab7/workspace/hdmi_text_control/_ide/bitstream/mb_usb_hdmi_top.bit
targets -set -nocase -filter {name =~ "*microblaze*#0" && bscan=="USER2" }
loadhw -hw C:/Users/user/OneDrive/Documents/ECE385/ECE385/lab7/workspace/mb_usb_hdmi_top/export/mb_usb_hdmi_top/hw/mb_usb_hdmi_top.xsa -regs
configparams mdm-detect-bscan-mask 2
targets -set -nocase -filter {name =~ "*microblaze*#0" && bscan=="USER2" }
rst -system
after 3000
targets -set -nocase -filter {name =~ "*microblaze*#0" && bscan=="USER2" }
dow C:/Users/user/OneDrive/Documents/ECE385/ECE385/lab7/workspace/hdmi_text_control/Debug/hdmi_text_control.elf
----------------End of Script----------------

16:08:58 INFO  : Context for processor 'microblaze_0' is selected.
16:08:58 INFO  : 'con' command is executed.
16:08:58 INFO  : ----------------XSDB Script (After Launch)----------------
targets -set -nocase -filter {name =~ "*microblaze*#0" && bscan=="USER2" }
con
----------------End of Script----------------

16:08:58 INFO  : Disconnected from the channel tcfchan#3.
23:27:25 DEBUG : Logs will be stored at 'C:/Users/user/OneDrive/Documents/ECE385/ECE385/lab7/workspace/IDE.log'.
23:27:25 INFO  : Launching XSCT server: xsct.bat -n  -interactive C:\Users\user\OneDrive\Documents\ECE385\ECE385\lab7\workspace\temp_xsdb_launch_script.tcl
23:27:34 INFO  : XSCT server has started successfully.
23:27:34 INFO  : plnx-install-location is set to ''
23:27:34 INFO  : Successfully done setting XSCT server connection channel  
23:27:34 INFO  : Successfully done setting workspace for the tool. 
23:27:34 INFO  : Registering command handlers for Vitis TCF services
23:27:36 INFO  : Successfully done query RDI_DATADIR 
23:27:36 INFO  : Platform repository initialization has completed.
23:28:01 INFO  : Result from executing command 'removePlatformRepo': 
23:28:21 INFO  : Result from executing command 'getProjects': mb_usb_hdmi_top
23:28:22 INFO  : Result from executing command 'getPlatforms': xilinx_vck190_base_202220_1|C:/Xilinx/Vitis/2022.2/base_platforms/xilinx_vck190_base_202220_1/xilinx_vck190_base_202220_1.xpfm;xilinx_vck190_base_dfx_202220_1|C:/Xilinx/Vitis/2022.2/base_platforms/xilinx_vck190_base_dfx_202220_1/xilinx_vck190_base_dfx_202220_1.xpfm;xilinx_vmk180_base_202220_1|C:/Xilinx/Vitis/2022.2/base_platforms/xilinx_vmk180_base_202220_1/xilinx_vmk180_base_202220_1.xpfm;xilinx_zcu102_base_202220_1|C:/Xilinx/Vitis/2022.2/base_platforms/xilinx_zcu102_base_202220_1/xilinx_zcu102_base_202220_1.xpfm;xilinx_zcu102_base_dfx_202220_1|C:/Xilinx/Vitis/2022.2/base_platforms/xilinx_zcu102_base_dfx_202220_1/xilinx_zcu102_base_dfx_202220_1.xpfm;xilinx_zcu104_base_202220_1|C:/Xilinx/Vitis/2022.2/base_platforms/xilinx_zcu104_base_202220_1/xilinx_zcu104_base_202220_1.xpfm
23:28:23 INFO  : Checking for BSP changes to sync application flags for project 'hdmi_text_control'...
23:28:37 INFO  : Hardware specification for platform project 'mb_usb_hdmi_top' is updated.
23:28:51 INFO  : Result from executing command 'removePlatformRepo': 
23:29:30 INFO  : Result from executing command 'getProjects': mb_usb_hdmi_top
23:29:30 INFO  : Result from executing command 'getPlatforms': xilinx_vck190_base_202220_1|C:/Xilinx/Vitis/2022.2/base_platforms/xilinx_vck190_base_202220_1/xilinx_vck190_base_202220_1.xpfm;xilinx_vck190_base_dfx_202220_1|C:/Xilinx/Vitis/2022.2/base_platforms/xilinx_vck190_base_dfx_202220_1/xilinx_vck190_base_dfx_202220_1.xpfm;xilinx_vmk180_base_202220_1|C:/Xilinx/Vitis/2022.2/base_platforms/xilinx_vmk180_base_202220_1/xilinx_vmk180_base_202220_1.xpfm;xilinx_zcu102_base_202220_1|C:/Xilinx/Vitis/2022.2/base_platforms/xilinx_zcu102_base_202220_1/xilinx_zcu102_base_202220_1.xpfm;xilinx_zcu102_base_dfx_202220_1|C:/Xilinx/Vitis/2022.2/base_platforms/xilinx_zcu102_base_dfx_202220_1/xilinx_zcu102_base_dfx_202220_1.xpfm;xilinx_zcu104_base_202220_1|C:/Xilinx/Vitis/2022.2/base_platforms/xilinx_zcu104_base_202220_1/xilinx_zcu104_base_202220_1.xpfm
23:29:32 INFO  : Checking for BSP changes to sync application flags for project 'hdmi_text_control'...
23:30:06 INFO  : Hardware specification for platform project 'mb_usb_hdmi_top' is updated.
