17:46:43 DEBUG : Logs will be stored at 'C:/Users/user/OneDrive/Documents/ECE385/ECE385/lab6/workspace3/IDE.log'.
17:46:46 INFO  : Launching XSCT server: xsct.bat -n  -interactive C:\Users\user\OneDrive\Documents\ECE385\ECE385\lab6\workspace3\temp_xsdb_launch_script.tcl
17:46:46 INFO  : Registering command handlers for Vitis TCF services
17:46:47 INFO  : Platform repository initialization has completed.
17:46:49 INFO  : XSCT server has started successfully.
17:46:49 INFO  : plnx-install-location is set to ''
17:46:49 INFO  : Successfully done setting XSCT server connection channel  
17:46:49 INFO  : Successfully done query RDI_DATADIR 
17:46:49 INFO  : Successfully done setting workspace for the tool. 
17:47:19 INFO  : Result from executing command 'getProjects': mb_usb_hdmi_top
17:47:19 INFO  : Result from executing command 'getPlatforms': xilinx_vck190_base_202220_1|C:/Xilinx/Vitis/2022.2/base_platforms/xilinx_vck190_base_202220_1/xilinx_vck190_base_202220_1.xpfm;xilinx_vck190_base_dfx_202220_1|C:/Xilinx/Vitis/2022.2/base_platforms/xilinx_vck190_base_dfx_202220_1/xilinx_vck190_base_dfx_202220_1.xpfm;xilinx_vmk180_base_202220_1|C:/Xilinx/Vitis/2022.2/base_platforms/xilinx_vmk180_base_202220_1/xilinx_vmk180_base_202220_1.xpfm;xilinx_zcu102_base_202220_1|C:/Xilinx/Vitis/2022.2/base_platforms/xilinx_zcu102_base_202220_1/xilinx_zcu102_base_202220_1.xpfm;xilinx_zcu102_base_dfx_202220_1|C:/Xilinx/Vitis/2022.2/base_platforms/xilinx_zcu102_base_dfx_202220_1/xilinx_zcu102_base_dfx_202220_1.xpfm;xilinx_zcu104_base_202220_1|C:/Xilinx/Vitis/2022.2/base_platforms/xilinx_zcu104_base_202220_1/xilinx_zcu104_base_202220_1.xpfm
17:47:20 WARN  : An unexpected exception occurred in the module 'platform project logging'
17:47:21 INFO  : Platform 'mb_usb_hdmi_top' is added to custom repositories.
17:47:24 INFO  : Platform 'mb_usb_hdmi_top' is added to custom repositories.
17:49:41 INFO  : Result from executing command 'getProjects': mb_usb_hdmi_top
17:49:41 INFO  : Result from executing command 'getPlatforms': mb_usb_hdmi_top|C:/Users/user/OneDrive/Documents/ECE385/ECE385/lab6/workspace3/mb_usb_hdmi_top/export/mb_usb_hdmi_top/mb_usb_hdmi_top.xpfm;xilinx_vck190_base_202220_1|C:/Xilinx/Vitis/2022.2/base_platforms/xilinx_vck190_base_202220_1/xilinx_vck190_base_202220_1.xpfm;xilinx_vck190_base_dfx_202220_1|C:/Xilinx/Vitis/2022.2/base_platforms/xilinx_vck190_base_dfx_202220_1/xilinx_vck190_base_dfx_202220_1.xpfm;xilinx_vmk180_base_202220_1|C:/Xilinx/Vitis/2022.2/base_platforms/xilinx_vmk180_base_202220_1/xilinx_vmk180_base_202220_1.xpfm;xilinx_zcu102_base_202220_1|C:/Xilinx/Vitis/2022.2/base_platforms/xilinx_zcu102_base_202220_1/xilinx_zcu102_base_202220_1.xpfm;xilinx_zcu102_base_dfx_202220_1|C:/Xilinx/Vitis/2022.2/base_platforms/xilinx_zcu102_base_dfx_202220_1/xilinx_zcu102_base_dfx_202220_1.xpfm;xilinx_zcu104_base_202220_1|C:/Xilinx/Vitis/2022.2/base_platforms/xilinx_zcu104_base_202220_1/xilinx_zcu104_base_202220_1.xpfm
17:49:42 INFO  : Checking for BSP changes to sync application flags for project 'mb_usb1'...
18:03:58 DEBUG : Logs will be stored at 'C:/Users/user/OneDrive/Documents/ECE385/ECE385/lab6/workspace3/IDE.log'.
18:03:59 INFO  : Launching XSCT server: xsct.bat -n  -interactive C:\Users\user\OneDrive\Documents\ECE385\ECE385\lab6\workspace3\temp_xsdb_launch_script.tcl
18:04:02 INFO  : XSCT server has started successfully.
18:04:02 INFO  : plnx-install-location is set to ''
18:04:02 INFO  : Successfully done setting XSCT server connection channel  
18:04:02 INFO  : Successfully done setting workspace for the tool. 
18:04:03 INFO  : Registering command handlers for Vitis TCF services
18:04:04 INFO  : Successfully done query RDI_DATADIR 
18:04:04 INFO  : Platform repository initialization has completed.
18:09:26 INFO  : Result from executing command 'removePlatformRepo': 
18:09:36 INFO  : Result from executing command 'getProjects': mb_usb_hdmi_top
18:09:36 INFO  : Result from executing command 'getPlatforms': xilinx_vck190_base_202220_1|C:/Xilinx/Vitis/2022.2/base_platforms/xilinx_vck190_base_202220_1/xilinx_vck190_base_202220_1.xpfm;xilinx_vck190_base_dfx_202220_1|C:/Xilinx/Vitis/2022.2/base_platforms/xilinx_vck190_base_dfx_202220_1/xilinx_vck190_base_dfx_202220_1.xpfm;xilinx_vmk180_base_202220_1|C:/Xilinx/Vitis/2022.2/base_platforms/xilinx_vmk180_base_202220_1/xilinx_vmk180_base_202220_1.xpfm;xilinx_zcu102_base_202220_1|C:/Xilinx/Vitis/2022.2/base_platforms/xilinx_zcu102_base_202220_1/xilinx_zcu102_base_202220_1.xpfm;xilinx_zcu102_base_dfx_202220_1|C:/Xilinx/Vitis/2022.2/base_platforms/xilinx_zcu102_base_dfx_202220_1/xilinx_zcu102_base_dfx_202220_1.xpfm;xilinx_zcu104_base_202220_1|C:/Xilinx/Vitis/2022.2/base_platforms/xilinx_zcu104_base_202220_1/xilinx_zcu104_base_202220_1.xpfm
18:09:37 INFO  : Checking for BSP changes to sync application flags for project 'mb_usb1'...
18:10:07 INFO  : Result from executing command 'removePlatformRepo': 
18:10:16 INFO  : Result from executing command 'getProjects': mb_usb_hdmi_top
18:10:16 INFO  : Result from executing command 'getPlatforms': xilinx_vck190_base_202220_1|C:/Xilinx/Vitis/2022.2/base_platforms/xilinx_vck190_base_202220_1/xilinx_vck190_base_202220_1.xpfm;xilinx_vck190_base_dfx_202220_1|C:/Xilinx/Vitis/2022.2/base_platforms/xilinx_vck190_base_dfx_202220_1/xilinx_vck190_base_dfx_202220_1.xpfm;xilinx_vmk180_base_202220_1|C:/Xilinx/Vitis/2022.2/base_platforms/xilinx_vmk180_base_202220_1/xilinx_vmk180_base_202220_1.xpfm;xilinx_zcu102_base_202220_1|C:/Xilinx/Vitis/2022.2/base_platforms/xilinx_zcu102_base_202220_1/xilinx_zcu102_base_202220_1.xpfm;xilinx_zcu102_base_dfx_202220_1|C:/Xilinx/Vitis/2022.2/base_platforms/xilinx_zcu102_base_dfx_202220_1/xilinx_zcu102_base_dfx_202220_1.xpfm;xilinx_zcu104_base_202220_1|C:/Xilinx/Vitis/2022.2/base_platforms/xilinx_zcu104_base_202220_1/xilinx_zcu104_base_202220_1.xpfm
18:10:17 INFO  : Checking for BSP changes to sync application flags for project 'mb_usb1'...
18:12:37 DEBUG : Logs will be stored at 'C:/Users/user/OneDrive/Documents/ECE385/ECE385/lab6/workspace3/IDE.log'.
18:12:38 INFO  : Launching XSCT server: xsct.bat -n  -interactive C:\Users\user\OneDrive\Documents\ECE385\ECE385\lab6\workspace3\temp_xsdb_launch_script.tcl
18:12:41 INFO  : XSCT server has started successfully.
18:12:41 INFO  : Successfully done setting XSCT server connection channel  
18:12:41 INFO  : plnx-install-location is set to ''
18:12:41 INFO  : Successfully done setting workspace for the tool. 
18:12:42 INFO  : Registering command handlers for Vitis TCF services
18:12:42 INFO  : Successfully done query RDI_DATADIR 
18:12:43 INFO  : Platform repository initialization has completed.
18:12:50 INFO  : Result from executing command 'removePlatformRepo': 
18:13:00 INFO  : Result from executing command 'getProjects': mb_usb_hdmi_top
18:13:00 INFO  : Result from executing command 'getPlatforms': xilinx_vck190_base_202220_1|C:/Xilinx/Vitis/2022.2/base_platforms/xilinx_vck190_base_202220_1/xilinx_vck190_base_202220_1.xpfm;xilinx_vck190_base_dfx_202220_1|C:/Xilinx/Vitis/2022.2/base_platforms/xilinx_vck190_base_dfx_202220_1/xilinx_vck190_base_dfx_202220_1.xpfm;xilinx_vmk180_base_202220_1|C:/Xilinx/Vitis/2022.2/base_platforms/xilinx_vmk180_base_202220_1/xilinx_vmk180_base_202220_1.xpfm;xilinx_zcu102_base_202220_1|C:/Xilinx/Vitis/2022.2/base_platforms/xilinx_zcu102_base_202220_1/xilinx_zcu102_base_202220_1.xpfm;xilinx_zcu102_base_dfx_202220_1|C:/Xilinx/Vitis/2022.2/base_platforms/xilinx_zcu102_base_dfx_202220_1/xilinx_zcu102_base_dfx_202220_1.xpfm;xilinx_zcu104_base_202220_1|C:/Xilinx/Vitis/2022.2/base_platforms/xilinx_zcu104_base_202220_1/xilinx_zcu104_base_202220_1.xpfm
18:13:01 INFO  : Checking for BSP changes to sync application flags for project 'mb_usb1'...
18:21:22 INFO  : Result from executing command 'removePlatformRepo': 
18:21:31 INFO  : Result from executing command 'getProjects': mb_usb_hdmi_top
18:21:31 INFO  : Result from executing command 'getPlatforms': xilinx_vck190_base_202220_1|C:/Xilinx/Vitis/2022.2/base_platforms/xilinx_vck190_base_202220_1/xilinx_vck190_base_202220_1.xpfm;xilinx_vck190_base_dfx_202220_1|C:/Xilinx/Vitis/2022.2/base_platforms/xilinx_vck190_base_dfx_202220_1/xilinx_vck190_base_dfx_202220_1.xpfm;xilinx_vmk180_base_202220_1|C:/Xilinx/Vitis/2022.2/base_platforms/xilinx_vmk180_base_202220_1/xilinx_vmk180_base_202220_1.xpfm;xilinx_zcu102_base_202220_1|C:/Xilinx/Vitis/2022.2/base_platforms/xilinx_zcu102_base_202220_1/xilinx_zcu102_base_202220_1.xpfm;xilinx_zcu102_base_dfx_202220_1|C:/Xilinx/Vitis/2022.2/base_platforms/xilinx_zcu102_base_dfx_202220_1/xilinx_zcu102_base_dfx_202220_1.xpfm;xilinx_zcu104_base_202220_1|C:/Xilinx/Vitis/2022.2/base_platforms/xilinx_zcu104_base_202220_1/xilinx_zcu104_base_202220_1.xpfm
18:21:33 INFO  : Checking for BSP changes to sync application flags for project 'mb_usb1'...
18:25:30 INFO  : Connected to target on host '127.0.0.1' and port '3121'.
18:25:48 INFO  : ----------------XSDB Script----------------
connect -url tcp:127.0.0.1:3121
----------------End of Script----------------

18:25:48 ERROR : Could not find FPGA device on the board for connection 'Local'.


Troubleshooting hints:
1. Check whether board is connected to system properly.
2. In case of zynq board, check whether Digilent/Xilinx cable switch settings are correct.
3. If you are using Xilinx Platform Cable USB, ensure that status LED is green.
18:26:41 INFO  : Connected to target on host '127.0.0.1' and port '3121'.
18:26:41 INFO  : Jtag cable 'RealDigital Boo 8874292302C0A' is selected.
18:26:41 INFO  : 'jtag frequency' command is executed.
18:26:41 INFO  : 'targets -set -filter {jtag_cable_name =~ "RealDigital Boo 8874292302C0A" && level==0 && jtag_device_ctx=="jsn1-0362f093-0"}' command is executed.
18:26:43 INFO  : Device configured successfully with "C:/Users/user/OneDrive/Documents/ECE385/ECE385/lab6/workspace3/mb_usb1/_ide/bitstream/mb_usb_hdmi_top.bit"
18:26:43 INFO  : Context for processor 'microblaze_0' is selected.
18:26:43 INFO  : Hardware design and registers information is loaded from 'C:/Users/user/OneDrive/Documents/ECE385/ECE385/lab6/workspace3/mb_usb_hdmi_top/export/mb_usb_hdmi_top/hw/mb_usb_hdmi_top.xsa'.
18:26:43 INFO  : 'configparams mdm-detect-bscan-mask 2' command is executed.
18:26:43 INFO  : Context for processor 'microblaze_0' is selected.
18:26:43 INFO  : System reset is completed.
18:26:46 INFO  : 'after 3000' command is executed.
18:26:46 INFO  : Context for processor 'microblaze_0' is selected.
18:26:46 INFO  : The application 'C:/Users/user/OneDrive/Documents/ECE385/ECE385/lab6/workspace3/mb_usb1/Debug/mb_usb1.elf' is downloaded to processor 'microblaze_0'.
18:26:46 INFO  : ----------------XSDB Script----------------
connect -url tcp:127.0.0.1:3121
targets -set -filter {jtag_cable_name =~ "RealDigital Boo 8874292302C0A" && level==0 && jtag_device_ctx=="jsn1-0362f093-0"}
fpga -file C:/Users/user/OneDrive/Documents/ECE385/ECE385/lab6/workspace3/mb_usb1/_ide/bitstream/mb_usb_hdmi_top.bit
targets -set -nocase -filter {name =~ "*microblaze*#0" && bscan=="USER2" }
loadhw -hw C:/Users/user/OneDrive/Documents/ECE385/ECE385/lab6/workspace3/mb_usb_hdmi_top/export/mb_usb_hdmi_top/hw/mb_usb_hdmi_top.xsa -regs
configparams mdm-detect-bscan-mask 2
targets -set -nocase -filter {name =~ "*microblaze*#0" && bscan=="USER2" }
rst -system
after 3000
targets -set -nocase -filter {name =~ "*microblaze*#0" && bscan=="USER2" }
dow C:/Users/user/OneDrive/Documents/ECE385/ECE385/lab6/workspace3/mb_usb1/Debug/mb_usb1.elf
----------------End of Script----------------

18:26:46 INFO  : Context for processor 'microblaze_0' is selected.
18:26:46 INFO  : 'con' command is executed.
18:26:46 INFO  : ----------------XSDB Script (After Launch)----------------
targets -set -nocase -filter {name =~ "*microblaze*#0" && bscan=="USER2" }
con
----------------End of Script----------------

18:26:46 INFO  : Disconnected from the channel tcfchan#5.
18:28:42 DEBUG : Logs will be stored at 'C:/Users/user/OneDrive/Documents/ECE385/ECE385/lab6/workspace3/IDE.log'.
18:28:43 INFO  : Launching XSCT server: xsct.bat -n  -interactive C:\Users\user\OneDrive\Documents\ECE385\ECE385\lab6\workspace3\temp_xsdb_launch_script.tcl
18:28:46 INFO  : XSCT server has started successfully.
18:28:46 INFO  : plnx-install-location is set to ''
18:28:46 INFO  : Successfully done setting XSCT server connection channel  
18:28:46 INFO  : Successfully done setting workspace for the tool. 
18:28:47 INFO  : Registering command handlers for Vitis TCF services
18:28:47 INFO  : Successfully done query RDI_DATADIR 
18:28:47 INFO  : Platform repository initialization has completed.
18:36:05 INFO  : Checking for BSP changes to sync application flags for project 'mb_usb1'...
18:36:22 INFO  : Connected to target on host '127.0.0.1' and port '3121'.
18:36:22 INFO  : Jtag cable 'RealDigital Boo 8874292302C0A' is selected.
18:36:22 INFO  : 'jtag frequency' command is executed.
18:36:22 INFO  : 'targets -set -filter {jtag_cable_name =~ "RealDigital Boo 8874292302C0A" && level==0 && jtag_device_ctx=="jsn1-0362f093-0"}' command is executed.
18:36:24 INFO  : Device configured successfully with "C:/Users/user/OneDrive/Documents/ECE385/ECE385/lab6/workspace3/mb_usb1/_ide/bitstream/mb_usb_hdmi_top.bit"
18:36:24 INFO  : Context for processor 'microblaze_0' is selected.
18:36:24 INFO  : Hardware design and registers information is loaded from 'C:/Users/user/OneDrive/Documents/ECE385/ECE385/lab6/workspace3/mb_usb_hdmi_top/export/mb_usb_hdmi_top/hw/mb_usb_hdmi_top.xsa'.
18:36:24 INFO  : 'configparams mdm-detect-bscan-mask 2' command is executed.
18:36:24 INFO  : Context for processor 'microblaze_0' is selected.
18:36:24 INFO  : System reset is completed.
18:36:27 INFO  : 'after 3000' command is executed.
18:36:27 INFO  : Context for processor 'microblaze_0' is selected.
18:36:27 INFO  : The application 'C:/Users/user/OneDrive/Documents/ECE385/ECE385/lab6/workspace3/mb_usb1/Debug/mb_usb1.elf' is downloaded to processor 'microblaze_0'.
18:36:27 INFO  : ----------------XSDB Script----------------
connect -url tcp:127.0.0.1:3121
targets -set -filter {jtag_cable_name =~ "RealDigital Boo 8874292302C0A" && level==0 && jtag_device_ctx=="jsn1-0362f093-0"}
fpga -file C:/Users/user/OneDrive/Documents/ECE385/ECE385/lab6/workspace3/mb_usb1/_ide/bitstream/mb_usb_hdmi_top.bit
targets -set -nocase -filter {name =~ "*microblaze*#0" && bscan=="USER2" }
loadhw -hw C:/Users/user/OneDrive/Documents/ECE385/ECE385/lab6/workspace3/mb_usb_hdmi_top/export/mb_usb_hdmi_top/hw/mb_usb_hdmi_top.xsa -regs
configparams mdm-detect-bscan-mask 2
targets -set -nocase -filter {name =~ "*microblaze*#0" && bscan=="USER2" }
rst -system
after 3000
targets -set -nocase -filter {name =~ "*microblaze*#0" && bscan=="USER2" }
dow C:/Users/user/OneDrive/Documents/ECE385/ECE385/lab6/workspace3/mb_usb1/Debug/mb_usb1.elf
----------------End of Script----------------

18:36:27 INFO  : Context for processor 'microblaze_0' is selected.
18:36:27 INFO  : 'con' command is executed.
18:36:27 INFO  : ----------------XSDB Script (After Launch)----------------
targets -set -nocase -filter {name =~ "*microblaze*#0" && bscan=="USER2" }
con
----------------End of Script----------------

18:36:27 INFO  : Disconnected from the channel tcfchan#1.
19:06:50 INFO  : Result from executing command 'removePlatformRepo': 
19:10:09 DEBUG : Logs will be stored at 'C:/Users/user/OneDrive/Documents/ECE385/ECE385/lab6/workspace3/IDE.log'.
19:10:10 INFO  : Launching XSCT server: xsct.bat -n  -interactive C:\Users\user\OneDrive\Documents\ECE385\ECE385\lab6\workspace3\temp_xsdb_launch_script.tcl
19:10:14 INFO  : XSCT server has started successfully.
19:10:14 INFO  : plnx-install-location is set to ''
19:10:14 INFO  : Successfully done setting XSCT server connection channel  
19:10:14 INFO  : Successfully done setting workspace for the tool. 
19:10:16 INFO  : Registering command handlers for Vitis TCF services
19:10:17 INFO  : Successfully done query RDI_DATADIR 
19:10:18 INFO  : Platform repository initialization has completed.
19:10:53 INFO  : Result from executing command 'getProjects': mb_usb_hdmi_top
19:10:53 INFO  : Result from executing command 'getPlatforms': xilinx_vck190_base_202220_1|C:/Xilinx/Vitis/2022.2/base_platforms/xilinx_vck190_base_202220_1/xilinx_vck190_base_202220_1.xpfm;xilinx_vck190_base_dfx_202220_1|C:/Xilinx/Vitis/2022.2/base_platforms/xilinx_vck190_base_dfx_202220_1/xilinx_vck190_base_dfx_202220_1.xpfm;xilinx_vmk180_base_202220_1|C:/Xilinx/Vitis/2022.2/base_platforms/xilinx_vmk180_base_202220_1/xilinx_vmk180_base_202220_1.xpfm;xilinx_zcu102_base_202220_1|C:/Xilinx/Vitis/2022.2/base_platforms/xilinx_zcu102_base_202220_1/xilinx_zcu102_base_202220_1.xpfm;xilinx_zcu102_base_dfx_202220_1|C:/Xilinx/Vitis/2022.2/base_platforms/xilinx_zcu102_base_dfx_202220_1/xilinx_zcu102_base_dfx_202220_1.xpfm;xilinx_zcu104_base_202220_1|C:/Xilinx/Vitis/2022.2/base_platforms/xilinx_zcu104_base_202220_1/xilinx_zcu104_base_202220_1.xpfm
19:10:56 INFO  : Checking for BSP changes to sync application flags for project 'mb_usb1'...
19:11:29 INFO  : Connected to target on host '127.0.0.1' and port '3121'.
19:11:29 INFO  : Jtag cable 'RealDigital Boo 8874292302C0A' is selected.
19:11:29 INFO  : 'jtag frequency' command is executed.
19:11:30 INFO  : 'targets -set -filter {jtag_cable_name =~ "RealDigital Boo 8874292302C0A" && level==0 && jtag_device_ctx=="jsn1-0362f093-0"}' command is executed.
19:11:31 INFO  : Device configured successfully with "C:/Users/user/OneDrive/Documents/ECE385/ECE385/lab6/workspace3/mb_usb1/_ide/bitstream/mb_usb_hdmi_top.bit"
19:11:31 INFO  : Context for processor 'microblaze_0' is selected.
19:11:31 INFO  : Hardware design and registers information is loaded from 'C:/Users/user/OneDrive/Documents/ECE385/ECE385/lab6/workspace3/mb_usb_hdmi_top/export/mb_usb_hdmi_top/hw/mb_usb_hdmi_top.xsa'.
19:11:31 INFO  : 'configparams mdm-detect-bscan-mask 2' command is executed.
19:11:31 INFO  : Context for processor 'microblaze_0' is selected.
19:11:31 INFO  : System reset is completed.
19:11:34 INFO  : 'after 3000' command is executed.
19:11:34 INFO  : Context for processor 'microblaze_0' is selected.
19:11:34 INFO  : The application 'C:/Users/user/OneDrive/Documents/ECE385/ECE385/lab6/workspace3/mb_usb1/Debug/mb_usb1.elf' is downloaded to processor 'microblaze_0'.
19:11:34 INFO  : ----------------XSDB Script----------------
connect -url tcp:127.0.0.1:3121
targets -set -filter {jtag_cable_name =~ "RealDigital Boo 8874292302C0A" && level==0 && jtag_device_ctx=="jsn1-0362f093-0"}
fpga -file C:/Users/user/OneDrive/Documents/ECE385/ECE385/lab6/workspace3/mb_usb1/_ide/bitstream/mb_usb_hdmi_top.bit
targets -set -nocase -filter {name =~ "*microblaze*#0" && bscan=="USER2" }
loadhw -hw C:/Users/user/OneDrive/Documents/ECE385/ECE385/lab6/workspace3/mb_usb_hdmi_top/export/mb_usb_hdmi_top/hw/mb_usb_hdmi_top.xsa -regs
configparams mdm-detect-bscan-mask 2
targets -set -nocase -filter {name =~ "*microblaze*#0" && bscan=="USER2" }
rst -system
after 3000
targets -set -nocase -filter {name =~ "*microblaze*#0" && bscan=="USER2" }
dow C:/Users/user/OneDrive/Documents/ECE385/ECE385/lab6/workspace3/mb_usb1/Debug/mb_usb1.elf
----------------End of Script----------------

19:11:34 INFO  : Context for processor 'microblaze_0' is selected.
19:11:34 INFO  : 'con' command is executed.
19:11:34 INFO  : ----------------XSDB Script (After Launch)----------------
targets -set -nocase -filter {name =~ "*microblaze*#0" && bscan=="USER2" }
con
----------------End of Script----------------

19:11:34 INFO  : Disconnected from the channel tcfchan#2.
19:32:55 INFO  : Result from executing command 'removePlatformRepo': 
19:34:55 DEBUG : Logs will be stored at 'C:/Users/user/OneDrive/Documents/ECE385/ECE385/lab6/workspace3/IDE.log'.
19:34:56 INFO  : Launching XSCT server: xsct.bat -n  -interactive C:\Users\user\OneDrive\Documents\ECE385\ECE385\lab6\workspace3\temp_xsdb_launch_script.tcl
19:35:00 INFO  : XSCT server has started successfully.
19:35:00 INFO  : plnx-install-location is set to ''
19:35:00 INFO  : Successfully done setting XSCT server connection channel  
19:35:00 INFO  : Successfully done setting workspace for the tool. 
19:35:02 INFO  : Registering command handlers for Vitis TCF services
19:35:03 INFO  : Successfully done query RDI_DATADIR 
19:35:05 INFO  : Platform repository initialization has completed.
19:35:09 ERROR : Error from executing command 'removePlatformRepo': ERROR: No valid directory exists at given path.
19:35:21 INFO  : Result from executing command 'getProjects': mb_usb_hdmi_top
19:35:21 INFO  : Result from executing command 'getPlatforms': xilinx_vck190_base_202220_1|C:/Xilinx/Vitis/2022.2/base_platforms/xilinx_vck190_base_202220_1/xilinx_vck190_base_202220_1.xpfm;xilinx_vck190_base_dfx_202220_1|C:/Xilinx/Vitis/2022.2/base_platforms/xilinx_vck190_base_dfx_202220_1/xilinx_vck190_base_dfx_202220_1.xpfm;xilinx_vmk180_base_202220_1|C:/Xilinx/Vitis/2022.2/base_platforms/xilinx_vmk180_base_202220_1/xilinx_vmk180_base_202220_1.xpfm;xilinx_zcu102_base_202220_1|C:/Xilinx/Vitis/2022.2/base_platforms/xilinx_zcu102_base_202220_1/xilinx_zcu102_base_202220_1.xpfm;xilinx_zcu102_base_dfx_202220_1|C:/Xilinx/Vitis/2022.2/base_platforms/xilinx_zcu102_base_dfx_202220_1/xilinx_zcu102_base_dfx_202220_1.xpfm;xilinx_zcu104_base_202220_1|C:/Xilinx/Vitis/2022.2/base_platforms/xilinx_zcu104_base_202220_1/xilinx_zcu104_base_202220_1.xpfm
19:35:22 INFO  : Checking for BSP changes to sync application flags for project 'mb_usb1'...
19:35:34 INFO  : Hardware specification for platform project 'mb_usb_hdmi_top' is updated.
19:35:47 INFO  : Result from executing command 'removePlatformRepo': 
19:36:12 INFO  : Result from executing command 'getProjects': mb_usb_hdmi_top
19:36:12 INFO  : Result from executing command 'getPlatforms': xilinx_vck190_base_202220_1|C:/Xilinx/Vitis/2022.2/base_platforms/xilinx_vck190_base_202220_1/xilinx_vck190_base_202220_1.xpfm;xilinx_vck190_base_dfx_202220_1|C:/Xilinx/Vitis/2022.2/base_platforms/xilinx_vck190_base_dfx_202220_1/xilinx_vck190_base_dfx_202220_1.xpfm;xilinx_vmk180_base_202220_1|C:/Xilinx/Vitis/2022.2/base_platforms/xilinx_vmk180_base_202220_1/xilinx_vmk180_base_202220_1.xpfm;xilinx_zcu102_base_202220_1|C:/Xilinx/Vitis/2022.2/base_platforms/xilinx_zcu102_base_202220_1/xilinx_zcu102_base_202220_1.xpfm;xilinx_zcu102_base_dfx_202220_1|C:/Xilinx/Vitis/2022.2/base_platforms/xilinx_zcu102_base_dfx_202220_1/xilinx_zcu102_base_dfx_202220_1.xpfm;xilinx_zcu104_base_202220_1|C:/Xilinx/Vitis/2022.2/base_platforms/xilinx_zcu104_base_202220_1/xilinx_zcu104_base_202220_1.xpfm
19:36:13 INFO  : Checking for BSP changes to sync application flags for project 'mb_usb1'...
19:36:17 INFO  : The hardware specification used by project 'mb_usb1' is out of sync with the platform. Resource files extracted from the hardware specification will be updated.
19:36:17 INFO  : The file 'C:\Users\user\OneDrive\Documents\ECE385\ECE385\lab6\workspace3\mb_usb1\_ide\bitstream\mb_usb_hdmi_top.bit' stored in project is removed.
19:36:17 INFO  : The file 'C:\Users\user\OneDrive\Documents\ECE385\ECE385\lab6\workspace3\mb_usb1\_ide\bitstream\mb_usb_hdmi_top.mmi' stored in project is removed.
19:36:17 INFO  : The updated bitstream files are copied from platform to folder 'C:\Users\user\OneDrive\Documents\ECE385\ECE385\lab6\workspace3\mb_usb1\_ide\bitstream' in project 'mb_usb1'.
19:37:20 INFO  : Result from executing command 'removePlatformRepo': 
19:37:33 INFO  : Result from executing command 'getProjects': mb_usb_hdmi_top
19:37:33 INFO  : Result from executing command 'getPlatforms': xilinx_vck190_base_202220_1|C:/Xilinx/Vitis/2022.2/base_platforms/xilinx_vck190_base_202220_1/xilinx_vck190_base_202220_1.xpfm;xilinx_vck190_base_dfx_202220_1|C:/Xilinx/Vitis/2022.2/base_platforms/xilinx_vck190_base_dfx_202220_1/xilinx_vck190_base_dfx_202220_1.xpfm;xilinx_vmk180_base_202220_1|C:/Xilinx/Vitis/2022.2/base_platforms/xilinx_vmk180_base_202220_1/xilinx_vmk180_base_202220_1.xpfm;xilinx_zcu102_base_202220_1|C:/Xilinx/Vitis/2022.2/base_platforms/xilinx_zcu102_base_202220_1/xilinx_zcu102_base_202220_1.xpfm;xilinx_zcu102_base_dfx_202220_1|C:/Xilinx/Vitis/2022.2/base_platforms/xilinx_zcu102_base_dfx_202220_1/xilinx_zcu102_base_dfx_202220_1.xpfm;xilinx_zcu104_base_202220_1|C:/Xilinx/Vitis/2022.2/base_platforms/xilinx_zcu104_base_202220_1/xilinx_zcu104_base_202220_1.xpfm
19:37:34 INFO  : Checking for BSP changes to sync application flags for project 'mb_usb1'...
19:37:44 INFO  : Connected to target on host '127.0.0.1' and port '3121'.
19:37:44 INFO  : Jtag cable 'RealDigital Boo 8874292302C0A' is selected.
19:37:44 INFO  : 'jtag frequency' command is executed.
19:37:44 INFO  : 'targets -set -filter {jtag_cable_name =~ "RealDigital Boo 8874292302C0A" && level==0 && jtag_device_ctx=="jsn1-0362f093-0"}' command is executed.
19:37:45 INFO  : Device configured successfully with "C:/Users/user/OneDrive/Documents/ECE385/ECE385/lab6/workspace3/mb_usb1/_ide/bitstream/mb_usb_hdmi_top.bit"
19:37:46 INFO  : Context for processor 'microblaze_0' is selected.
19:37:46 INFO  : Hardware design and registers information is loaded from 'C:/Users/user/OneDrive/Documents/ECE385/ECE385/lab6/workspace3/mb_usb_hdmi_top/export/mb_usb_hdmi_top/hw/mb_usb_hdmi_top.xsa'.
19:37:46 INFO  : 'configparams mdm-detect-bscan-mask 2' command is executed.
19:37:46 INFO  : Context for processor 'microblaze_0' is selected.
19:37:46 INFO  : System reset is completed.
19:37:49 INFO  : 'after 3000' command is executed.
19:37:49 INFO  : Context for processor 'microblaze_0' is selected.
19:37:49 INFO  : The application 'C:/Users/user/OneDrive/Documents/ECE385/ECE385/lab6/workspace3/mb_usb1/Debug/mb_usb1.elf' is downloaded to processor 'microblaze_0'.
19:37:49 INFO  : ----------------XSDB Script----------------
connect -url tcp:127.0.0.1:3121
targets -set -filter {jtag_cable_name =~ "RealDigital Boo 8874292302C0A" && level==0 && jtag_device_ctx=="jsn1-0362f093-0"}
fpga -file C:/Users/user/OneDrive/Documents/ECE385/ECE385/lab6/workspace3/mb_usb1/_ide/bitstream/mb_usb_hdmi_top.bit
targets -set -nocase -filter {name =~ "*microblaze*#0" && bscan=="USER2" }
loadhw -hw C:/Users/user/OneDrive/Documents/ECE385/ECE385/lab6/workspace3/mb_usb_hdmi_top/export/mb_usb_hdmi_top/hw/mb_usb_hdmi_top.xsa -regs
configparams mdm-detect-bscan-mask 2
targets -set -nocase -filter {name =~ "*microblaze*#0" && bscan=="USER2" }
rst -system
after 3000
targets -set -nocase -filter {name =~ "*microblaze*#0" && bscan=="USER2" }
dow C:/Users/user/OneDrive/Documents/ECE385/ECE385/lab6/workspace3/mb_usb1/Debug/mb_usb1.elf
----------------End of Script----------------

19:37:49 INFO  : Context for processor 'microblaze_0' is selected.
19:37:49 INFO  : 'con' command is executed.
19:37:49 INFO  : ----------------XSDB Script (After Launch)----------------
targets -set -nocase -filter {name =~ "*microblaze*#0" && bscan=="USER2" }
con
----------------End of Script----------------

19:37:49 INFO  : Disconnected from the channel tcfchan#7.
19:43:56 INFO  : Hardware specification for platform project 'mb_usb_hdmi_top' is updated.
19:44:09 INFO  : Result from executing command 'removePlatformRepo': 
19:44:19 INFO  : Result from executing command 'getProjects': mb_usb_hdmi_top
19:44:19 INFO  : Result from executing command 'getPlatforms': xilinx_vck190_base_202220_1|C:/Xilinx/Vitis/2022.2/base_platforms/xilinx_vck190_base_202220_1/xilinx_vck190_base_202220_1.xpfm;xilinx_vck190_base_dfx_202220_1|C:/Xilinx/Vitis/2022.2/base_platforms/xilinx_vck190_base_dfx_202220_1/xilinx_vck190_base_dfx_202220_1.xpfm;xilinx_vmk180_base_202220_1|C:/Xilinx/Vitis/2022.2/base_platforms/xilinx_vmk180_base_202220_1/xilinx_vmk180_base_202220_1.xpfm;xilinx_zcu102_base_202220_1|C:/Xilinx/Vitis/2022.2/base_platforms/xilinx_zcu102_base_202220_1/xilinx_zcu102_base_202220_1.xpfm;xilinx_zcu102_base_dfx_202220_1|C:/Xilinx/Vitis/2022.2/base_platforms/xilinx_zcu102_base_dfx_202220_1/xilinx_zcu102_base_dfx_202220_1.xpfm;xilinx_zcu104_base_202220_1|C:/Xilinx/Vitis/2022.2/base_platforms/xilinx_zcu104_base_202220_1/xilinx_zcu104_base_202220_1.xpfm
19:44:20 INFO  : Checking for BSP changes to sync application flags for project 'mb_usb1'...
19:44:23 INFO  : The hardware specification used by project 'mb_usb1' is out of sync with the platform. Resource files extracted from the hardware specification will be updated.
19:44:23 INFO  : The file 'C:\Users\user\OneDrive\Documents\ECE385\ECE385\lab6\workspace3\mb_usb1\_ide\bitstream\mb_usb_hdmi_top.bit' stored in project is removed.
19:44:23 INFO  : The file 'C:\Users\user\OneDrive\Documents\ECE385\ECE385\lab6\workspace3\mb_usb1\_ide\bitstream\mb_usb_hdmi_top.mmi' stored in project is removed.
19:44:23 INFO  : The updated bitstream files are copied from platform to folder 'C:\Users\user\OneDrive\Documents\ECE385\ECE385\lab6\workspace3\mb_usb1\_ide\bitstream' in project 'mb_usb1'.
19:44:28 INFO  : Connected to target on host '127.0.0.1' and port '3121'.
19:44:29 INFO  : Jtag cable 'RealDigital Boo 8874292302C0A' is selected.
19:44:29 INFO  : 'jtag frequency' command is executed.
19:44:29 INFO  : 'targets -set -filter {jtag_cable_name =~ "RealDigital Boo 8874292302C0A" && level==0 && jtag_device_ctx=="jsn1-0362f093-0"}' command is executed.
19:44:30 INFO  : Device configured successfully with "C:/Users/user/OneDrive/Documents/ECE385/ECE385/lab6/workspace3/mb_usb1/_ide/bitstream/mb_usb_hdmi_top.bit"
19:44:30 INFO  : Context for processor 'microblaze_0' is selected.
19:44:30 INFO  : Hardware design and registers information is loaded from 'C:/Users/user/OneDrive/Documents/ECE385/ECE385/lab6/workspace3/mb_usb_hdmi_top/export/mb_usb_hdmi_top/hw/mb_usb_hdmi_top.xsa'.
19:44:30 INFO  : 'configparams mdm-detect-bscan-mask 2' command is executed.
19:44:30 INFO  : Context for processor 'microblaze_0' is selected.
19:44:30 INFO  : System reset is completed.
19:44:33 INFO  : 'after 3000' command is executed.
19:44:33 INFO  : Context for processor 'microblaze_0' is selected.
19:44:33 INFO  : The application 'C:/Users/user/OneDrive/Documents/ECE385/ECE385/lab6/workspace3/mb_usb1/Debug/mb_usb1.elf' is downloaded to processor 'microblaze_0'.
19:44:33 INFO  : ----------------XSDB Script----------------
connect -url tcp:127.0.0.1:3121
targets -set -filter {jtag_cable_name =~ "RealDigital Boo 8874292302C0A" && level==0 && jtag_device_ctx=="jsn1-0362f093-0"}
fpga -file C:/Users/user/OneDrive/Documents/ECE385/ECE385/lab6/workspace3/mb_usb1/_ide/bitstream/mb_usb_hdmi_top.bit
targets -set -nocase -filter {name =~ "*microblaze*#0" && bscan=="USER2" }
loadhw -hw C:/Users/user/OneDrive/Documents/ECE385/ECE385/lab6/workspace3/mb_usb_hdmi_top/export/mb_usb_hdmi_top/hw/mb_usb_hdmi_top.xsa -regs
configparams mdm-detect-bscan-mask 2
targets -set -nocase -filter {name =~ "*microblaze*#0" && bscan=="USER2" }
rst -system
after 3000
targets -set -nocase -filter {name =~ "*microblaze*#0" && bscan=="USER2" }
dow C:/Users/user/OneDrive/Documents/ECE385/ECE385/lab6/workspace3/mb_usb1/Debug/mb_usb1.elf
----------------End of Script----------------

19:44:33 INFO  : Context for processor 'microblaze_0' is selected.
19:44:33 INFO  : 'con' command is executed.
19:44:33 INFO  : ----------------XSDB Script (After Launch)----------------
targets -set -nocase -filter {name =~ "*microblaze*#0" && bscan=="USER2" }
con
----------------End of Script----------------

19:44:33 INFO  : Disconnected from the channel tcfchan#10.
19:51:59 INFO  : Hardware specification for platform project 'mb_usb_hdmi_top' is updated.
19:52:08 INFO  : Result from executing command 'removePlatformRepo': 
19:52:19 INFO  : Result from executing command 'getProjects': mb_usb_hdmi_top
19:52:19 INFO  : Result from executing command 'getPlatforms': xilinx_vck190_base_202220_1|C:/Xilinx/Vitis/2022.2/base_platforms/xilinx_vck190_base_202220_1/xilinx_vck190_base_202220_1.xpfm;xilinx_vck190_base_dfx_202220_1|C:/Xilinx/Vitis/2022.2/base_platforms/xilinx_vck190_base_dfx_202220_1/xilinx_vck190_base_dfx_202220_1.xpfm;xilinx_vmk180_base_202220_1|C:/Xilinx/Vitis/2022.2/base_platforms/xilinx_vmk180_base_202220_1/xilinx_vmk180_base_202220_1.xpfm;xilinx_zcu102_base_202220_1|C:/Xilinx/Vitis/2022.2/base_platforms/xilinx_zcu102_base_202220_1/xilinx_zcu102_base_202220_1.xpfm;xilinx_zcu102_base_dfx_202220_1|C:/Xilinx/Vitis/2022.2/base_platforms/xilinx_zcu102_base_dfx_202220_1/xilinx_zcu102_base_dfx_202220_1.xpfm;xilinx_zcu104_base_202220_1|C:/Xilinx/Vitis/2022.2/base_platforms/xilinx_zcu104_base_202220_1/xilinx_zcu104_base_202220_1.xpfm
19:52:20 INFO  : Checking for BSP changes to sync application flags for project 'mb_usb1'...
19:52:22 INFO  : The hardware specification used by project 'mb_usb1' is out of sync with the platform. Resource files extracted from the hardware specification will be updated.
19:52:22 INFO  : The file 'C:\Users\user\OneDrive\Documents\ECE385\ECE385\lab6\workspace3\mb_usb1\_ide\bitstream\mb_usb_hdmi_top.bit' stored in project is removed.
19:52:22 INFO  : The file 'C:\Users\user\OneDrive\Documents\ECE385\ECE385\lab6\workspace3\mb_usb1\_ide\bitstream\mb_usb_hdmi_top.mmi' stored in project is removed.
19:52:22 INFO  : The updated bitstream files are copied from platform to folder 'C:\Users\user\OneDrive\Documents\ECE385\ECE385\lab6\workspace3\mb_usb1\_ide\bitstream' in project 'mb_usb1'.
19:52:32 INFO  : Connected to target on host '127.0.0.1' and port '3121'.
19:52:33 INFO  : Jtag cable 'RealDigital Boo 8874292302C0A' is selected.
19:52:33 INFO  : 'jtag frequency' command is executed.
19:52:33 INFO  : 'targets -set -filter {jtag_cable_name =~ "RealDigital Boo 8874292302C0A" && level==0 && jtag_device_ctx=="jsn1-0362f093-0"}' command is executed.
19:52:34 INFO  : Device configured successfully with "C:/Users/user/OneDrive/Documents/ECE385/ECE385/lab6/workspace3/mb_usb1/_ide/bitstream/mb_usb_hdmi_top.bit"
19:52:34 INFO  : Context for processor 'microblaze_0' is selected.
19:52:34 INFO  : Hardware design and registers information is loaded from 'C:/Users/user/OneDrive/Documents/ECE385/ECE385/lab6/workspace3/mb_usb_hdmi_top/export/mb_usb_hdmi_top/hw/mb_usb_hdmi_top.xsa'.
19:52:34 INFO  : 'configparams mdm-detect-bscan-mask 2' command is executed.
19:52:34 INFO  : Context for processor 'microblaze_0' is selected.
19:52:34 INFO  : System reset is completed.
19:52:37 INFO  : 'after 3000' command is executed.
19:52:37 INFO  : Context for processor 'microblaze_0' is selected.
19:52:37 INFO  : The application 'C:/Users/user/OneDrive/Documents/ECE385/ECE385/lab6/workspace3/mb_usb1/Debug/mb_usb1.elf' is downloaded to processor 'microblaze_0'.
19:52:37 INFO  : ----------------XSDB Script----------------
connect -url tcp:127.0.0.1:3121
targets -set -filter {jtag_cable_name =~ "RealDigital Boo 8874292302C0A" && level==0 && jtag_device_ctx=="jsn1-0362f093-0"}
fpga -file C:/Users/user/OneDrive/Documents/ECE385/ECE385/lab6/workspace3/mb_usb1/_ide/bitstream/mb_usb_hdmi_top.bit
targets -set -nocase -filter {name =~ "*microblaze*#0" && bscan=="USER2" }
loadhw -hw C:/Users/user/OneDrive/Documents/ECE385/ECE385/lab6/workspace3/mb_usb_hdmi_top/export/mb_usb_hdmi_top/hw/mb_usb_hdmi_top.xsa -regs
configparams mdm-detect-bscan-mask 2
targets -set -nocase -filter {name =~ "*microblaze*#0" && bscan=="USER2" }
rst -system
after 3000
targets -set -nocase -filter {name =~ "*microblaze*#0" && bscan=="USER2" }
dow C:/Users/user/OneDrive/Documents/ECE385/ECE385/lab6/workspace3/mb_usb1/Debug/mb_usb1.elf
----------------End of Script----------------

19:52:37 INFO  : Context for processor 'microblaze_0' is selected.
19:52:37 INFO  : 'con' command is executed.
19:52:37 INFO  : ----------------XSDB Script (After Launch)----------------
targets -set -nocase -filter {name =~ "*microblaze*#0" && bscan=="USER2" }
con
----------------End of Script----------------

19:52:37 INFO  : Disconnected from the channel tcfchan#13.
19:58:55 INFO  : Hardware specification for platform project 'mb_usb_hdmi_top' is updated.
19:59:04 INFO  : Result from executing command 'removePlatformRepo': 
19:59:14 INFO  : Result from executing command 'getProjects': mb_usb_hdmi_top
19:59:14 INFO  : Result from executing command 'getPlatforms': xilinx_vck190_base_202220_1|C:/Xilinx/Vitis/2022.2/base_platforms/xilinx_vck190_base_202220_1/xilinx_vck190_base_202220_1.xpfm;xilinx_vck190_base_dfx_202220_1|C:/Xilinx/Vitis/2022.2/base_platforms/xilinx_vck190_base_dfx_202220_1/xilinx_vck190_base_dfx_202220_1.xpfm;xilinx_vmk180_base_202220_1|C:/Xilinx/Vitis/2022.2/base_platforms/xilinx_vmk180_base_202220_1/xilinx_vmk180_base_202220_1.xpfm;xilinx_zcu102_base_202220_1|C:/Xilinx/Vitis/2022.2/base_platforms/xilinx_zcu102_base_202220_1/xilinx_zcu102_base_202220_1.xpfm;xilinx_zcu102_base_dfx_202220_1|C:/Xilinx/Vitis/2022.2/base_platforms/xilinx_zcu102_base_dfx_202220_1/xilinx_zcu102_base_dfx_202220_1.xpfm;xilinx_zcu104_base_202220_1|C:/Xilinx/Vitis/2022.2/base_platforms/xilinx_zcu104_base_202220_1/xilinx_zcu104_base_202220_1.xpfm
19:59:15 INFO  : Checking for BSP changes to sync application flags for project 'mb_usb1'...
19:59:19 INFO  : The hardware specification used by project 'mb_usb1' is out of sync with the platform. Resource files extracted from the hardware specification will be updated.
19:59:19 INFO  : The file 'C:\Users\user\OneDrive\Documents\ECE385\ECE385\lab6\workspace3\mb_usb1\_ide\bitstream\mb_usb_hdmi_top.bit' stored in project is removed.
19:59:19 INFO  : The file 'C:\Users\user\OneDrive\Documents\ECE385\ECE385\lab6\workspace3\mb_usb1\_ide\bitstream\mb_usb_hdmi_top.mmi' stored in project is removed.
19:59:19 INFO  : The updated bitstream files are copied from platform to folder 'C:\Users\user\OneDrive\Documents\ECE385\ECE385\lab6\workspace3\mb_usb1\_ide\bitstream' in project 'mb_usb1'.
19:59:25 INFO  : Connected to target on host '127.0.0.1' and port '3121'.
19:59:25 INFO  : Jtag cable 'RealDigital Boo 8874292302C0A' is selected.
19:59:25 INFO  : 'jtag frequency' command is executed.
19:59:25 INFO  : 'targets -set -filter {jtag_cable_name =~ "RealDigital Boo 8874292302C0A" && level==0 && jtag_device_ctx=="jsn1-0362f093-0"}' command is executed.
19:59:26 INFO  : Device configured successfully with "C:/Users/user/OneDrive/Documents/ECE385/ECE385/lab6/workspace3/mb_usb1/_ide/bitstream/mb_usb_hdmi_top.bit"
19:59:26 INFO  : Context for processor 'microblaze_0' is selected.
19:59:27 INFO  : Hardware design and registers information is loaded from 'C:/Users/user/OneDrive/Documents/ECE385/ECE385/lab6/workspace3/mb_usb_hdmi_top/export/mb_usb_hdmi_top/hw/mb_usb_hdmi_top.xsa'.
19:59:27 INFO  : 'configparams mdm-detect-bscan-mask 2' command is executed.
19:59:27 INFO  : Context for processor 'microblaze_0' is selected.
19:59:27 INFO  : System reset is completed.
19:59:30 INFO  : 'after 3000' command is executed.
19:59:30 INFO  : Context for processor 'microblaze_0' is selected.
19:59:30 INFO  : The application 'C:/Users/user/OneDrive/Documents/ECE385/ECE385/lab6/workspace3/mb_usb1/Debug/mb_usb1.elf' is downloaded to processor 'microblaze_0'.
19:59:30 INFO  : ----------------XSDB Script----------------
connect -url tcp:127.0.0.1:3121
targets -set -filter {jtag_cable_name =~ "RealDigital Boo 8874292302C0A" && level==0 && jtag_device_ctx=="jsn1-0362f093-0"}
fpga -file C:/Users/user/OneDrive/Documents/ECE385/ECE385/lab6/workspace3/mb_usb1/_ide/bitstream/mb_usb_hdmi_top.bit
targets -set -nocase -filter {name =~ "*microblaze*#0" && bscan=="USER2" }
loadhw -hw C:/Users/user/OneDrive/Documents/ECE385/ECE385/lab6/workspace3/mb_usb_hdmi_top/export/mb_usb_hdmi_top/hw/mb_usb_hdmi_top.xsa -regs
configparams mdm-detect-bscan-mask 2
targets -set -nocase -filter {name =~ "*microblaze*#0" && bscan=="USER2" }
rst -system
after 3000
targets -set -nocase -filter {name =~ "*microblaze*#0" && bscan=="USER2" }
dow C:/Users/user/OneDrive/Documents/ECE385/ECE385/lab6/workspace3/mb_usb1/Debug/mb_usb1.elf
----------------End of Script----------------

19:59:30 INFO  : Context for processor 'microblaze_0' is selected.
19:59:30 INFO  : 'con' command is executed.
19:59:30 INFO  : ----------------XSDB Script (After Launch)----------------
targets -set -nocase -filter {name =~ "*microblaze*#0" && bscan=="USER2" }
con
----------------End of Script----------------

19:59:30 INFO  : Disconnected from the channel tcfchan#16.
15:36:06 DEBUG : Logs will be stored at 'C:/Users/user/OneDrive/Documents/ECE385/ECE385/lab6/workspace3/IDE.log'.
15:36:07 INFO  : Launching XSCT server: xsct.bat -n  -interactive C:\Users\user\OneDrive\Documents\ECE385\ECE385\lab6\workspace3\temp_xsdb_launch_script.tcl
15:36:10 INFO  : XSCT server has started successfully.
15:36:10 INFO  : plnx-install-location is set to ''
15:36:10 INFO  : Successfully done setting XSCT server connection channel  
15:36:10 INFO  : Successfully done setting workspace for the tool. 
15:36:12 INFO  : Registering command handlers for Vitis TCF services
15:36:13 INFO  : Successfully done query RDI_DATADIR 
15:36:13 INFO  : Platform repository initialization has completed.
15:37:08 INFO  : Result from executing command 'removePlatformRepo': 
15:37:23 INFO  : Result from executing command 'getProjects': mb_usb_hdmi_top
15:37:23 INFO  : Result from executing command 'getPlatforms': xilinx_vck190_base_202220_1|C:/Xilinx/Vitis/2022.2/base_platforms/xilinx_vck190_base_202220_1/xilinx_vck190_base_202220_1.xpfm;xilinx_vck190_base_dfx_202220_1|C:/Xilinx/Vitis/2022.2/base_platforms/xilinx_vck190_base_dfx_202220_1/xilinx_vck190_base_dfx_202220_1.xpfm;xilinx_vmk180_base_202220_1|C:/Xilinx/Vitis/2022.2/base_platforms/xilinx_vmk180_base_202220_1/xilinx_vmk180_base_202220_1.xpfm;xilinx_zcu102_base_202220_1|C:/Xilinx/Vitis/2022.2/base_platforms/xilinx_zcu102_base_202220_1/xilinx_zcu102_base_202220_1.xpfm;xilinx_zcu102_base_dfx_202220_1|C:/Xilinx/Vitis/2022.2/base_platforms/xilinx_zcu102_base_dfx_202220_1/xilinx_zcu102_base_dfx_202220_1.xpfm;xilinx_zcu104_base_202220_1|C:/Xilinx/Vitis/2022.2/base_platforms/xilinx_zcu104_base_202220_1/xilinx_zcu104_base_202220_1.xpfm
15:37:25 INFO  : Checking for BSP changes to sync application flags for project 'mb_usb1'...
15:37:51 ERROR : Invalid hardware specification '${sdxTcfLaunchFile:project=mb_usb1;fileType=hw;}' in launch configuration 'Debugger_mb_usb1-GDB'.
15:38:06 INFO  : Hardware specification for platform project 'mb_usb_hdmi_top' is updated.
15:38:17 INFO  : Result from executing command 'removePlatformRepo': 
15:38:47 INFO  : Result from executing command 'getProjects': mb_usb_hdmi_top
15:38:47 INFO  : Result from executing command 'getPlatforms': xilinx_vck190_base_202220_1|C:/Xilinx/Vitis/2022.2/base_platforms/xilinx_vck190_base_202220_1/xilinx_vck190_base_202220_1.xpfm;xilinx_vck190_base_dfx_202220_1|C:/Xilinx/Vitis/2022.2/base_platforms/xilinx_vck190_base_dfx_202220_1/xilinx_vck190_base_dfx_202220_1.xpfm;xilinx_vmk180_base_202220_1|C:/Xilinx/Vitis/2022.2/base_platforms/xilinx_vmk180_base_202220_1/xilinx_vmk180_base_202220_1.xpfm;xilinx_zcu102_base_202220_1|C:/Xilinx/Vitis/2022.2/base_platforms/xilinx_zcu102_base_202220_1/xilinx_zcu102_base_202220_1.xpfm;xilinx_zcu102_base_dfx_202220_1|C:/Xilinx/Vitis/2022.2/base_platforms/xilinx_zcu102_base_dfx_202220_1/xilinx_zcu102_base_dfx_202220_1.xpfm;xilinx_zcu104_base_202220_1|C:/Xilinx/Vitis/2022.2/base_platforms/xilinx_zcu104_base_202220_1/xilinx_zcu104_base_202220_1.xpfm
15:38:48 INFO  : Checking for BSP changes to sync application flags for project 'mb_usb1'...
15:39:08 INFO  : Connected to target on host '127.0.0.1' and port '3121'.
15:39:09 INFO  : Jtag cable 'RealDigital Boo 8874292302C0A' is selected.
15:39:09 INFO  : 'jtag frequency' command is executed.
15:39:09 INFO  : 'targets -set -filter {jtag_cable_name =~ "RealDigital Boo 8874292302C0A" && level==0 && jtag_device_ctx=="jsn1-0362f093-0"}' command is executed.
15:39:10 INFO  : Device configured successfully with "C:/Users/user/OneDrive/Documents/ECE385/ECE385/lab6/workspace3/mb_usb1/_ide/bitstream/mb_usb_hdmi_top.bit"
15:39:11 INFO  : Context for processor 'microblaze_0' is selected.
15:39:11 INFO  : Hardware design and registers information is loaded from 'C:/Users/user/OneDrive/Documents/ECE385/ECE385/lab6/workspace3/mb_usb_hdmi_top/export/mb_usb_hdmi_top/hw/mb_usb_hdmi_top.xsa'.
15:39:11 INFO  : 'configparams mdm-detect-bscan-mask 2' command is executed.
15:39:11 INFO  : Context for processor 'microblaze_0' is selected.
15:39:11 INFO  : System reset is completed.
15:39:14 INFO  : 'after 3000' command is executed.
15:39:14 INFO  : Context for processor 'microblaze_0' is selected.
15:39:14 INFO  : The application 'C:/Users/user/OneDrive/Documents/ECE385/ECE385/lab6/workspace3/mb_usb1/Debug/mb_usb1.elf' is downloaded to processor 'microblaze_0'.
15:39:14 INFO  : ----------------XSDB Script----------------
connect -url tcp:127.0.0.1:3121
targets -set -filter {jtag_cable_name =~ "RealDigital Boo 8874292302C0A" && level==0 && jtag_device_ctx=="jsn1-0362f093-0"}
fpga -file C:/Users/user/OneDrive/Documents/ECE385/ECE385/lab6/workspace3/mb_usb1/_ide/bitstream/mb_usb_hdmi_top.bit
targets -set -nocase -filter {name =~ "*microblaze*#0" && bscan=="USER2" }
loadhw -hw C:/Users/user/OneDrive/Documents/ECE385/ECE385/lab6/workspace3/mb_usb_hdmi_top/export/mb_usb_hdmi_top/hw/mb_usb_hdmi_top.xsa -regs
configparams mdm-detect-bscan-mask 2
targets -set -nocase -filter {name =~ "*microblaze*#0" && bscan=="USER2" }
rst -system
after 3000
targets -set -nocase -filter {name =~ "*microblaze*#0" && bscan=="USER2" }
dow C:/Users/user/OneDrive/Documents/ECE385/ECE385/lab6/workspace3/mb_usb1/Debug/mb_usb1.elf
----------------End of Script----------------

15:39:14 INFO  : Context for processor 'microblaze_0' is selected.
15:39:14 INFO  : 'con' command is executed.
15:39:14 INFO  : ----------------XSDB Script (After Launch)----------------
targets -set -nocase -filter {name =~ "*microblaze*#0" && bscan=="USER2" }
con
----------------End of Script----------------

15:39:14 INFO  : Disconnected from the channel tcfchan#5.
16:15:09 INFO  : Connected to target on host '127.0.0.1' and port '3121'.
16:15:10 INFO  : Jtag cable 'RealDigital Boo 8874292302C0A' is selected.
16:15:10 INFO  : 'jtag frequency' command is executed.
16:15:10 INFO  : 'targets -set -filter {jtag_cable_name =~ "RealDigital Boo 8874292302C0A" && level==0 && jtag_device_ctx=="jsn1-0362f093-0"}' command is executed.
16:15:11 INFO  : Device configured successfully with "C:/Users/user/OneDrive/Documents/ECE385/ECE385/lab6/workspace3/mb_usb1/_ide/bitstream/mb_usb_hdmi_top.bit"
16:15:11 INFO  : Context for processor 'microblaze_0' is selected.
16:15:11 INFO  : Hardware design and registers information is loaded from 'C:/Users/user/OneDrive/Documents/ECE385/ECE385/lab6/workspace3/mb_usb_hdmi_top/export/mb_usb_hdmi_top/hw/mb_usb_hdmi_top.xsa'.
16:15:11 INFO  : 'configparams mdm-detect-bscan-mask 2' command is executed.
16:15:11 INFO  : Context for processor 'microblaze_0' is selected.
16:15:11 INFO  : System reset is completed.
16:15:14 INFO  : 'after 3000' command is executed.
16:15:14 INFO  : Context for processor 'microblaze_0' is selected.
16:15:15 INFO  : The application 'C:/Users/user/OneDrive/Documents/ECE385/ECE385/lab6/workspace3/mb_usb1/Debug/mb_usb1.elf' is downloaded to processor 'microblaze_0'.
16:15:15 INFO  : ----------------XSDB Script----------------
connect -url tcp:127.0.0.1:3121
targets -set -filter {jtag_cable_name =~ "RealDigital Boo 8874292302C0A" && level==0 && jtag_device_ctx=="jsn1-0362f093-0"}
fpga -file C:/Users/user/OneDrive/Documents/ECE385/ECE385/lab6/workspace3/mb_usb1/_ide/bitstream/mb_usb_hdmi_top.bit
targets -set -nocase -filter {name =~ "*microblaze*#0" && bscan=="USER2" }
loadhw -hw C:/Users/user/OneDrive/Documents/ECE385/ECE385/lab6/workspace3/mb_usb_hdmi_top/export/mb_usb_hdmi_top/hw/mb_usb_hdmi_top.xsa -regs
configparams mdm-detect-bscan-mask 2
targets -set -nocase -filter {name =~ "*microblaze*#0" && bscan=="USER2" }
rst -system
after 3000
targets -set -nocase -filter {name =~ "*microblaze*#0" && bscan=="USER2" }
dow C:/Users/user/OneDrive/Documents/ECE385/ECE385/lab6/workspace3/mb_usb1/Debug/mb_usb1.elf
----------------End of Script----------------

16:15:15 INFO  : Context for processor 'microblaze_0' is selected.
16:15:15 INFO  : 'con' command is executed.
16:15:15 INFO  : ----------------XSDB Script (After Launch)----------------
targets -set -nocase -filter {name =~ "*microblaze*#0" && bscan=="USER2" }
con
----------------End of Script----------------

16:15:15 INFO  : Disconnected from the channel tcfchan#6.
16:56:45 INFO  : Connected to target on host '127.0.0.1' and port '3121'.
16:56:46 INFO  : Jtag cable 'RealDigital Boo 8874292302C0A' is selected.
16:56:46 INFO  : 'jtag frequency' command is executed.
16:56:46 INFO  : 'targets -set -filter {jtag_cable_name =~ "RealDigital Boo 8874292302C0A" && level==0 && jtag_device_ctx=="jsn1-0362f093-0"}' command is executed.
16:56:47 INFO  : Device configured successfully with "C:/Users/user/OneDrive/Documents/ECE385/ECE385/lab6/workspace3/mb_usb1/_ide/bitstream/mb_usb_hdmi_top.bit"
16:56:47 INFO  : Context for processor 'microblaze_0' is selected.
16:56:47 INFO  : Hardware design and registers information is loaded from 'C:/Users/user/OneDrive/Documents/ECE385/ECE385/lab6/workspace3/mb_usb_hdmi_top/export/mb_usb_hdmi_top/hw/mb_usb_hdmi_top.xsa'.
16:56:47 INFO  : 'configparams mdm-detect-bscan-mask 2' command is executed.
16:56:47 INFO  : Context for processor 'microblaze_0' is selected.
16:56:47 INFO  : System reset is completed.
16:56:50 INFO  : 'after 3000' command is executed.
16:56:50 INFO  : Context for processor 'microblaze_0' is selected.
16:56:50 INFO  : The application 'C:/Users/user/OneDrive/Documents/ECE385/ECE385/lab6/workspace3/mb_usb1/Debug/mb_usb1.elf' is downloaded to processor 'microblaze_0'.
16:56:50 INFO  : ----------------XSDB Script----------------
connect -url tcp:127.0.0.1:3121
targets -set -filter {jtag_cable_name =~ "RealDigital Boo 8874292302C0A" && level==0 && jtag_device_ctx=="jsn1-0362f093-0"}
fpga -file C:/Users/user/OneDrive/Documents/ECE385/ECE385/lab6/workspace3/mb_usb1/_ide/bitstream/mb_usb_hdmi_top.bit
targets -set -nocase -filter {name =~ "*microblaze*#0" && bscan=="USER2" }
loadhw -hw C:/Users/user/OneDrive/Documents/ECE385/ECE385/lab6/workspace3/mb_usb_hdmi_top/export/mb_usb_hdmi_top/hw/mb_usb_hdmi_top.xsa -regs
configparams mdm-detect-bscan-mask 2
targets -set -nocase -filter {name =~ "*microblaze*#0" && bscan=="USER2" }
rst -system
after 3000
targets -set -nocase -filter {name =~ "*microblaze*#0" && bscan=="USER2" }
dow C:/Users/user/OneDrive/Documents/ECE385/ECE385/lab6/workspace3/mb_usb1/Debug/mb_usb1.elf
----------------End of Script----------------

16:56:50 INFO  : Context for processor 'microblaze_0' is selected.
16:56:50 INFO  : 'con' command is executed.
16:56:50 INFO  : ----------------XSDB Script (After Launch)----------------
targets -set -nocase -filter {name =~ "*microblaze*#0" && bscan=="USER2" }
con
----------------End of Script----------------

16:56:50 INFO  : Disconnected from the channel tcfchan#7.
16:57:55 INFO  : Connected to target on host '127.0.0.1' and port '3121'.
16:57:56 INFO  : Jtag cable 'RealDigital Boo 8874292302C0A' is selected.
16:57:56 INFO  : 'jtag frequency' command is executed.
16:57:56 INFO  : 'targets -set -filter {jtag_cable_name =~ "RealDigital Boo 8874292302C0A" && level==0 && jtag_device_ctx=="jsn1-0362f093-0"}' command is executed.
16:57:57 INFO  : Device configured successfully with "C:/Users/user/OneDrive/Documents/ECE385/ECE385/lab6/workspace3/mb_usb1/_ide/bitstream/mb_usb_hdmi_top.bit"
16:57:57 INFO  : Context for processor 'microblaze_0' is selected.
16:57:57 INFO  : Hardware design and registers information is loaded from 'C:/Users/user/OneDrive/Documents/ECE385/ECE385/lab6/workspace3/mb_usb_hdmi_top/export/mb_usb_hdmi_top/hw/mb_usb_hdmi_top.xsa'.
16:57:57 INFO  : 'configparams mdm-detect-bscan-mask 2' command is executed.
16:57:57 INFO  : Context for processor 'microblaze_0' is selected.
16:57:57 INFO  : System reset is completed.
16:58:00 INFO  : 'after 3000' command is executed.
16:58:00 INFO  : Context for processor 'microblaze_0' is selected.
16:58:00 INFO  : The application 'C:/Users/user/OneDrive/Documents/ECE385/ECE385/lab6/workspace3/mb_usb1/Debug/mb_usb1.elf' is downloaded to processor 'microblaze_0'.
16:58:00 INFO  : ----------------XSDB Script----------------
connect -url tcp:127.0.0.1:3121
targets -set -filter {jtag_cable_name =~ "RealDigital Boo 8874292302C0A" && level==0 && jtag_device_ctx=="jsn1-0362f093-0"}
fpga -file C:/Users/user/OneDrive/Documents/ECE385/ECE385/lab6/workspace3/mb_usb1/_ide/bitstream/mb_usb_hdmi_top.bit
targets -set -nocase -filter {name =~ "*microblaze*#0" && bscan=="USER2" }
loadhw -hw C:/Users/user/OneDrive/Documents/ECE385/ECE385/lab6/workspace3/mb_usb_hdmi_top/export/mb_usb_hdmi_top/hw/mb_usb_hdmi_top.xsa -regs
configparams mdm-detect-bscan-mask 2
targets -set -nocase -filter {name =~ "*microblaze*#0" && bscan=="USER2" }
rst -system
after 3000
targets -set -nocase -filter {name =~ "*microblaze*#0" && bscan=="USER2" }
dow C:/Users/user/OneDrive/Documents/ECE385/ECE385/lab6/workspace3/mb_usb1/Debug/mb_usb1.elf
----------------End of Script----------------

16:58:00 INFO  : Context for processor 'microblaze_0' is selected.
16:58:01 INFO  : 'con' command is executed.
16:58:01 INFO  : ----------------XSDB Script (After Launch)----------------
targets -set -nocase -filter {name =~ "*microblaze*#0" && bscan=="USER2" }
con
----------------End of Script----------------

16:58:01 INFO  : Disconnected from the channel tcfchan#8.
