
*** Running vivado
    with args -log hdmi_block_hdmi_text_controller_0_0.vds -m64 -product Vivado -mode batch -messageDb vivado.pb -notrace -source hdmi_block_hdmi_text_controller_0_0.tcl



****** Vivado v2022.2 (64-bit)
  **** SW Build 3671981 on Fri Oct 14 05:00:03 MDT 2022
  **** IP Build 3669848 on Fri Oct 14 08:30:02 MDT 2022
    ** Copyright 1986-2022 Xilinx, Inc. All Rights Reserved.

source hdmi_block_hdmi_text_controller_0_0.tcl -notrace
create_project: Time (s): cpu = 00:00:01 ; elapsed = 00:00:05 . Memory (MB): peak = 1003.062 ; gain = 118.590
INFO: [IP_Flow 19-234] Refreshing IP repositories
INFO: [IP_Flow 19-1700] Loaded user IP repository 'c:/Users/user/OneDrive/Documents/ECE385/ECE385/ip_repo/hdmi_text_controller_1_0'.
WARNING: [IP_Flow 19-2248] Failed to load user IP repository 'c:/Users/user/Downloads/hdmi_tx_1.0'; Can't find the specified path.
If this directory should no longer be in your list of user repositories, go to the IP Settings dialog and remove it.
INFO: [IP_Flow 19-2313] Loaded Vivado IP repository 'C:/Xilinx/Vivado/2022.2/data/ip'.
INFO: [IP_Flow 19-6924] IPCACHE: Running cache check for IP inst: hdmi_block_hdmi_text_controller_0_0
Command: synth_design -top hdmi_block_hdmi_text_controller_0_0 -part xc7s50csga324-1 -incremental_mode off -mode out_of_context
Starting synth_design
Attempting to get a license for feature 'Synthesis' and/or device 'xc7s50'
INFO: [Common 17-349] Got license for feature 'Synthesis' and/or device 'xc7s50'
INFO: [Device 21-403] Loading part xc7s50csga324-1
INFO: [Synth 8-7079] Multithreading enabled for synth_design using a maximum of 2 processes.
INFO: [Synth 8-7078] Launching helper process for spawning children vivado processes
INFO: [Synth 8-7075] Helper process launched with PID 51228

*** Running vivado
    with args -log hdmi_block_hdmi_text_controller_0_0.vds -m64 -product Vivado -mode batch -messageDb vivado.pb -notrace -source hdmi_block_hdmi_text_controller_0_0.tcl



****** Vivado v2022.2 (64-bit)
  **** SW Build 3671981 on Fri Oct 14 05:00:03 MDT 2022
  **** IP Build 3669848 on Fri Oct 14 08:30:02 MDT 2022
    ** Copyright 1986-2022 Xilinx, Inc. All Rights Reserved.

source hdmi_block_hdmi_text_controller_0_0.tcl -notrace
INFO: [IP_Flow 19-234] Refreshing IP repositories
INFO: [IP_Flow 19-1700] Loaded user IP repository 'c:/Users/user/OneDrive/Documents/ECE385/ECE385/ip_repo/hdmi_text_controller_1_0'.
WARNING: [IP_Flow 19-2248] Failed to load user IP repository 'c:/Users/user/Downloads/hdmi_tx_1.0'; Can't find the specified path.
If this directory should no longer be in your list of user repositories, go to the IP Settings dialog and remove it.
INFO: [IP_Flow 19-2313] Loaded Vivado IP repository 'C:/Xilinx/Vivado/2022.2/data/ip'.
INFO: [IP_Flow 19-6924] IPCACHE: Running cache check for IP inst: hdmi_block_hdmi_text_controller_0_0
Command: synth_design -top hdmi_block_hdmi_text_controller_0_0 -part xc7s50csga324-1 -incremental_mode off -mode out_of_context
Starting synth_design
Attempting to get a license for feature 'Synthesis' and/or device 'xc7s50'
INFO: [Common 17-349] Got license for feature 'Synthesis' and/or device 'xc7s50'
INFO: [Device 21-403] Loading part xc7s50csga324-1
INFO: [Synth 8-7079] Multithreading enabled for synth_design using a maximum of 2 processes.
INFO: [Synth 8-7078] Launching helper process for spawning children vivado processes
INFO: [Synth 8-7075] Helper process launched with PID 52016
INFO: [Synth 8-11241] undeclared symbol 'REGCCE', assumed default net type 'wire' [C:/Xilinx/Vivado/2022.2/data/verilog/src/unimacro/BRAM_SINGLE_MACRO.v:2170]
WARNING: [Synth 8-11065] parameter 'CTRLTOKEN0' becomes localparam in 'encode' with formal parameter declaration list [c:/Users/user/OneDrive/Documents/ECE385/ECE385/lab7/lab7.gen/sources_1/bd/hdmi_block/ip/hdmi_block_hdmi_text_controller_0_0/src/hdmi_tx_1.0/hdl/encode.v:145]
WARNING: [Synth 8-11065] parameter 'CTRLTOKEN1' becomes localparam in 'encode' with formal parameter declaration list [c:/Users/user/OneDrive/Documents/ECE385/ECE385/lab7/lab7.gen/sources_1/bd/hdmi_block/ip/hdmi_block_hdmi_text_controller_0_0/src/hdmi_tx_1.0/hdl/encode.v:146]
WARNING: [Synth 8-11065] parameter 'CTRLTOKEN2' becomes localparam in 'encode' with formal parameter declaration list [c:/Users/user/OneDrive/Documents/ECE385/ECE385/lab7/lab7.gen/sources_1/bd/hdmi_block/ip/hdmi_block_hdmi_text_controller_0_0/src/hdmi_tx_1.0/hdl/encode.v:147]
WARNING: [Synth 8-11065] parameter 'CTRLTOKEN3' becomes localparam in 'encode' with formal parameter declaration list [c:/Users/user/OneDrive/Documents/ECE385/ECE385/lab7/lab7.gen/sources_1/bd/hdmi_block/ip/hdmi_block_hdmi_text_controller_0_0/src/hdmi_tx_1.0/hdl/encode.v:148]
---------------------------------------------------------------------------------
Starting RTL Elaboration : Time (s): cpu = 00:00:06 ; elapsed = 00:00:08 . Memory (MB): peak = 1819.047 ; gain = 407.117
---------------------------------------------------------------------------------
INFO: [Synth 8-6157] synthesizing module 'hdmi_block_hdmi_text_controller_0_0' [c:/Users/user/OneDrive/Documents/ECE385/ECE385/lab7/lab7.gen/sources_1/bd/hdmi_block/ip/hdmi_block_hdmi_text_controller_0_0/synth/hdmi_block_hdmi_text_controller_0_0.sv:53]
INFO: [Synth 8-6157] synthesizing module 'hdmi_text_controller_v1_0' [c:/Users/user/OneDrive/Documents/ECE385/ECE385/lab7/lab7.gen/sources_1/bd/hdmi_block/ipshared/31fc/src/hdmi_text_controller_v1_0.sv:9]
INFO: [Synth 8-6157] synthesizing module 'hdmi_text_controller_v1_0_AXI' [c:/Users/user/OneDrive/Documents/ECE385/ECE385/lab7/lab7.gen/sources_1/bd/hdmi_block/ipshared/31fc/src/hdmi_text_controller_v1_0_AXI.sv:27]
INFO: [Synth 8-638] synthesizing module 'blk_mem_gen_0' [c:/Users/user/OneDrive/Documents/ECE385/ECE385/lab7/lab7.gen/sources_1/bd/hdmi_block/ip/hdmi_block_hdmi_text_controller_0_0/src/blk_mem_gen_0/synth/blk_mem_gen_0.vhd:76]
	Parameter C_FAMILY bound to: spartan7 - type: string 
	Parameter C_XDEVICEFAMILY bound to: spartan7 - type: string 
	Parameter C_ELABORATION_DIR bound to: ./ - type: string 
	Parameter C_INTERFACE_TYPE bound to: 0 - type: integer 
	Parameter C_AXI_TYPE bound to: 1 - type: integer 
	Parameter C_AXI_SLAVE_TYPE bound to: 0 - type: integer 
	Parameter C_USE_BRAM_BLOCK bound to: 0 - type: integer 
	Parameter C_ENABLE_32BIT_ADDRESS bound to: 0 - type: integer 
	Parameter C_CTRL_ECC_ALGO bound to: NONE - type: string 
	Parameter C_HAS_AXI_ID bound to: 0 - type: integer 
	Parameter C_AXI_ID_WIDTH bound to: 4 - type: integer 
	Parameter C_MEM_TYPE bound to: 2 - type: integer 
	Parameter C_BYTE_SIZE bound to: 9 - type: integer 
	Parameter C_ALGORITHM bound to: 1 - type: integer 
	Parameter C_PRIM_TYPE bound to: 1 - type: integer 
	Parameter C_LOAD_INIT_FILE bound to: 0 - type: integer 
	Parameter C_INIT_FILE_NAME bound to: no_coe_file_loaded - type: string 
	Parameter C_INIT_FILE bound to: blk_mem_gen_0.mem - type: string 
	Parameter C_USE_DEFAULT_DATA bound to: 0 - type: integer 
	Parameter C_DEFAULT_DATA bound to: 0 - type: string 
	Parameter C_HAS_RSTA bound to: 0 - type: integer 
	Parameter C_RST_PRIORITY_A bound to: CE - type: string 
	Parameter C_RSTRAM_A bound to: 0 - type: integer 
	Parameter C_INITA_VAL bound to: 0 - type: string 
	Parameter C_HAS_ENA bound to: 1 - type: integer 
	Parameter C_HAS_REGCEA bound to: 0 - type: integer 
	Parameter C_USE_BYTE_WEA bound to: 0 - type: integer 
	Parameter C_WEA_WIDTH bound to: 1 - type: integer 
	Parameter C_WRITE_MODE_A bound to: WRITE_FIRST - type: string 
	Parameter C_WRITE_WIDTH_A bound to: 32 - type: integer 
	Parameter C_READ_WIDTH_A bound to: 32 - type: integer 
	Parameter C_WRITE_DEPTH_A bound to: 1200 - type: integer 
	Parameter C_READ_DEPTH_A bound to: 1200 - type: integer 
	Parameter C_ADDRA_WIDTH bound to: 11 - type: integer 
	Parameter C_HAS_RSTB bound to: 0 - type: integer 
	Parameter C_RST_PRIORITY_B bound to: CE - type: string 
	Parameter C_RSTRAM_B bound to: 0 - type: integer 
	Parameter C_INITB_VAL bound to: 0 - type: string 
	Parameter C_HAS_ENB bound to: 1 - type: integer 
	Parameter C_HAS_REGCEB bound to: 0 - type: integer 
	Parameter C_USE_BYTE_WEB bound to: 0 - type: integer 
	Parameter C_WEB_WIDTH bound to: 1 - type: integer 
	Parameter C_WRITE_MODE_B bound to: WRITE_FIRST - type: string 
	Parameter C_WRITE_WIDTH_B bound to: 32 - type: integer 
	Parameter C_READ_WIDTH_B bound to: 32 - type: integer 
	Parameter C_WRITE_DEPTH_B bound to: 1200 - type: integer 
	Parameter C_READ_DEPTH_B bound to: 1200 - type: integer 
	Parameter C_ADDRB_WIDTH bound to: 11 - type: integer 
	Parameter C_HAS_MEM_OUTPUT_REGS_A bound to: 0 - type: integer 
	Parameter C_HAS_MEM_OUTPUT_REGS_B bound to: 0 - type: integer 
	Parameter C_HAS_MUX_OUTPUT_REGS_A bound to: 0 - type: integer 
	Parameter C_HAS_MUX_OUTPUT_REGS_B bound to: 0 - type: integer 
	Parameter C_MUX_PIPELINE_STAGES bound to: 0 - type: integer 
	Parameter C_HAS_SOFTECC_INPUT_REGS_A bound to: 0 - type: integer 
	Parameter C_HAS_SOFTECC_OUTPUT_REGS_B bound to: 0 - type: integer 
	Parameter C_USE_SOFTECC bound to: 0 - type: integer 
	Parameter C_USE_ECC bound to: 0 - type: integer 
	Parameter C_EN_ECC_PIPE bound to: 0 - type: integer 
	Parameter C_READ_LATENCY_A bound to: 1 - type: integer 
	Parameter C_READ_LATENCY_B bound to: 1 - type: integer 
	Parameter C_HAS_INJECTERR bound to: 0 - type: integer 
	Parameter C_SIM_COLLISION_CHECK bound to: ALL - type: string 
	Parameter C_COMMON_CLK bound to: 0 - type: integer 
	Parameter C_DISABLE_WARN_BHV_COLL bound to: 0 - type: integer 
	Parameter C_EN_SLEEP_PIN bound to: 0 - type: integer 
	Parameter C_USE_URAM bound to: 0 - type: integer 
	Parameter C_EN_RDADDRA_CHG bound to: 0 - type: integer 
	Parameter C_EN_RDADDRB_CHG bound to: 0 - type: integer 
	Parameter C_EN_DEEPSLEEP_PIN bound to: 0 - type: integer 
	Parameter C_EN_SHUTDOWN_PIN bound to: 0 - type: integer 
	Parameter C_EN_SAFETY_CKT bound to: 0 - type: integer 
	Parameter C_DISABLE_WARN_BHV_RANGE bound to: 0 - type: integer 
	Parameter C_COUNT_36K_BRAM bound to: 2 - type: string 
	Parameter C_COUNT_18K_BRAM bound to: 0 - type: string 
	Parameter C_EST_POWER_SUMMARY bound to: Estimated Power for IP     :     10.698 mW - type: string 
INFO: [Synth 8-3491] module 'blk_mem_gen_v8_4_5' declared at 'c:/Users/user/OneDrive/Documents/ECE385/ECE385/lab7/lab7.gen/sources_1/bd/hdmi_block/ip/hdmi_block_hdmi_text_controller_0_0/src/blk_mem_gen_0/hdl/blk_mem_gen_v8_4_vhsyn_rfs.vhd:195321' bound to instance 'U0' of component 'blk_mem_gen_v8_4_5' [c:/Users/user/OneDrive/Documents/ECE385/ECE385/lab7/lab7.gen/sources_1/bd/hdmi_block/ip/hdmi_block_hdmi_text_controller_0_0/src/blk_mem_gen_0/synth/blk_mem_gen_0.vhd:249]
INFO: [Synth 8-256] done synthesizing module 'blk_mem_gen_0' (0#1) [c:/Users/user/OneDrive/Documents/ECE385/ECE385/lab7/lab7.gen/sources_1/bd/hdmi_block/ip/hdmi_block_hdmi_text_controller_0_0/src/blk_mem_gen_0/synth/blk_mem_gen_0.vhd:76]
WARNING: [Synth 8-689] width (4) of port connection 'wea' does not match port width (1) of module 'blk_mem_gen_0' [c:/Users/user/OneDrive/Documents/ECE385/ECE385/lab7/lab7.gen/sources_1/bd/hdmi_block/ipshared/31fc/src/hdmi_text_controller_v1_0_AXI.sv:497]
WARNING: [Synth 8-689] width (12) of port connection 'addrb' does not match port width (11) of module 'blk_mem_gen_0' [c:/Users/user/OneDrive/Documents/ECE385/ECE385/lab7/lab7.gen/sources_1/bd/hdmi_block/ipshared/31fc/src/hdmi_text_controller_v1_0_AXI.sv:498]
INFO: [Synth 8-6155] done synthesizing module 'hdmi_text_controller_v1_0_AXI' (0#1) [c:/Users/user/OneDrive/Documents/ECE385/ECE385/lab7/lab7.gen/sources_1/bd/hdmi_block/ipshared/31fc/src/hdmi_text_controller_v1_0_AXI.sv:27]
INFO: [Synth 8-6157] synthesizing module 'vga_controller' [c:/Users/user/OneDrive/Documents/ECE385/ECE385/lab7/lab7.gen/sources_1/bd/hdmi_block/ipshared/31fc/src/VGA_controller.sv:26]
INFO: [Synth 8-6155] done synthesizing module 'vga_controller' (0#1) [c:/Users/user/OneDrive/Documents/ECE385/ECE385/lab7/lab7.gen/sources_1/bd/hdmi_block/ipshared/31fc/src/VGA_controller.sv:26]
INFO: [Synth 8-6157] synthesizing module 'hdmi_tx_0' [c:/Users/user/OneDrive/Documents/ECE385/ECE385/lab7/lab7.gen/sources_1/bd/hdmi_block/ip/hdmi_block_hdmi_text_controller_0_0/src/hdmi_tx_1.0/synth/hdmi_tx_0.v:53]
INFO: [Synth 8-6157] synthesizing module 'hdmi_tx_v1_0' [c:/Users/user/OneDrive/Documents/ECE385/ECE385/lab7/lab7.gen/sources_1/bd/hdmi_block/ip/hdmi_block_hdmi_text_controller_0_0/src/hdmi_tx_1.0/hdl/hdmi_tx_v1_0.v:70]
INFO: [Synth 8-6157] synthesizing module 'srldelay' [c:/Users/user/OneDrive/Documents/ECE385/ECE385/lab7/lab7.gen/sources_1/bd/hdmi_block/ip/hdmi_block_hdmi_text_controller_0_0/src/hdmi_tx_1.0/hdl/srldelay.v:70]
INFO: [Synth 8-6157] synthesizing module 'SRL16E' [C:/Xilinx/Vivado/2022.2/scripts/rt/data/unisim_comp.v:131644]
INFO: [Synth 8-6155] done synthesizing module 'SRL16E' (0#1) [C:/Xilinx/Vivado/2022.2/scripts/rt/data/unisim_comp.v:131644]
INFO: [Synth 8-6155] done synthesizing module 'srldelay' (0#1) [c:/Users/user/OneDrive/Documents/ECE385/ECE385/lab7/lab7.gen/sources_1/bd/hdmi_block/ip/hdmi_block_hdmi_text_controller_0_0/src/hdmi_tx_1.0/hdl/srldelay.v:70]
INFO: [Synth 8-6157] synthesizing module 'encode' [c:/Users/user/OneDrive/Documents/ECE385/ECE385/lab7/lab7.gen/sources_1/bd/hdmi_block/ip/hdmi_block_hdmi_text_controller_0_0/src/hdmi_tx_1.0/hdl/encode.v:79]
INFO: [Synth 8-6155] done synthesizing module 'encode' (0#1) [c:/Users/user/OneDrive/Documents/ECE385/ECE385/lab7/lab7.gen/sources_1/bd/hdmi_block/ip/hdmi_block_hdmi_text_controller_0_0/src/hdmi_tx_1.0/hdl/encode.v:79]
INFO: [Synth 8-6157] synthesizing module 'encode__parameterized0' [c:/Users/user/OneDrive/Documents/ECE385/ECE385/lab7/lab7.gen/sources_1/bd/hdmi_block/ip/hdmi_block_hdmi_text_controller_0_0/src/hdmi_tx_1.0/hdl/encode.v:79]
INFO: [Synth 8-6155] done synthesizing module 'encode__parameterized0' (0#1) [c:/Users/user/OneDrive/Documents/ECE385/ECE385/lab7/lab7.gen/sources_1/bd/hdmi_block/ip/hdmi_block_hdmi_text_controller_0_0/src/hdmi_tx_1.0/hdl/encode.v:79]
INFO: [Synth 8-6157] synthesizing module 'encode__parameterized1' [c:/Users/user/OneDrive/Documents/ECE385/ECE385/lab7/lab7.gen/sources_1/bd/hdmi_block/ip/hdmi_block_hdmi_text_controller_0_0/src/hdmi_tx_1.0/hdl/encode.v:79]
INFO: [Synth 8-6155] done synthesizing module 'encode__parameterized1' (0#1) [c:/Users/user/OneDrive/Documents/ECE385/ECE385/lab7/lab7.gen/sources_1/bd/hdmi_block/ip/hdmi_block_hdmi_text_controller_0_0/src/hdmi_tx_1.0/hdl/encode.v:79]
INFO: [Synth 8-6157] synthesizing module 'serdes_10_to_1' [c:/Users/user/OneDrive/Documents/ECE385/ECE385/lab7/lab7.gen/sources_1/bd/hdmi_block/ip/hdmi_block_hdmi_text_controller_0_0/src/hdmi_tx_1.0/hdl/serdes_10_to_1.v:43]
INFO: [Synth 8-6157] synthesizing module 'OSERDESE2' [C:/Xilinx/Vivado/2022.2/scripts/rt/data/unisim_comp.v:94875]
INFO: [Synth 8-6155] done synthesizing module 'OSERDESE2' (0#1) [C:/Xilinx/Vivado/2022.2/scripts/rt/data/unisim_comp.v:94875]
INFO: [Synth 8-6157] synthesizing module 'OSERDESE2__parameterized0' [C:/Xilinx/Vivado/2022.2/scripts/rt/data/unisim_comp.v:94875]
INFO: [Synth 8-6155] done synthesizing module 'OSERDESE2__parameterized0' (0#1) [C:/Xilinx/Vivado/2022.2/scripts/rt/data/unisim_comp.v:94875]
INFO: [Synth 8-6155] done synthesizing module 'serdes_10_to_1' (0#1) [c:/Users/user/OneDrive/Documents/ECE385/ECE385/lab7/lab7.gen/sources_1/bd/hdmi_block/ip/hdmi_block_hdmi_text_controller_0_0/src/hdmi_tx_1.0/hdl/serdes_10_to_1.v:43]
INFO: [Synth 8-6157] synthesizing module 'OBUFDS' [C:/Xilinx/Vivado/2022.2/scripts/rt/data/unisim_comp.v:90676]
INFO: [Synth 8-6155] done synthesizing module 'OBUFDS' (0#1) [C:/Xilinx/Vivado/2022.2/scripts/rt/data/unisim_comp.v:90676]
INFO: [Synth 8-6155] done synthesizing module 'hdmi_tx_v1_0' (0#1) [c:/Users/user/OneDrive/Documents/ECE385/ECE385/lab7/lab7.gen/sources_1/bd/hdmi_block/ip/hdmi_block_hdmi_text_controller_0_0/src/hdmi_tx_1.0/hdl/hdmi_tx_v1_0.v:70]
INFO: [Synth 8-6155] done synthesizing module 'hdmi_tx_0' (0#1) [c:/Users/user/OneDrive/Documents/ECE385/ECE385/lab7/lab7.gen/sources_1/bd/hdmi_block/ip/hdmi_block_hdmi_text_controller_0_0/src/hdmi_tx_1.0/synth/hdmi_tx_0.v:53]
INFO: [Synth 8-6157] synthesizing module 'clk_wiz_0' [c:/Users/user/OneDrive/Documents/ECE385/ECE385/lab7/lab7.gen/sources_1/bd/hdmi_block/ip/hdmi_block_hdmi_text_controller_0_0/src/clk_wiz_0/clk_wiz_0.v:69]
INFO: [Synth 8-6157] synthesizing module 'clk_wiz_0_clk_wiz' [c:/Users/user/OneDrive/Documents/ECE385/ECE385/lab7/lab7.gen/sources_1/bd/hdmi_block/ip/hdmi_block_hdmi_text_controller_0_0/src/clk_wiz_0/clk_wiz_0_clk_wiz.v:69]
INFO: [Synth 8-6157] synthesizing module 'MMCME2_ADV' [C:/Xilinx/Vivado/2022.2/scripts/rt/data/unisim_comp.v:79852]
INFO: [Synth 8-6155] done synthesizing module 'MMCME2_ADV' (0#1) [C:/Xilinx/Vivado/2022.2/scripts/rt/data/unisim_comp.v:79852]
INFO: [Synth 8-6157] synthesizing module 'BUFG' [C:/Xilinx/Vivado/2022.2/scripts/rt/data/unisim_comp.v:1082]
INFO: [Synth 8-6155] done synthesizing module 'BUFG' (0#1) [C:/Xilinx/Vivado/2022.2/scripts/rt/data/unisim_comp.v:1082]
INFO: [Synth 8-6155] done synthesizing module 'clk_wiz_0_clk_wiz' (0#1) [c:/Users/user/OneDrive/Documents/ECE385/ECE385/lab7/lab7.gen/sources_1/bd/hdmi_block/ip/hdmi_block_hdmi_text_controller_0_0/src/clk_wiz_0/clk_wiz_0_clk_wiz.v:69]
INFO: [Synth 8-6155] done synthesizing module 'clk_wiz_0' (0#1) [c:/Users/user/OneDrive/Documents/ECE385/ECE385/lab7/lab7.gen/sources_1/bd/hdmi_block/ip/hdmi_block_hdmi_text_controller_0_0/src/clk_wiz_0/clk_wiz_0.v:69]
INFO: [Synth 8-6157] synthesizing module 'color_mapper' [c:/Users/user/OneDrive/Documents/ECE385/ECE385/lab7/lab7.gen/sources_1/bd/hdmi_block/ipshared/31fc/src/Color_Mapper.sv:17]
INFO: [Synth 8-6157] synthesizing module 'font_rom' [c:/Users/user/OneDrive/Documents/ECE385/ECE385/lab7/lab7.gen/sources_1/bd/hdmi_block/ipshared/31fc/src/font_rom.sv:1]
INFO: [Synth 8-6155] done synthesizing module 'font_rom' (0#1) [c:/Users/user/OneDrive/Documents/ECE385/ECE385/lab7/lab7.gen/sources_1/bd/hdmi_block/ipshared/31fc/src/font_rom.sv:1]
INFO: [Synth 8-6155] done synthesizing module 'color_mapper' (0#1) [c:/Users/user/OneDrive/Documents/ECE385/ECE385/lab7/lab7.gen/sources_1/bd/hdmi_block/ipshared/31fc/src/Color_Mapper.sv:17]
INFO: [Synth 8-6155] done synthesizing module 'hdmi_text_controller_v1_0' (0#1) [c:/Users/user/OneDrive/Documents/ECE385/ECE385/lab7/lab7.gen/sources_1/bd/hdmi_block/ipshared/31fc/src/hdmi_text_controller_v1_0.sv:9]
INFO: [Synth 8-6155] done synthesizing module 'hdmi_block_hdmi_text_controller_0_0' (0#1) [c:/Users/user/OneDrive/Documents/ECE385/ECE385/lab7/lab7.gen/sources_1/bd/hdmi_block/ip/hdmi_block_hdmi_text_controller_0_0/synth/hdmi_block_hdmi_text_controller_0_0.sv:53]
WARNING: [Synth 8-3848] Net axi_rdata in module/entity hdmi_text_controller_v1_0_AXI does not have driver. [c:/Users/user/OneDrive/Documents/ECE385/ECE385/lab7/lab7.gen/sources_1/bd/hdmi_block/ipshared/31fc/src/hdmi_text_controller_v1_0_AXI.sv:126]
WARNING: [Synth 8-3848] Net data_into_brama in module/entity hdmi_text_controller_v1_0_AXI does not have driver. [c:/Users/user/OneDrive/Documents/ECE385/ECE385/lab7/lab7.gen/sources_1/bd/hdmi_block/ipshared/31fc/src/hdmi_text_controller_v1_0_AXI.sv:161]
WARNING: [Synth 8-6014] Unused sequential element hdmi_ctl1_reg was removed.  [c:/Users/user/OneDrive/Documents/ECE385/ECE385/lab7/lab7.gen/sources_1/bd/hdmi_block/ip/hdmi_block_hdmi_text_controller_0_0/src/hdmi_tx_1.0/hdl/hdmi_tx_v1_0.v:148]
WARNING: [Synth 8-3936] Found unconnected internal register 'word_data_reg' and it is trimmed from '32' to '24' bits. [c:/Users/user/OneDrive/Documents/ECE385/ECE385/lab7/lab7.gen/sources_1/bd/hdmi_block/ipshared/31fc/src/Color_Mapper.sv:120]
WARNING: [Synth 8-87] always_comb on 'pallete_selecter_back_reg' did not result in combinational logic [c:/Users/user/OneDrive/Documents/ECE385/ECE385/lab7/lab7.gen/sources_1/bd/hdmi_block/ipshared/31fc/src/Color_Mapper.sv:171]
WARNING: [Synth 8-87] always_comb on 'pallete_selecter_fore_reg' did not result in combinational logic [c:/Users/user/OneDrive/Documents/ECE385/ECE385/lab7/lab7.gen/sources_1/bd/hdmi_block/ipshared/31fc/src/Color_Mapper.sv:172]
WARNING: [Synth 8-87] always_comb on 'pallete_selecter_reg' did not result in combinational logic [c:/Users/user/OneDrive/Documents/ECE385/ECE385/lab7/lab7.gen/sources_1/bd/hdmi_block/ipshared/31fc/src/Color_Mapper.sv:189]
WARNING: [Synth 8-87] always_comb on 'Red_reg' did not result in combinational logic [c:/Users/user/OneDrive/Documents/ECE385/ECE385/lab7/lab7.gen/sources_1/bd/hdmi_block/ipshared/31fc/src/Color_Mapper.sv:192]
WARNING: [Synth 8-87] always_comb on 'Green_reg' did not result in combinational logic [c:/Users/user/OneDrive/Documents/ECE385/ECE385/lab7/lab7.gen/sources_1/bd/hdmi_block/ipshared/31fc/src/Color_Mapper.sv:193]
WARNING: [Synth 8-87] always_comb on 'Blue_reg' did not result in combinational logic [c:/Users/user/OneDrive/Documents/ECE385/ECE385/lab7/lab7.gen/sources_1/bd/hdmi_block/ipshared/31fc/src/Color_Mapper.sv:194]
WARNING: [Synth 8-7129] Port pallete_data[31] in module color_mapper is either unconnected or has no load
WARNING: [Synth 8-7129] Port pallete_data[30] in module color_mapper is either unconnected or has no load
WARNING: [Synth 8-7129] Port pallete_data[29] in module color_mapper is either unconnected or has no load
WARNING: [Synth 8-7129] Port pallete_data[28] in module color_mapper is either unconnected or has no load
WARNING: [Synth 8-7129] Port pallete_data[27] in module color_mapper is either unconnected or has no load
WARNING: [Synth 8-7129] Port pallete_data[26] in module color_mapper is either unconnected or has no load
WARNING: [Synth 8-7129] Port pallete_data[25] in module color_mapper is either unconnected or has no load
WARNING: [Synth 8-7129] Port pallete_data[0] in module color_mapper is either unconnected or has no load
WARNING: [Synth 8-7129] Port CLKB in module blk_mem_output_block is either unconnected or has no load
WARNING: [Synth 8-7129] Port SBITERR_I in module blk_mem_output_block is either unconnected or has no load
WARNING: [Synth 8-7129] Port DBITERR_I in module blk_mem_output_block is either unconnected or has no load
WARNING: [Synth 8-7129] Port RDADDRECC_I[10] in module blk_mem_output_block is either unconnected or has no load
WARNING: [Synth 8-7129] Port RDADDRECC_I[9] in module blk_mem_output_block is either unconnected or has no load
WARNING: [Synth 8-7129] Port RDADDRECC_I[8] in module blk_mem_output_block is either unconnected or has no load
WARNING: [Synth 8-7129] Port RDADDRECC_I[7] in module blk_mem_output_block is either unconnected or has no load
WARNING: [Synth 8-7129] Port RDADDRECC_I[6] in module blk_mem_output_block is either unconnected or has no load
WARNING: [Synth 8-7129] Port RDADDRECC_I[5] in module blk_mem_output_block is either unconnected or has no load
WARNING: [Synth 8-7129] Port RDADDRECC_I[4] in module blk_mem_output_block is either unconnected or has no load
WARNING: [Synth 8-7129] Port RDADDRECC_I[3] in module blk_mem_output_block is either unconnected or has no load
WARNING: [Synth 8-7129] Port RDADDRECC_I[2] in module blk_mem_output_block is either unconnected or has no load
WARNING: [Synth 8-7129] Port RDADDRECC_I[1] in module blk_mem_output_block is either unconnected or has no load
WARNING: [Synth 8-7129] Port RDADDRECC_I[0] in module blk_mem_output_block is either unconnected or has no load
WARNING: [Synth 8-7129] Port SBITERR in module blk_mem_gen_prim_wrapper__parameterized0 is either unconnected or has no load
WARNING: [Synth 8-7129] Port DBITERR in module blk_mem_gen_prim_wrapper__parameterized0 is either unconnected or has no load
WARNING: [Synth 8-7129] Port SSRA in module blk_mem_gen_prim_wrapper__parameterized0 is either unconnected or has no load
WARNING: [Synth 8-7129] Port SSRB in module blk_mem_gen_prim_wrapper__parameterized0 is either unconnected or has no load
WARNING: [Synth 8-7129] Port SLEEP in module blk_mem_gen_prim_wrapper__parameterized0 is either unconnected or has no load
WARNING: [Synth 8-7129] Port INJECTSBITERR in module blk_mem_gen_prim_wrapper__parameterized0 is either unconnected or has no load
WARNING: [Synth 8-7129] Port INJECTDBITERR in module blk_mem_gen_prim_wrapper__parameterized0 is either unconnected or has no load
WARNING: [Synth 8-7129] Port ECCPIPECE in module blk_mem_gen_prim_wrapper__parameterized0 is either unconnected or has no load
WARNING: [Synth 8-7129] Port SBITERR in module blk_mem_gen_prim_wrapper is either unconnected or has no load
WARNING: [Synth 8-7129] Port DBITERR in module blk_mem_gen_prim_wrapper is either unconnected or has no load
WARNING: [Synth 8-7129] Port SSRA in module blk_mem_gen_prim_wrapper is either unconnected or has no load
WARNING: [Synth 8-7129] Port SSRB in module blk_mem_gen_prim_wrapper is either unconnected or has no load
WARNING: [Synth 8-7129] Port SLEEP in module blk_mem_gen_prim_wrapper is either unconnected or has no load
WARNING: [Synth 8-7129] Port INJECTSBITERR in module blk_mem_gen_prim_wrapper is either unconnected or has no load
WARNING: [Synth 8-7129] Port INJECTDBITERR in module blk_mem_gen_prim_wrapper is either unconnected or has no load
WARNING: [Synth 8-7129] Port ECCPIPECE in module blk_mem_gen_prim_wrapper is either unconnected or has no load
WARNING: [Synth 8-7129] Port REGCEA[0] in module blk_mem_gen_generic_cstr is either unconnected or has no load
WARNING: [Synth 8-7129] Port WEA[3] in module blk_mem_gen_generic_cstr is either unconnected or has no load
WARNING: [Synth 8-7129] Port WEA[2] in module blk_mem_gen_generic_cstr is either unconnected or has no load
WARNING: [Synth 8-7129] Port WEA[1] in module blk_mem_gen_generic_cstr is either unconnected or has no load
WARNING: [Synth 8-7129] Port REGCEB[0] in module blk_mem_gen_generic_cstr is either unconnected or has no load
WARNING: [Synth 8-7129] Port WEB[3] in module blk_mem_gen_generic_cstr is either unconnected or has no load
WARNING: [Synth 8-7129] Port WEB[2] in module blk_mem_gen_generic_cstr is either unconnected or has no load
WARNING: [Synth 8-7129] Port WEB[1] in module blk_mem_gen_generic_cstr is either unconnected or has no load
WARNING: [Synth 8-7129] Port INJECTSBITERR in module blk_mem_gen_generic_cstr is either unconnected or has no load
WARNING: [Synth 8-7129] Port INJECTDBITERR in module blk_mem_gen_generic_cstr is either unconnected or has no load
WARNING: [Synth 8-7129] Port RSTA in module blk_mem_input_block is either unconnected or has no load
WARNING: [Synth 8-7129] Port REGCEA in module blk_mem_input_block is either unconnected or has no load
WARNING: [Synth 8-7129] Port RSTB in module blk_mem_input_block is either unconnected or has no load
WARNING: [Synth 8-7129] Port REGCEB in module blk_mem_input_block is either unconnected or has no load
WARNING: [Synth 8-7129] Port INJECTDBITERR in module blk_mem_input_block is either unconnected or has no load
WARNING: [Synth 8-7129] Port INJECTSBITERR in module blk_mem_input_block is either unconnected or has no load
WARNING: [Synth 8-7129] Port S_AClk in module blk_mem_gen_v8_4_5_synth is either unconnected or has no load
WARNING: [Synth 8-7129] Port S_ARESETN in module blk_mem_gen_v8_4_5_synth is either unconnected or has no load
WARNING: [Synth 8-7129] Port S_AXI_AWID[3] in module blk_mem_gen_v8_4_5_synth is either unconnected or has no load
WARNING: [Synth 8-7129] Port S_AXI_AWID[2] in module blk_mem_gen_v8_4_5_synth is either unconnected or has no load
WARNING: [Synth 8-7129] Port S_AXI_AWID[1] in module blk_mem_gen_v8_4_5_synth is either unconnected or has no load
WARNING: [Synth 8-7129] Port S_AXI_AWID[0] in module blk_mem_gen_v8_4_5_synth is either unconnected or has no load
WARNING: [Synth 8-7129] Port S_AXI_AWADDR[31] in module blk_mem_gen_v8_4_5_synth is either unconnected or has no load
WARNING: [Synth 8-7129] Port S_AXI_AWADDR[30] in module blk_mem_gen_v8_4_5_synth is either unconnected or has no load
WARNING: [Synth 8-7129] Port S_AXI_AWADDR[29] in module blk_mem_gen_v8_4_5_synth is either unconnected or has no load
WARNING: [Synth 8-7129] Port S_AXI_AWADDR[28] in module blk_mem_gen_v8_4_5_synth is either unconnected or has no load
WARNING: [Synth 8-7129] Port S_AXI_AWADDR[27] in module blk_mem_gen_v8_4_5_synth is either unconnected or has no load
WARNING: [Synth 8-7129] Port S_AXI_AWADDR[26] in module blk_mem_gen_v8_4_5_synth is either unconnected or has no load
WARNING: [Synth 8-7129] Port S_AXI_AWADDR[25] in module blk_mem_gen_v8_4_5_synth is either unconnected or has no load
WARNING: [Synth 8-7129] Port S_AXI_AWADDR[24] in module blk_mem_gen_v8_4_5_synth is either unconnected or has no load
WARNING: [Synth 8-7129] Port S_AXI_AWADDR[23] in module blk_mem_gen_v8_4_5_synth is either unconnected or has no load
WARNING: [Synth 8-7129] Port S_AXI_AWADDR[22] in module blk_mem_gen_v8_4_5_synth is either unconnected or has no load
WARNING: [Synth 8-7129] Port S_AXI_AWADDR[21] in module blk_mem_gen_v8_4_5_synth is either unconnected or has no load
WARNING: [Synth 8-7129] Port S_AXI_AWADDR[20] in module blk_mem_gen_v8_4_5_synth is either unconnected or has no load
WARNING: [Synth 8-7129] Port S_AXI_AWADDR[19] in module blk_mem_gen_v8_4_5_synth is either unconnected or has no load
WARNING: [Synth 8-7129] Port S_AXI_AWADDR[18] in module blk_mem_gen_v8_4_5_synth is either unconnected or has no load
WARNING: [Synth 8-7129] Port S_AXI_AWADDR[17] in module blk_mem_gen_v8_4_5_synth is either unconnected or has no load
WARNING: [Synth 8-7129] Port S_AXI_AWADDR[16] in module blk_mem_gen_v8_4_5_synth is either unconnected or has no load
WARNING: [Synth 8-7129] Port S_AXI_AWADDR[15] in module blk_mem_gen_v8_4_5_synth is either unconnected or has no load
WARNING: [Synth 8-7129] Port S_AXI_AWADDR[14] in module blk_mem_gen_v8_4_5_synth is either unconnected or has no load
WARNING: [Synth 8-7129] Port S_AXI_AWADDR[13] in module blk_mem_gen_v8_4_5_synth is either unconnected or has no load
WARNING: [Synth 8-7129] Port S_AXI_AWADDR[12] in module blk_mem_gen_v8_4_5_synth is either unconnected or has no load
WARNING: [Synth 8-7129] Port S_AXI_AWADDR[11] in module blk_mem_gen_v8_4_5_synth is either unconnected or has no load
WARNING: [Synth 8-7129] Port S_AXI_AWADDR[10] in module blk_mem_gen_v8_4_5_synth is either unconnected or has no load
WARNING: [Synth 8-7129] Port S_AXI_AWADDR[9] in module blk_mem_gen_v8_4_5_synth is either unconnected or has no load
WARNING: [Synth 8-7129] Port S_AXI_AWADDR[8] in module blk_mem_gen_v8_4_5_synth is either unconnected or has no load
WARNING: [Synth 8-7129] Port S_AXI_AWADDR[7] in module blk_mem_gen_v8_4_5_synth is either unconnected or has no load
WARNING: [Synth 8-7129] Port S_AXI_AWADDR[6] in module blk_mem_gen_v8_4_5_synth is either unconnected or has no load
WARNING: [Synth 8-7129] Port S_AXI_AWADDR[5] in module blk_mem_gen_v8_4_5_synth is either unconnected or has no load
WARNING: [Synth 8-7129] Port S_AXI_AWADDR[4] in module blk_mem_gen_v8_4_5_synth is either unconnected or has no load
WARNING: [Synth 8-7129] Port S_AXI_AWADDR[3] in module blk_mem_gen_v8_4_5_synth is either unconnected or has no load
WARNING: [Synth 8-7129] Port S_AXI_AWADDR[2] in module blk_mem_gen_v8_4_5_synth is either unconnected or has no load
WARNING: [Synth 8-7129] Port S_AXI_AWADDR[1] in module blk_mem_gen_v8_4_5_synth is either unconnected or has no load
WARNING: [Synth 8-7129] Port S_AXI_AWADDR[0] in module blk_mem_gen_v8_4_5_synth is either unconnected or has no load
WARNING: [Synth 8-7129] Port S_AXI_AWLEN[7] in module blk_mem_gen_v8_4_5_synth is either unconnected or has no load
WARNING: [Synth 8-7129] Port S_AXI_AWLEN[6] in module blk_mem_gen_v8_4_5_synth is either unconnected or has no load
WARNING: [Synth 8-7129] Port S_AXI_AWLEN[5] in module blk_mem_gen_v8_4_5_synth is either unconnected or has no load
WARNING: [Synth 8-7129] Port S_AXI_AWLEN[4] in module blk_mem_gen_v8_4_5_synth is either unconnected or has no load
WARNING: [Synth 8-7129] Port S_AXI_AWLEN[3] in module blk_mem_gen_v8_4_5_synth is either unconnected or has no load
WARNING: [Synth 8-7129] Port S_AXI_AWLEN[2] in module blk_mem_gen_v8_4_5_synth is either unconnected or has no load
WARNING: [Synth 8-7129] Port S_AXI_AWLEN[1] in module blk_mem_gen_v8_4_5_synth is either unconnected or has no load
WARNING: [Synth 8-7129] Port S_AXI_AWLEN[0] in module blk_mem_gen_v8_4_5_synth is either unconnected or has no load
INFO: [Common 17-14] Message 'Synth 8-7129' appears 100 times and further instances of the messages will be disabled. Use the Tcl command set_msg_config to change the current settings.
---------------------------------------------------------------------------------
Finished RTL Elaboration : Time (s): cpu = 00:00:16 ; elapsed = 00:00:23 . Memory (MB): peak = 2159.848 ; gain = 747.918
---------------------------------------------------------------------------------
---------------------------------------------------------------------------------
Start Handling Custom Attributes
---------------------------------------------------------------------------------
---------------------------------------------------------------------------------
Finished Handling Custom Attributes : Time (s): cpu = 00:00:16 ; elapsed = 00:00:23 . Memory (MB): peak = 2159.848 ; gain = 747.918
---------------------------------------------------------------------------------
---------------------------------------------------------------------------------
Finished RTL Optimization Phase 1 : Time (s): cpu = 00:00:16 ; elapsed = 00:00:23 . Memory (MB): peak = 2159.848 ; gain = 747.918
---------------------------------------------------------------------------------
Netlist sorting complete. Time (s): cpu = 00:00:00 ; elapsed = 00:00:00.025 . Memory (MB): peak = 2159.848 ; gain = 0.000
INFO: [Netlist 29-17] Analyzing 7 Unisim elements for replacement
INFO: [Netlist 29-28] Unisim Transformation completed in 0 CPU seconds
INFO: [Project 1-570] Preparing netlist for logic optimization

Processing XDC Constraints
Initializing timing engine
Parsing XDC File [c:/Users/user/OneDrive/Documents/ECE385/ECE385/lab7/lab7.gen/sources_1/bd/hdmi_block/ip/hdmi_block_hdmi_text_controller_0_0/src/clk_wiz_0/clk_wiz_0.xdc] for cell 'inst/clk_wiz/inst'
Finished Parsing XDC File [c:/Users/user/OneDrive/Documents/ECE385/ECE385/lab7/lab7.gen/sources_1/bd/hdmi_block/ip/hdmi_block_hdmi_text_controller_0_0/src/clk_wiz_0/clk_wiz_0.xdc] for cell 'inst/clk_wiz/inst'
Parsing XDC File [C:/Users/user/OneDrive/Documents/ECE385/ECE385/lab7/lab7.runs/hdmi_block_hdmi_text_controller_0_0_synth_1/dont_touch.xdc]
Finished Parsing XDC File [C:/Users/user/OneDrive/Documents/ECE385/ECE385/lab7/lab7.runs/hdmi_block_hdmi_text_controller_0_0_synth_1/dont_touch.xdc]
INFO: [Project 1-236] Implementation specific constraints were found while reading constraint file [C:/Users/user/OneDrive/Documents/ECE385/ECE385/lab7/lab7.runs/hdmi_block_hdmi_text_controller_0_0_synth_1/dont_touch.xdc]. These constraints will be ignored for synthesis but will be used in implementation. Impacted constraints are listed in the file [.Xil/hdmi_block_hdmi_text_controller_0_0_propImpl.xdc].
Resolution: To avoid this warning, move constraints listed in [.Xil/hdmi_block_hdmi_text_controller_0_0_propImpl.xdc] to another XDC file and exclude this new file from synthesis with the used_in_synthesis property (File Properties dialog in GUI) and re-run elaboration/synthesis.
Parsing XDC File [c:/Users/user/OneDrive/Documents/ECE385/ECE385/lab7/lab7.gen/sources_1/bd/hdmi_block/ip/hdmi_block_hdmi_text_controller_0_0/src/clk_wiz_0/clk_wiz_0_late.xdc] for cell 'inst/clk_wiz/inst'
Finished Parsing XDC File [c:/Users/user/OneDrive/Documents/ECE385/ECE385/lab7/lab7.gen/sources_1/bd/hdmi_block/ip/hdmi_block_hdmi_text_controller_0_0/src/clk_wiz_0/clk_wiz_0_late.xdc] for cell 'inst/clk_wiz/inst'
Completed Processing XDC Constraints

Netlist sorting complete. Time (s): cpu = 00:00:00 ; elapsed = 00:00:00 . Memory (MB): peak = 2159.848 ; gain = 0.000
INFO: [Project 1-111] Unisim Transformation Summary:
No Unisim elements were transformed.

Constraint Validation Runtime : Time (s): cpu = 00:00:00 ; elapsed = 00:00:00.033 . Memory (MB): peak = 2159.848 ; gain = 0.000
INFO: [Designutils 20-5008] Incremental synthesis strategy off
INFO: [Synth 8-11241] undeclared symbol 'REGCCE', assumed default net type 'wire' [C:/Xilinx/Vivado/2022.2/data/verilog/src/unimacro/BRAM_SINGLE_MACRO.v:2170]
---------------------------------------------------------------------------------
Finished Constraint Validation : Time (s): cpu = 00:00:21 ; elapsed = 00:00:31 . Memory (MB): peak = 2159.848 ; gain = 747.918
---------------------------------------------------------------------------------
---------------------------------------------------------------------------------
Start Loading Part and Timing Information
---------------------------------------------------------------------------------
Loading part: xc7s50csga324-1
---------------------------------------------------------------------------------
Finished Loading Part and Timing Information : Time (s): cpu = 00:00:21 ; elapsed = 00:00:31 . Memory (MB): peak = 2159.848 ; gain = 747.918
---------------------------------------------------------------------------------
---------------------------------------------------------------------------------
Start Applying 'set_property' XDC Constraints
---------------------------------------------------------------------------------
Applied set_property KEEP_HIERARCHY = SOFT for inst/clk_wiz/inst. (constraint file  C:/Users/user/OneDrive/Documents/ECE385/ECE385/lab7/lab7.runs/hdmi_block_hdmi_text_controller_0_0_synth_1/dont_touch.xdc, line 17).
Applied set_property KEEP_HIERARCHY = SOFT for inst/hdmi_text_controller_v1_0_AXI_inst/bram0. (constraint file  auto generated constraint).
Applied set_property KEEP_HIERARCHY = SOFT for inst/vga_to_hdmi. (constraint file  auto generated constraint).
Applied set_property KEEP_HIERARCHY = SOFT for inst/clk_wiz. (constraint file  auto generated constraint).
---------------------------------------------------------------------------------
Finished applying 'set_property' XDC Constraints : Time (s): cpu = 00:00:21 ; elapsed = 00:00:31 . Memory (MB): peak = 2159.848 ; gain = 747.918
---------------------------------------------------------------------------------
WARNING: [Synth 8-327] inferring latch for variable 'Red_reg' [c:/Users/user/OneDrive/Documents/ECE385/ECE385/lab7/lab7.gen/sources_1/bd/hdmi_block/ipshared/31fc/src/Color_Mapper.sv:192]
WARNING: [Synth 8-327] inferring latch for variable 'Green_reg' [c:/Users/user/OneDrive/Documents/ECE385/ECE385/lab7/lab7.gen/sources_1/bd/hdmi_block/ipshared/31fc/src/Color_Mapper.sv:193]
WARNING: [Synth 8-327] inferring latch for variable 'Blue_reg' [c:/Users/user/OneDrive/Documents/ECE385/ECE385/lab7/lab7.gen/sources_1/bd/hdmi_block/ipshared/31fc/src/Color_Mapper.sv:194]
WARNING: [Synth 8-327] inferring latch for variable 'pallete_selecter_reg' [c:/Users/user/OneDrive/Documents/ECE385/ECE385/lab7/lab7.gen/sources_1/bd/hdmi_block/ipshared/31fc/src/Color_Mapper.sv:189]
WARNING: [Synth 8-327] inferring latch for variable 'pallete_selecter_fore_reg' [c:/Users/user/OneDrive/Documents/ECE385/ECE385/lab7/lab7.gen/sources_1/bd/hdmi_block/ipshared/31fc/src/Color_Mapper.sv:172]
WARNING: [Synth 8-327] inferring latch for variable 'pallete_selecter_back_reg' [c:/Users/user/OneDrive/Documents/ECE385/ECE385/lab7/lab7.gen/sources_1/bd/hdmi_block/ipshared/31fc/src/Color_Mapper.sv:171]
---------------------------------------------------------------------------------
Finished RTL Optimization Phase 2 : Time (s): cpu = 00:00:22 ; elapsed = 00:00:32 . Memory (MB): peak = 2159.848 ; gain = 747.918
---------------------------------------------------------------------------------
---------------------------------------------------------------------------------
Start RTL Component Statistics 
---------------------------------------------------------------------------------
Detailed RTL Component Info : 
+---Adders : 
	   2 Input   11 Bit       Adders := 2     
	   2 Input   10 Bit       Adders := 2     
	   5 Input    5 Bit       Adders := 6     
	   4 Input    5 Bit       Adders := 3     
	   8 Input    4 Bit       Adders := 6     
	   2 Input    4 Bit       Adders := 3     
+---XORs : 
	   2 Input      1 Bit         XORs := 42    
+---Registers : 
	               16 Bit    Registers := 2     
	               11 Bit    Registers := 1     
	               10 Bit    Registers := 5     
	                9 Bit    Registers := 3     
	                8 Bit    Registers := 3     
	                5 Bit    Registers := 3     
	                4 Bit    Registers := 16    
	                2 Bit    Registers := 1     
	                1 Bit    Registers := 40    
+---RAMs : 
	              256 Bit	(8 X 32 bit)          RAMs := 1     
+---Muxes : 
	   2 Input   10 Bit        Muxes := 6     
	  22 Input   10 Bit        Muxes := 1     
	   4 Input   10 Bit        Muxes := 2     
	   2 Input    8 Bit        Muxes := 3     
	   2 Input    7 Bit        Muxes := 2     
	   2 Input    5 Bit        Muxes := 12    
	   2 Input    4 Bit        Muxes := 22    
	   2 Input    3 Bit        Muxes := 3     
	   2 Input    2 Bit        Muxes := 4     
	   2 Input    1 Bit        Muxes := 40    
	   8 Input    1 Bit        Muxes := 1     
---------------------------------------------------------------------------------
Finished RTL Component Statistics 
---------------------------------------------------------------------------------
---------------------------------------------------------------------------------
Start Part Resource Summary
---------------------------------------------------------------------------------
Part Resources:
DSPs: 120 (col length:60)
BRAMs: 150 (col length: RAMB18 60 RAMB36 30)
---------------------------------------------------------------------------------
Finished Part Resource Summary
---------------------------------------------------------------------------------
---------------------------------------------------------------------------------
Start Cross Boundary and Area Optimization
---------------------------------------------------------------------------------
WARNING: [Synth 8-7080] Parallel synthesis criteria is not met
INFO: [Synth 8-3936] Found unconnected internal register 'inst/hdmi_text_controller_v1_0_AXI_inst/strobe_reg' and it is trimmed from '4' to '1' bits. [c:/Users/user/OneDrive/Documents/ECE385/ECE385/lab7/lab7.gen/sources_1/bd/hdmi_block/ipshared/31fc/src/hdmi_text_controller_v1_0_AXI.sv:460]
INFO: [Synth 8-3332] Sequential element (inst/color_mapper0/pallete_selecter_fore_reg[3]) is unused and will be removed from module hdmi_block_hdmi_text_controller_0_0.
INFO: [Synth 8-3332] Sequential element (inst/color_mapper0/pallete_selecter_fore_reg[2]) is unused and will be removed from module hdmi_block_hdmi_text_controller_0_0.
INFO: [Synth 8-3332] Sequential element (inst/color_mapper0/pallete_selecter_fore_reg[1]) is unused and will be removed from module hdmi_block_hdmi_text_controller_0_0.
INFO: [Synth 8-3332] Sequential element (inst/color_mapper0/pallete_selecter_fore_reg[0]) is unused and will be removed from module hdmi_block_hdmi_text_controller_0_0.
INFO: [Synth 8-3332] Sequential element (inst/color_mapper0/pallete_selecter_back_reg[3]) is unused and will be removed from module hdmi_block_hdmi_text_controller_0_0.
INFO: [Synth 8-3332] Sequential element (inst/color_mapper0/pallete_selecter_back_reg[2]) is unused and will be removed from module hdmi_block_hdmi_text_controller_0_0.
INFO: [Synth 8-3332] Sequential element (inst/color_mapper0/pallete_selecter_back_reg[1]) is unused and will be removed from module hdmi_block_hdmi_text_controller_0_0.
INFO: [Synth 8-3332] Sequential element (inst/color_mapper0/pallete_selecter_back_reg[0]) is unused and will be removed from module hdmi_block_hdmi_text_controller_0_0.
INFO: [Synth 8-3332] Sequential element (inst/color_mapper0/Red_reg[3]) is unused and will be removed from module hdmi_block_hdmi_text_controller_0_0.
INFO: [Synth 8-3332] Sequential element (inst/color_mapper0/Red_reg[2]) is unused and will be removed from module hdmi_block_hdmi_text_controller_0_0.
INFO: [Synth 8-3332] Sequential element (inst/color_mapper0/Red_reg[1]) is unused and will be removed from module hdmi_block_hdmi_text_controller_0_0.
INFO: [Synth 8-3332] Sequential element (inst/color_mapper0/Red_reg[0]) is unused and will be removed from module hdmi_block_hdmi_text_controller_0_0.
INFO: [Synth 8-3332] Sequential element (inst/color_mapper0/Green_reg[3]) is unused and will be removed from module hdmi_block_hdmi_text_controller_0_0.
INFO: [Synth 8-3332] Sequential element (inst/color_mapper0/Green_reg[2]) is unused and will be removed from module hdmi_block_hdmi_text_controller_0_0.
INFO: [Synth 8-3332] Sequential element (inst/color_mapper0/Green_reg[1]) is unused and will be removed from module hdmi_block_hdmi_text_controller_0_0.
INFO: [Synth 8-3332] Sequential element (inst/color_mapper0/Green_reg[0]) is unused and will be removed from module hdmi_block_hdmi_text_controller_0_0.
INFO: [Synth 8-3332] Sequential element (inst/color_mapper0/Blue_reg[3]) is unused and will be removed from module hdmi_block_hdmi_text_controller_0_0.
INFO: [Synth 8-3332] Sequential element (inst/color_mapper0/Blue_reg[2]) is unused and will be removed from module hdmi_block_hdmi_text_controller_0_0.
INFO: [Synth 8-3332] Sequential element (inst/color_mapper0/Blue_reg[1]) is unused and will be removed from module hdmi_block_hdmi_text_controller_0_0.
INFO: [Synth 8-3332] Sequential element (inst/color_mapper0/Blue_reg[0]) is unused and will be removed from module hdmi_block_hdmi_text_controller_0_0.
INFO: [Synth 8-3332] Sequential element (inst/color_mapper0/pallete_selecter_reg[2]) is unused and will be removed from module hdmi_block_hdmi_text_controller_0_0.
INFO: [Synth 8-3332] Sequential element (inst/color_mapper0/pallete_selecter_reg[1]) is unused and will be removed from module hdmi_block_hdmi_text_controller_0_0.
INFO: [Synth 8-3332] Sequential element (inst/color_mapper0/pallete_selecter_reg[0]) is unused and will be removed from module hdmi_block_hdmi_text_controller_0_0.
---------------------------------------------------------------------------------
Finished Cross Boundary and Area Optimization : Time (s): cpu = 00:00:32 ; elapsed = 00:00:46 . Memory (MB): peak = 2159.848 ; gain = 747.918
---------------------------------------------------------------------------------
---------------------------------------------------------------------------------
Start ROM, RAM, DSP, Shift Register and Retiming Reporting
---------------------------------------------------------------------------------

ROM: Preliminary Mapping Report
+------------------------------------+---------------------------------+---------------+----------------+
|Module Name                         | RTL Object                      | Depth x Width | Implemented As | 
+------------------------------------+---------------------------------+---------------+----------------+
|font_rom                            | ROM                             | 2048x8        | LUT            | 
|hdmi_block_hdmi_text_controller_0_0 | inst/color_mapper0/font_rom/ROM | 2048x8        | LUT            | 
+------------------------------------+---------------------------------+---------------+----------------+


Distributed RAM: Preliminary Mapping Report (see note below)
+------------------------------------+------------------------------------------------------+-----------+----------------------+-------------+
|Module Name                         | RTL Object                                           | Inference | Size (Depth x Width) | Primitives  | 
+------------------------------------+------------------------------------------------------+-----------+----------------------+-------------+
|hdmi_block_hdmi_text_controller_0_0 | inst/hdmi_text_controller_v1_0_AXI_inst/plt_regs_reg | Implied   | 8 x 25               | RAM32M x 5  | 
+------------------------------------+------------------------------------------------------+-----------+----------------------+-------------+

Note: The table above is a preliminary report that shows the Distributed RAMs at the current stage of the synthesis flow. Some Distributed RAMs may be reimplemented as non Distributed RAM primitives later in the synthesis flow. Multiple instantiated RAMs are reported only once.
---------------------------------------------------------------------------------
Finished ROM, RAM, DSP, Shift Register and Retiming Reporting
---------------------------------------------------------------------------------
---------------------------------------------------------------------------------
Start Applying XDC Timing Constraints
---------------------------------------------------------------------------------
---------------------------------------------------------------------------------
Finished Applying XDC Timing Constraints : Time (s): cpu = 00:00:35 ; elapsed = 00:00:51 . Memory (MB): peak = 2159.848 ; gain = 747.918
---------------------------------------------------------------------------------
---------------------------------------------------------------------------------
Start Timing Optimization
---------------------------------------------------------------------------------
---------------------------------------------------------------------------------
Finished Timing Optimization : Time (s): cpu = 00:00:35 ; elapsed = 00:00:51 . Memory (MB): peak = 2159.848 ; gain = 747.918
---------------------------------------------------------------------------------
---------------------------------------------------------------------------------
Start ROM, RAM, DSP, Shift Register and Retiming Reporting
---------------------------------------------------------------------------------

Distributed RAM: Final Mapping Report
+------------------------------------+------------------------------------------------------+-----------+----------------------+-------------+
|Module Name                         | RTL Object                                           | Inference | Size (Depth x Width) | Primitives  | 
+------------------------------------+------------------------------------------------------+-----------+----------------------+-------------+
|hdmi_block_hdmi_text_controller_0_0 | inst/hdmi_text_controller_v1_0_AXI_inst/plt_regs_reg | Implied   | 8 x 25               | RAM32M x 5  | 
+------------------------------------+------------------------------------------------------+-----------+----------------------+-------------+

---------------------------------------------------------------------------------
Finished ROM, RAM, DSP, Shift Register and Retiming Reporting
---------------------------------------------------------------------------------
---------------------------------------------------------------------------------
Start Technology Mapping
---------------------------------------------------------------------------------
INFO: [Synth 8-4765] Removing register instance (\inst/hdmi_text_controller_v1_0_AXI_inst/axi_bresp_reg[1]__0 ) from module (hdmi_block_hdmi_text_controller_0_0) as it is equivalent to (\inst/hdmi_text_controller_v1_0_AXI_inst/axi_bresp_reg[1] ) and driving same net [c:/Users/user/OneDrive/Documents/ECE385/ECE385/lab7/lab7.gen/sources_1/bd/hdmi_block/ipshared/31fc/src/hdmi_text_controller_v1_0_AXI.sv:181]
INFO: [Synth 8-4765] Removing register instance (\inst/hdmi_text_controller_v1_0_AXI_inst/axi_bresp_reg[0]__0 ) from module (hdmi_block_hdmi_text_controller_0_0) as it is equivalent to (\inst/hdmi_text_controller_v1_0_AXI_inst/axi_bresp_reg[0] ) and driving same net [c:/Users/user/OneDrive/Documents/ECE385/ECE385/lab7/lab7.gen/sources_1/bd/hdmi_block/ipshared/31fc/src/hdmi_text_controller_v1_0_AXI.sv:181]
INFO: [Synth 8-4765] Removing register instance (\inst/hdmi_text_controller_v1_0_AXI_inst/axi_bvalid_reg__0 ) from module (hdmi_block_hdmi_text_controller_0_0) as it is equivalent to (\inst/hdmi_text_controller_v1_0_AXI_inst/axi_bvalid_reg ) and driving same net [c:/Users/user/OneDrive/Documents/ECE385/ECE385/lab7/lab7.gen/sources_1/bd/hdmi_block/ipshared/31fc/src/hdmi_text_controller_v1_0_AXI.sv:295]
---------------------------------------------------------------------------------
Finished Technology Mapping : Time (s): cpu = 00:00:36 ; elapsed = 00:00:52 . Memory (MB): peak = 2159.848 ; gain = 747.918
---------------------------------------------------------------------------------
---------------------------------------------------------------------------------
Start IO Insertion
---------------------------------------------------------------------------------
---------------------------------------------------------------------------------
Start Flattening Before IO Insertion
---------------------------------------------------------------------------------
---------------------------------------------------------------------------------
Finished Flattening Before IO Insertion
---------------------------------------------------------------------------------
---------------------------------------------------------------------------------
Start Final Netlist Cleanup
---------------------------------------------------------------------------------
---------------------------------------------------------------------------------
Finished Final Netlist Cleanup
---------------------------------------------------------------------------------
---------------------------------------------------------------------------------
Finished IO Insertion : Time (s): cpu = 00:00:39 ; elapsed = 00:00:57 . Memory (MB): peak = 2159.848 ; gain = 747.918
---------------------------------------------------------------------------------
---------------------------------------------------------------------------------
Start Renaming Generated Instances
---------------------------------------------------------------------------------
---------------------------------------------------------------------------------
Finished Renaming Generated Instances : Time (s): cpu = 00:00:39 ; elapsed = 00:00:57 . Memory (MB): peak = 2159.848 ; gain = 747.918
---------------------------------------------------------------------------------
---------------------------------------------------------------------------------
Start Rebuilding User Hierarchy
---------------------------------------------------------------------------------
---------------------------------------------------------------------------------
Finished Rebuilding User Hierarchy : Time (s): cpu = 00:00:39 ; elapsed = 00:00:57 . Memory (MB): peak = 2159.848 ; gain = 747.918
---------------------------------------------------------------------------------
---------------------------------------------------------------------------------
Start Renaming Generated Ports
---------------------------------------------------------------------------------
---------------------------------------------------------------------------------
Finished Renaming Generated Ports : Time (s): cpu = 00:00:39 ; elapsed = 00:00:57 . Memory (MB): peak = 2159.848 ; gain = 747.918
---------------------------------------------------------------------------------
---------------------------------------------------------------------------------
Start Handling Custom Attributes
---------------------------------------------------------------------------------
---------------------------------------------------------------------------------
Finished Handling Custom Attributes : Time (s): cpu = 00:00:39 ; elapsed = 00:00:57 . Memory (MB): peak = 2159.848 ; gain = 747.918
---------------------------------------------------------------------------------
---------------------------------------------------------------------------------
Start Renaming Generated Nets
---------------------------------------------------------------------------------
---------------------------------------------------------------------------------
Finished Renaming Generated Nets : Time (s): cpu = 00:00:39 ; elapsed = 00:00:57 . Memory (MB): peak = 2159.848 ; gain = 747.918
---------------------------------------------------------------------------------
---------------------------------------------------------------------------------
Start ROM, RAM, DSP, Shift Register and Retiming Reporting
---------------------------------------------------------------------------------

Static Shift Register Report:
+------------+----------------------+--------+-------+--------------+--------------------+-------------------+--------+---------+
|Module Name | RTL Name             | Length | Width | Reset Signal | Pull out first Reg | Pull out last Reg | SRL16E | SRLC32E | 
+------------+----------------------+--------+-------+--------------+--------------------+-------------------+--------+---------+
|hdmi_tx_0   | inst/encg/c0_reg_reg | 3      | 1     | NO           | NO                 | YES               | 1      | 0       | 
+------------+----------------------+--------+-------+--------------+--------------------+-------------------+--------+---------+

---------------------------------------------------------------------------------
Finished ROM, RAM, DSP, Shift Register and Retiming Reporting
---------------------------------------------------------------------------------
---------------------------------------------------------------------------------
Start Writing Synthesis Report
---------------------------------------------------------------------------------

Report BlackBoxes: 
+-+--------------+----------+
| |BlackBox name |Instances |
+-+--------------+----------+
+-+--------------+----------+

Report Cell Usage: 
+------+-----------+------+
|      |Cell       |Count |
+------+-----------+------+
|1     |BUFG       |     3|
|2     |CARRY4     |     4|
|3     |LUT1       |     2|
|4     |LUT2       |    21|
|5     |LUT3       |    58|
|6     |LUT4       |    38|
|7     |LUT5       |   248|
|8     |LUT6       |   399|
|9     |MMCME2_ADV |     1|
|10    |MUXF7      |    16|
|11    |MUXF8      |     8|
|12    |OSERDESE2  |     8|
|14    |RAM32M     |     4|
|15    |RAM32X1D   |     1|
|16    |RAMB36E1   |     2|
|17    |SRL16E     |    39|
|18    |FDCE       |    66|
|19    |FDRE       |   144|
|20    |FDSE       |     1|
|21    |OBUFDS     |     4|
+------+-----------+------+
---------------------------------------------------------------------------------
Finished Writing Synthesis Report : Time (s): cpu = 00:00:39 ; elapsed = 00:00:57 . Memory (MB): peak = 2159.848 ; gain = 747.918
---------------------------------------------------------------------------------
Synthesis finished with 0 errors, 0 critical warnings and 196 warnings.
Synthesis Optimization Runtime : Time (s): cpu = 00:00:22 ; elapsed = 00:00:55 . Memory (MB): peak = 2159.848 ; gain = 747.918
Synthesis Optimization Complete : Time (s): cpu = 00:00:39 ; elapsed = 00:00:57 . Memory (MB): peak = 2159.848 ; gain = 747.918
INFO: [Project 1-571] Translating synthesized netlist
Netlist sorting complete. Time (s): cpu = 00:00:00 ; elapsed = 00:00:00.015 . Memory (MB): peak = 2159.848 ; gain = 0.000
INFO: [Netlist 29-17] Analyzing 40 Unisim elements for replacement
INFO: [Netlist 29-28] Unisim Transformation completed in 0 CPU seconds
INFO: [Project 1-570] Preparing netlist for logic optimization
INFO: [Opt 31-138] Pushed 0 inverter(s) to 0 load pin(s).
Netlist sorting complete. Time (s): cpu = 00:00:00 ; elapsed = 00:00:00.001 . Memory (MB): peak = 2159.848 ; gain = 0.000
INFO: [Project 1-111] Unisim Transformation Summary:
  A total of 5 instances were transformed.
  RAM32M => RAM32M (RAMD32(x6), RAMS32(x2)): 4 instances
  RAM32X1D => RAM32X1D (RAMD32(x2)): 1 instance 

Synth Design complete, checksum: 72376861
INFO: [Common 17-83] Releasing license: Synthesis
97 Infos, 124 Warnings, 0 Critical Warnings and 0 Errors encountered.
synth_design completed successfully
synth_design: Time (s): cpu = 00:00:42 ; elapsed = 00:01:02 . Memory (MB): peak = 2159.848 ; gain = 1124.871
INFO: [Common 17-1381] The checkpoint 'C:/Users/user/OneDrive/Documents/ECE385/ECE385/lab7/lab7.runs/hdmi_block_hdmi_text_controller_0_0_synth_1/hdmi_block_hdmi_text_controller_0_0.dcp' has been generated.
INFO: [Coretcl 2-1648] Added synthesis output to IP cache for IP hdmi_block_hdmi_text_controller_0_0, cache-ID = dc92f1ebe6c89b21
INFO: [Coretcl 2-1174] Renamed 25 cell refs.
INFO: [Common 17-1381] The checkpoint 'C:/Users/user/OneDrive/Documents/ECE385/ECE385/lab7/lab7.runs/hdmi_block_hdmi_text_controller_0_0_synth_1/hdmi_block_hdmi_text_controller_0_0.dcp' has been generated.
INFO: [runtcl-4] Executing : report_utilization -file hdmi_block_hdmi_text_controller_0_0_utilization_synth.rpt -pb hdmi_block_hdmi_text_controller_0_0_utilization_synth.pb
INFO: [Common 17-206] Exiting Vivado at Thu Apr  4 00:43:05 2024...
