Copyright 1986-2022 Xilinx, Inc. All Rights Reserved.
-------------------------------------------------------------------------------------------------------------------------------------------------------------------
| Tool Version     : Vivado v.2022.2 (win64) Build 3671981 Fri Oct 14 05:00:03 MDT 2022
| Date             : Thu Apr  4 00:46:31 2024
| Host             : LAPTOP-GPRSK0UV running 64-bit major release  (build 9200)
| Command          : report_power -file mb_usb_hdmi_top_power_routed.rpt -pb mb_usb_hdmi_top_power_summary_routed.pb -rpx mb_usb_hdmi_top_power_routed.rpx
| Design           : mb_usb_hdmi_top
| Device           : xc7s50csga324-1
| Design State     : routed
| Grade            : commercial
| Process          : typical
| Characterization : Production
-------------------------------------------------------------------------------------------------------------------------------------------------------------------

Power Report

Table of Contents
-----------------
1. Summary
1.1 On-Chip Components
1.2 Power Supply Summary
1.3 Confidence Level
2. Settings
2.1 Environment
2.2 Clock Constraints
3. Detailed Reports
3.1 By Hierarchy

1. Summary
----------

+--------------------------+--------------+
| Total On-Chip Power (W)  | 0.448        |
| Design Power Budget (W)  | Unspecified* |
| Power Budget Margin (W)  | NA           |
| Dynamic (W)              | 0.373        |
| Device Static (W)        | 0.074        |
| Effective TJA (C/W)      | 4.9          |
| Max Ambient (C)          | 82.8         |
| Junction Temperature (C) | 27.2         |
| Confidence Level         | Medium       |
| Setting File             | ---          |
| Simulation Activity File | ---          |
| Design Nets Matched      | NA           |
+--------------------------+--------------+
* Specify Design Power Budget using, set_operating_conditions -design_power_budget <value in Watts>


1.1 On-Chip Components
----------------------

+--------------------------+-----------+----------+-----------+-----------------+
| On-Chip                  | Power (W) | Used     | Available | Utilization (%) |
+--------------------------+-----------+----------+-----------+-----------------+
| Clocks                   |     0.010 |       10 |       --- |             --- |
| Slice Logic              |     0.004 |     5017 |       --- |             --- |
|   LUT as Logic           |     0.003 |     1910 |     32600 |            5.86 |
|   LUT as Distributed RAM |    <0.001 |      178 |      9600 |            1.85 |
|   Register               |    <0.001 |     1521 |     65200 |            2.33 |
|   CARRY4                 |    <0.001 |       40 |      8150 |            0.49 |
|   F7/F8 Muxes            |    <0.001 |       59 |     32600 |            0.18 |
|   LUT as Shift Register  |    <0.001 |      112 |      9600 |            1.17 |
|   Others                 |     0.000 |      707 |       --- |             --- |
| Signals                  |     0.009 |     3601 |       --- |             --- |
| Block RAM                |     0.004 |       34 |        75 |           45.33 |
| MMCM                     |     0.212 |        2 |         5 |           40.00 |
| DSPs                     |     0.002 |        3 |       120 |            2.50 |
| I/O                      |     0.132 |       12 |       210 |            5.71 |
| Static Power             |     0.074 |          |           |                 |
| Total                    |     0.448 |          |           |                 |
+--------------------------+-----------+----------+-----------+-----------------+


1.2 Power Supply Summary
------------------------

+-----------+-------------+-----------+-------------+------------+-------------+-------------+------------+
| Source    | Voltage (V) | Total (A) | Dynamic (A) | Static (A) | Powerup (A) | Budget (A)  | Margin (A) |
+-----------+-------------+-----------+-------------+------------+-------------+-------------+------------+
| Vccint    |       1.000 |     0.041 |       0.030 |      0.011 |       NA    | Unspecified | NA         |
| Vccaux    |       1.800 |     0.130 |       0.117 |      0.013 |       NA    | Unspecified | NA         |
| Vcco33    |       3.300 |     0.041 |       0.040 |      0.001 |       NA    | Unspecified | NA         |
| Vcco25    |       2.500 |     0.000 |       0.000 |      0.000 |       NA    | Unspecified | NA         |
| Vcco18    |       1.800 |     0.000 |       0.000 |      0.000 |       NA    | Unspecified | NA         |
| Vcco15    |       1.500 |     0.000 |       0.000 |      0.000 |       NA    | Unspecified | NA         |
| Vcco135   |       1.350 |     0.000 |       0.000 |      0.000 |       NA    | Unspecified | NA         |
| Vcco12    |       1.200 |     0.000 |       0.000 |      0.000 |       NA    | Unspecified | NA         |
| Vccaux_io |       1.800 |     0.000 |       0.000 |      0.000 |       NA    | Unspecified | NA         |
| Vccbram   |       1.000 |     0.001 |       0.000 |      0.001 |       NA    | Unspecified | NA         |
| Vccadc    |       1.800 |     0.020 |       0.000 |      0.020 |       NA    | Unspecified | NA         |
+-----------+-------------+-----------+-------------+------------+-------------+-------------+------------+


1.3 Confidence Level
--------------------

+-----------------------------+------------+-------------------------------------------------------+------------------------------------------------------------------------------------------------------------+
| User Input Data             | Confidence | Details                                               | Action                                                                                                     |
+-----------------------------+------------+-------------------------------------------------------+------------------------------------------------------------------------------------------------------------+
| Design implementation state | High       | Design is routed                                      |                                                                                                            |
| Clock nodes activity        | High       | User specified more than 95% of clocks                |                                                                                                            |
| I/O nodes activity          | Medium     | More than 5% of inputs are missing user specification | Provide missing input activity with simulation results or by editing the "By Resource Type -> I/Os" view   |
| Internal nodes activity     | Medium     | User specified less than 25% of internal nodes        | Provide missing internal nodes activity with simulation results or by editing the "By Resource Type" views |
| Device models               | High       | Device models are Production                          |                                                                                                            |
|                             |            |                                                       |                                                                                                            |
| Overall confidence level    | Medium     |                                                       |                                                                                                            |
+-----------------------------+------------+-------------------------------------------------------+------------------------------------------------------------------------------------------------------------+


2. Settings
-----------

2.1 Environment
---------------

+-----------------------+--------------------------+
| Ambient Temp (C)      | 25.0                     |
| ThetaJA (C/W)         | 4.9                      |
| Airflow (LFM)         | 250                      |
| Heat Sink             | medium (Medium Profile)  |
| ThetaSA (C/W)         | 4.6                      |
| Board Selection       | medium (10"x10")         |
| # of Board Layers     | 12to15 (12 to 15 Layers) |
| Board Temperature (C) | 25.0                     |
+-----------------------+--------------------------+


2.2 Clock Constraints
---------------------

+--------------------------------------------------------------------------+--------------------------------------------------------------------------------------+-----------------+
| Clock                                                                    | Domain                                                                               | Constraint (ns) |
+--------------------------------------------------------------------------+--------------------------------------------------------------------------------------+-----------------+
| HDMI_block0/hdmi_block_i/mdm_1/U0/Use_E2.BSCAN_I/Use_E2.BSCANE2_I/DRCK   | HDMI_block0/hdmi_block_i/mdm_1/U0/Use_E2.BSCAN_I/DRCK                                |            33.3 |
| HDMI_block0/hdmi_block_i/mdm_1/U0/Use_E2.BSCAN_I/Use_E2.BSCANE2_I/UPDATE | HDMI_block0/hdmi_block_i/mdm_1/U0/Use_E2.BSCAN_I/Dbg_Update_0                        |            33.3 |
| clk_100                                                                  | Clk                                                                                  |            10.0 |
| clk_out1_clk_wiz_0_1                                                     | HDMI_block0/hdmi_block_i/hdmi_text_controller_0/inst/clk_wiz/inst/clk_out1_clk_wiz_0 |            40.0 |
| clk_out1_hdmi_block_clk_wiz_1_0_1                                        | HDMI_block0/hdmi_block_i/clk_wiz_1/inst/clk_out1_hdmi_block_clk_wiz_1_0              |            10.0 |
| clk_out2_clk_wiz_0_1                                                     | HDMI_block0/hdmi_block_i/hdmi_text_controller_0/inst/clk_wiz/inst/clk_out2_clk_wiz_0 |             8.0 |
| clkfbout_clk_wiz_0_1                                                     | HDMI_block0/hdmi_block_i/hdmi_text_controller_0/inst/clk_wiz/inst/clkfbout_clk_wiz_0 |            10.0 |
| clkfbout_hdmi_block_clk_wiz_1_0_1                                        | HDMI_block0/hdmi_block_i/clk_wiz_1/inst/clkfbout_hdmi_block_clk_wiz_1_0              |            10.0 |
+--------------------------------------------------------------------------+--------------------------------------------------------------------------------------+-----------------+


3. Detailed Reports
-------------------

3.1 By Hierarchy
----------------

+-------------------------------+-----------+
| Name                          | Power (W) |
+-------------------------------+-----------+
| mb_usb_hdmi_top               |     0.373 |
|   HDMI_block0                 |     0.373 |
|     hdmi_block_i              |     0.373 |
|       clk_wiz_1               |     0.106 |
|       hdmi_text_controller_0  |     0.246 |
|       microblaze_0            |     0.017 |
|       microblaze_0_axi_intc   |     0.001 |
|       microblaze_0_axi_periph |     0.001 |
+-------------------------------+-----------+


