21:46:24 DEBUG : Logs will be stored at 'C:/Users/user/OneDrive/Documents/ECE385/ECE385/lab7/workspace2/IDE.log'.
21:46:26 INFO  : Launching XSCT server: xsct.bat -n  -interactive C:\Users\user\OneDrive\Documents\ECE385\ECE385\lab7\workspace2\temp_xsdb_launch_script.tcl
21:46:27 INFO  : Registering command handlers for Vitis TCF services
21:46:28 INFO  : Platform repository initialization has completed.
21:46:30 INFO  : XSCT server has started successfully.
21:46:30 INFO  : plnx-install-location is set to ''
21:46:30 INFO  : Successfully done setting XSCT server connection channel  
21:46:30 INFO  : Successfully done query RDI_DATADIR 
21:46:30 INFO  : Successfully done setting workspace for the tool. 
21:51:21 ERROR : (XSDB Server)ERROR: [Hsi 55-1562] Source directory C:/Users/user/OneDrive/Documents/ECE385/ECE385/lab7/workspace2/mb_usb_hdmi_top_7_2/hw/drivers\hdmi_text_controller_v1_0/src does not exist or is not a directory.

21:51:22 INFO  : Result from executing command 'getProjects': mb_usb_hdmi_top_7_2
21:51:22 INFO  : Result from executing command 'getPlatforms': xilinx_vck190_base_202220_1|C:/Xilinx/Vitis/2022.2/base_platforms/xilinx_vck190_base_202220_1/xilinx_vck190_base_202220_1.xpfm;xilinx_vck190_base_dfx_202220_1|C:/Xilinx/Vitis/2022.2/base_platforms/xilinx_vck190_base_dfx_202220_1/xilinx_vck190_base_dfx_202220_1.xpfm;xilinx_vmk180_base_202220_1|C:/Xilinx/Vitis/2022.2/base_platforms/xilinx_vmk180_base_202220_1/xilinx_vmk180_base_202220_1.xpfm;xilinx_zcu102_base_202220_1|C:/Xilinx/Vitis/2022.2/base_platforms/xilinx_zcu102_base_202220_1/xilinx_zcu102_base_202220_1.xpfm;xilinx_zcu102_base_dfx_202220_1|C:/Xilinx/Vitis/2022.2/base_platforms/xilinx_zcu102_base_dfx_202220_1/xilinx_zcu102_base_dfx_202220_1.xpfm;xilinx_zcu104_base_202220_1|C:/Xilinx/Vitis/2022.2/base_platforms/xilinx_zcu104_base_202220_1/xilinx_zcu104_base_202220_1.xpfm
21:51:23 WARN  : An unexpected exception occurred in the module 'platform project logging'
21:51:25 INFO  : Platform 'mb_usb_hdmi_top_7_2' is added to custom repositories.
21:51:29 INFO  : Platform 'mb_usb_hdmi_top_7_2' is added to custom repositories.
22:02:46 INFO  : Result from executing command 'removePlatformRepo': 
22:03:06 INFO  : Result from executing command 'getProjects': mb_usb_hdmi_top_7_2
22:03:07 INFO  : Result from executing command 'getPlatforms': xilinx_vck190_base_202220_1|C:/Xilinx/Vitis/2022.2/base_platforms/xilinx_vck190_base_202220_1/xilinx_vck190_base_202220_1.xpfm;xilinx_vck190_base_dfx_202220_1|C:/Xilinx/Vitis/2022.2/base_platforms/xilinx_vck190_base_dfx_202220_1/xilinx_vck190_base_dfx_202220_1.xpfm;xilinx_vmk180_base_202220_1|C:/Xilinx/Vitis/2022.2/base_platforms/xilinx_vmk180_base_202220_1/xilinx_vmk180_base_202220_1.xpfm;xilinx_zcu102_base_202220_1|C:/Xilinx/Vitis/2022.2/base_platforms/xilinx_zcu102_base_202220_1/xilinx_zcu102_base_202220_1.xpfm;xilinx_zcu102_base_dfx_202220_1|C:/Xilinx/Vitis/2022.2/base_platforms/xilinx_zcu102_base_dfx_202220_1/xilinx_zcu102_base_dfx_202220_1.xpfm;xilinx_zcu104_base_202220_1|C:/Xilinx/Vitis/2022.2/base_platforms/xilinx_zcu104_base_202220_1/xilinx_zcu104_base_202220_1.xpfm
22:03:08 INFO  : Checking for BSP changes to sync application flags for project 'lab7_2'...
22:34:35 INFO  : Hardware specification for platform project 'mb_usb_hdmi_top_7_2' is updated.
22:34:47 INFO  : Result from executing command 'removePlatformRepo': 
22:35:04 INFO  : Result from executing command 'getProjects': mb_usb_hdmi_top_7_2
22:35:04 INFO  : Result from executing command 'getPlatforms': xilinx_vck190_base_202220_1|C:/Xilinx/Vitis/2022.2/base_platforms/xilinx_vck190_base_202220_1/xilinx_vck190_base_202220_1.xpfm;xilinx_vck190_base_dfx_202220_1|C:/Xilinx/Vitis/2022.2/base_platforms/xilinx_vck190_base_dfx_202220_1/xilinx_vck190_base_dfx_202220_1.xpfm;xilinx_vmk180_base_202220_1|C:/Xilinx/Vitis/2022.2/base_platforms/xilinx_vmk180_base_202220_1/xilinx_vmk180_base_202220_1.xpfm;xilinx_zcu102_base_202220_1|C:/Xilinx/Vitis/2022.2/base_platforms/xilinx_zcu102_base_202220_1/xilinx_zcu102_base_202220_1.xpfm;xilinx_zcu102_base_dfx_202220_1|C:/Xilinx/Vitis/2022.2/base_platforms/xilinx_zcu102_base_dfx_202220_1/xilinx_zcu102_base_dfx_202220_1.xpfm;xilinx_zcu104_base_202220_1|C:/Xilinx/Vitis/2022.2/base_platforms/xilinx_zcu104_base_202220_1/xilinx_zcu104_base_202220_1.xpfm
22:35:05 INFO  : Checking for BSP changes to sync application flags for project 'lab7_2'...
22:35:08 INFO  : The hardware specification used by project 'lab7_2' is out of sync with the platform. Resource files extracted from the hardware specification will be updated.
22:35:08 INFO  : The file 'C:\Users\user\OneDrive\Documents\ECE385\ECE385\lab7\workspace2\lab7_2\_ide\bitstream\mb_usb_hdmi_top_7_2.bit' stored in project is removed.
22:35:08 INFO  : The file 'C:\Users\user\OneDrive\Documents\ECE385\ECE385\lab7\workspace2\lab7_2\_ide\bitstream\mb_usb_hdmi_top_7_2.mmi' stored in project is removed.
22:35:08 INFO  : The updated bitstream files are copied from platform to folder 'C:\Users\user\OneDrive\Documents\ECE385\ECE385\lab7\workspace2\lab7_2\_ide\bitstream' in project 'lab7_2'.
22:36:17 INFO  : Connected to target on host '127.0.0.1' and port '3121'.
22:36:35 INFO  : ----------------XSDB Script----------------
connect -url tcp:127.0.0.1:3121
----------------End of Script----------------

22:36:35 ERROR : Could not find FPGA device on the board for connection 'Local'.


Troubleshooting hints:
1. Check whether board is connected to system properly.
2. In case of zynq board, check whether Digilent/Xilinx cable switch settings are correct.
3. If you are using Xilinx Platform Cable USB, ensure that status LED is green.
22:37:01 INFO  : Connected to target on host '127.0.0.1' and port '3121'.
22:37:01 INFO  : Jtag cable 'RealDigital Boo 8874292302C0A' is selected.
22:37:01 INFO  : 'jtag frequency' command is executed.
22:37:01 INFO  : 'targets -set -filter {jtag_cable_name =~ "RealDigital Boo 8874292302C0A" && level==0 && jtag_device_ctx=="jsn1-0362f093-0"}' command is executed.
22:37:02 INFO  : Device configured successfully with "C:/Users/user/OneDrive/Documents/ECE385/ECE385/lab7/workspace2/lab7_2/_ide/bitstream/mb_usb_hdmi_top_7_2.bit"
22:37:02 INFO  : Context for processor 'microblaze_0' is selected.
22:37:02 INFO  : Hardware design and registers information is loaded from 'C:/Users/user/OneDrive/Documents/ECE385/ECE385/lab7/workspace2/mb_usb_hdmi_top_7_2/export/mb_usb_hdmi_top_7_2/hw/mb_usb_hdmi_top_7_2.xsa'.
22:37:02 INFO  : 'configparams mdm-detect-bscan-mask 2' command is executed.
22:37:02 INFO  : Context for processor 'microblaze_0' is selected.
22:37:02 INFO  : System reset is completed.
22:37:05 INFO  : 'after 3000' command is executed.
22:37:05 INFO  : Context for processor 'microblaze_0' is selected.
22:37:06 INFO  : The application 'C:/Users/user/OneDrive/Documents/ECE385/ECE385/lab7/workspace2/lab7_2/Debug/lab7_2.elf' is downloaded to processor 'microblaze_0'.
22:37:06 INFO  : ----------------XSDB Script----------------
connect -url tcp:127.0.0.1:3121
targets -set -filter {jtag_cable_name =~ "RealDigital Boo 8874292302C0A" && level==0 && jtag_device_ctx=="jsn1-0362f093-0"}
fpga -file C:/Users/user/OneDrive/Documents/ECE385/ECE385/lab7/workspace2/lab7_2/_ide/bitstream/mb_usb_hdmi_top_7_2.bit
targets -set -nocase -filter {name =~ "*microblaze*#0" && bscan=="USER2" }
loadhw -hw C:/Users/user/OneDrive/Documents/ECE385/ECE385/lab7/workspace2/mb_usb_hdmi_top_7_2/export/mb_usb_hdmi_top_7_2/hw/mb_usb_hdmi_top_7_2.xsa -regs
configparams mdm-detect-bscan-mask 2
targets -set -nocase -filter {name =~ "*microblaze*#0" && bscan=="USER2" }
rst -system
after 3000
targets -set -nocase -filter {name =~ "*microblaze*#0" && bscan=="USER2" }
dow C:/Users/user/OneDrive/Documents/ECE385/ECE385/lab7/workspace2/lab7_2/Debug/lab7_2.elf
----------------End of Script----------------

22:37:06 INFO  : Context for processor 'microblaze_0' is selected.
22:37:06 INFO  : 'con' command is executed.
22:37:06 INFO  : ----------------XSDB Script (After Launch)----------------
targets -set -nocase -filter {name =~ "*microblaze*#0" && bscan=="USER2" }
con
----------------End of Script----------------

22:37:06 INFO  : Disconnected from the channel tcfchan#5.
22:58:05 INFO  : Hardware specification for platform project 'mb_usb_hdmi_top_7_2' is updated.
22:58:16 INFO  : Result from executing command 'removePlatformRepo': 
22:58:32 INFO  : Result from executing command 'getProjects': mb_usb_hdmi_top_7_2
22:58:32 INFO  : Result from executing command 'getPlatforms': xilinx_vck190_base_202220_1|C:/Xilinx/Vitis/2022.2/base_platforms/xilinx_vck190_base_202220_1/xilinx_vck190_base_202220_1.xpfm;xilinx_vck190_base_dfx_202220_1|C:/Xilinx/Vitis/2022.2/base_platforms/xilinx_vck190_base_dfx_202220_1/xilinx_vck190_base_dfx_202220_1.xpfm;xilinx_vmk180_base_202220_1|C:/Xilinx/Vitis/2022.2/base_platforms/xilinx_vmk180_base_202220_1/xilinx_vmk180_base_202220_1.xpfm;xilinx_zcu102_base_202220_1|C:/Xilinx/Vitis/2022.2/base_platforms/xilinx_zcu102_base_202220_1/xilinx_zcu102_base_202220_1.xpfm;xilinx_zcu102_base_dfx_202220_1|C:/Xilinx/Vitis/2022.2/base_platforms/xilinx_zcu102_base_dfx_202220_1/xilinx_zcu102_base_dfx_202220_1.xpfm;xilinx_zcu104_base_202220_1|C:/Xilinx/Vitis/2022.2/base_platforms/xilinx_zcu104_base_202220_1/xilinx_zcu104_base_202220_1.xpfm
22:58:33 INFO  : Checking for BSP changes to sync application flags for project 'lab7_2'...
22:58:36 INFO  : The hardware specification used by project 'lab7_2' is out of sync with the platform. Resource files extracted from the hardware specification will be updated.
22:58:36 INFO  : The file 'C:\Users\user\OneDrive\Documents\ECE385\ECE385\lab7\workspace2\lab7_2\_ide\bitstream\mb_usb_hdmi_top_7_2.bit' stored in project is removed.
22:58:36 INFO  : The file 'C:\Users\user\OneDrive\Documents\ECE385\ECE385\lab7\workspace2\lab7_2\_ide\bitstream\mb_usb_hdmi_top_7_2.mmi' stored in project is removed.
22:58:36 INFO  : The updated bitstream files are copied from platform to folder 'C:\Users\user\OneDrive\Documents\ECE385\ECE385\lab7\workspace2\lab7_2\_ide\bitstream' in project 'lab7_2'.
22:58:46 INFO  : Connected to target on host '127.0.0.1' and port '3121'.
22:58:46 INFO  : Jtag cable 'RealDigital Boo 8874292302C0A' is selected.
22:58:46 INFO  : 'jtag frequency' command is executed.
22:58:46 INFO  : 'targets -set -filter {jtag_cable_name =~ "RealDigital Boo 8874292302C0A" && level==0 && jtag_device_ctx=="jsn1-0362f093-0"}' command is executed.
22:58:47 INFO  : Device configured successfully with "C:/Users/user/OneDrive/Documents/ECE385/ECE385/lab7/workspace2/lab7_2/_ide/bitstream/mb_usb_hdmi_top_7_2.bit"
22:58:48 INFO  : Context for processor 'microblaze_0' is selected.
22:58:48 INFO  : Hardware design and registers information is loaded from 'C:/Users/user/OneDrive/Documents/ECE385/ECE385/lab7/workspace2/mb_usb_hdmi_top_7_2/export/mb_usb_hdmi_top_7_2/hw/mb_usb_hdmi_top_7_2.xsa'.
22:58:48 INFO  : 'configparams mdm-detect-bscan-mask 2' command is executed.
22:58:48 INFO  : Context for processor 'microblaze_0' is selected.
22:58:48 INFO  : System reset is completed.
22:58:51 INFO  : 'after 3000' command is executed.
22:58:51 INFO  : Context for processor 'microblaze_0' is selected.
22:58:51 INFO  : The application 'C:/Users/user/OneDrive/Documents/ECE385/ECE385/lab7/workspace2/lab7_2/Debug/lab7_2.elf' is downloaded to processor 'microblaze_0'.
22:58:51 INFO  : ----------------XSDB Script----------------
connect -url tcp:127.0.0.1:3121
targets -set -filter {jtag_cable_name =~ "RealDigital Boo 8874292302C0A" && level==0 && jtag_device_ctx=="jsn1-0362f093-0"}
fpga -file C:/Users/user/OneDrive/Documents/ECE385/ECE385/lab7/workspace2/lab7_2/_ide/bitstream/mb_usb_hdmi_top_7_2.bit
targets -set -nocase -filter {name =~ "*microblaze*#0" && bscan=="USER2" }
loadhw -hw C:/Users/user/OneDrive/Documents/ECE385/ECE385/lab7/workspace2/mb_usb_hdmi_top_7_2/export/mb_usb_hdmi_top_7_2/hw/mb_usb_hdmi_top_7_2.xsa -regs
configparams mdm-detect-bscan-mask 2
targets -set -nocase -filter {name =~ "*microblaze*#0" && bscan=="USER2" }
rst -system
after 3000
targets -set -nocase -filter {name =~ "*microblaze*#0" && bscan=="USER2" }
dow C:/Users/user/OneDrive/Documents/ECE385/ECE385/lab7/workspace2/lab7_2/Debug/lab7_2.elf
----------------End of Script----------------

22:58:51 INFO  : Context for processor 'microblaze_0' is selected.
22:58:51 INFO  : 'con' command is executed.
22:58:51 INFO  : ----------------XSDB Script (After Launch)----------------
targets -set -nocase -filter {name =~ "*microblaze*#0" && bscan=="USER2" }
con
----------------End of Script----------------

22:58:51 INFO  : Disconnected from the channel tcfchan#8.
23:32:43 INFO  : Result from executing command 'removePlatformRepo': 
23:33:05 INFO  : Result from executing command 'getProjects': mb_usb_hdmi_top_7_2
23:33:05 INFO  : Result from executing command 'getPlatforms': xilinx_vck190_base_202220_1|C:/Xilinx/Vitis/2022.2/base_platforms/xilinx_vck190_base_202220_1/xilinx_vck190_base_202220_1.xpfm;xilinx_vck190_base_dfx_202220_1|C:/Xilinx/Vitis/2022.2/base_platforms/xilinx_vck190_base_dfx_202220_1/xilinx_vck190_base_dfx_202220_1.xpfm;xilinx_vmk180_base_202220_1|C:/Xilinx/Vitis/2022.2/base_platforms/xilinx_vmk180_base_202220_1/xilinx_vmk180_base_202220_1.xpfm;xilinx_zcu102_base_202220_1|C:/Xilinx/Vitis/2022.2/base_platforms/xilinx_zcu102_base_202220_1/xilinx_zcu102_base_202220_1.xpfm;xilinx_zcu102_base_dfx_202220_1|C:/Xilinx/Vitis/2022.2/base_platforms/xilinx_zcu102_base_dfx_202220_1/xilinx_zcu102_base_dfx_202220_1.xpfm;xilinx_zcu104_base_202220_1|C:/Xilinx/Vitis/2022.2/base_platforms/xilinx_zcu104_base_202220_1/xilinx_zcu104_base_202220_1.xpfm
23:33:06 INFO  : Checking for BSP changes to sync application flags for project 'lab7_2'...
23:33:19 INFO  : Hardware specification for platform project 'mb_usb_hdmi_top_7_2' is updated.
23:33:35 INFO  : Connected to target on host '127.0.0.1' and port '3121'.
23:33:35 INFO  : Jtag cable 'RealDigital Boo 8874292302C0A' is selected.
23:33:35 INFO  : 'jtag frequency' command is executed.
23:33:35 INFO  : 'targets -set -filter {jtag_cable_name =~ "RealDigital Boo 8874292302C0A" && level==0 && jtag_device_ctx=="jsn1-0362f093-0"}' command is executed.
23:33:36 INFO  : Device configured successfully with "C:/Users/user/OneDrive/Documents/ECE385/ECE385/lab7/workspace2/lab7_2/_ide/bitstream/mb_usb_hdmi_top_7_2.bit"
23:33:36 INFO  : Context for processor 'microblaze_0' is selected.
23:33:36 INFO  : Hardware design and registers information is loaded from 'C:/Users/user/OneDrive/Documents/ECE385/ECE385/lab7/workspace2/mb_usb_hdmi_top_7_2/export/mb_usb_hdmi_top_7_2/hw/mb_usb_hdmi_top_7_2.xsa'.
23:33:36 INFO  : 'configparams mdm-detect-bscan-mask 2' command is executed.
23:33:36 INFO  : Context for processor 'microblaze_0' is selected.
23:33:36 INFO  : System reset is completed.
23:33:39 INFO  : 'after 3000' command is executed.
23:33:39 INFO  : Context for processor 'microblaze_0' is selected.
23:33:40 INFO  : The application 'C:/Users/user/OneDrive/Documents/ECE385/ECE385/lab7/workspace2/lab7_2/Debug/lab7_2.elf' is downloaded to processor 'microblaze_0'.
23:33:40 INFO  : ----------------XSDB Script----------------
connect -url tcp:127.0.0.1:3121
targets -set -filter {jtag_cable_name =~ "RealDigital Boo 8874292302C0A" && level==0 && jtag_device_ctx=="jsn1-0362f093-0"}
fpga -file C:/Users/user/OneDrive/Documents/ECE385/ECE385/lab7/workspace2/lab7_2/_ide/bitstream/mb_usb_hdmi_top_7_2.bit
targets -set -nocase -filter {name =~ "*microblaze*#0" && bscan=="USER2" }
loadhw -hw C:/Users/user/OneDrive/Documents/ECE385/ECE385/lab7/workspace2/mb_usb_hdmi_top_7_2/export/mb_usb_hdmi_top_7_2/hw/mb_usb_hdmi_top_7_2.xsa -regs
configparams mdm-detect-bscan-mask 2
targets -set -nocase -filter {name =~ "*microblaze*#0" && bscan=="USER2" }
rst -system
after 3000
targets -set -nocase -filter {name =~ "*microblaze*#0" && bscan=="USER2" }
dow C:/Users/user/OneDrive/Documents/ECE385/ECE385/lab7/workspace2/lab7_2/Debug/lab7_2.elf
----------------End of Script----------------

23:33:40 INFO  : Context for processor 'microblaze_0' is selected.
23:33:40 INFO  : 'con' command is executed.
23:33:40 INFO  : ----------------XSDB Script (After Launch)----------------
targets -set -nocase -filter {name =~ "*microblaze*#0" && bscan=="USER2" }
con
----------------End of Script----------------

23:33:40 INFO  : Disconnected from the channel tcfchan#11.
00:16:34 INFO  : Hardware specification for platform project 'mb_usb_hdmi_top_7_2' is updated.
00:16:48 INFO  : Result from executing command 'removePlatformRepo': 
00:17:01 INFO  : Result from executing command 'getProjects': mb_usb_hdmi_top_7_2
00:17:01 INFO  : Result from executing command 'getPlatforms': xilinx_vck190_base_202220_1|C:/Xilinx/Vitis/2022.2/base_platforms/xilinx_vck190_base_202220_1/xilinx_vck190_base_202220_1.xpfm;xilinx_vck190_base_dfx_202220_1|C:/Xilinx/Vitis/2022.2/base_platforms/xilinx_vck190_base_dfx_202220_1/xilinx_vck190_base_dfx_202220_1.xpfm;xilinx_vmk180_base_202220_1|C:/Xilinx/Vitis/2022.2/base_platforms/xilinx_vmk180_base_202220_1/xilinx_vmk180_base_202220_1.xpfm;xilinx_zcu102_base_202220_1|C:/Xilinx/Vitis/2022.2/base_platforms/xilinx_zcu102_base_202220_1/xilinx_zcu102_base_202220_1.xpfm;xilinx_zcu102_base_dfx_202220_1|C:/Xilinx/Vitis/2022.2/base_platforms/xilinx_zcu102_base_dfx_202220_1/xilinx_zcu102_base_dfx_202220_1.xpfm;xilinx_zcu104_base_202220_1|C:/Xilinx/Vitis/2022.2/base_platforms/xilinx_zcu104_base_202220_1/xilinx_zcu104_base_202220_1.xpfm
00:17:02 INFO  : Checking for BSP changes to sync application flags for project 'lab7_2'...
00:17:07 INFO  : The hardware specification used by project 'lab7_2' is out of sync with the platform. Resource files extracted from the hardware specification will be updated.
00:17:07 INFO  : The file 'C:\Users\user\OneDrive\Documents\ECE385\ECE385\lab7\workspace2\lab7_2\_ide\bitstream\mb_usb_hdmi_top_7_2.bit' stored in project is removed.
00:17:07 INFO  : The file 'C:\Users\user\OneDrive\Documents\ECE385\ECE385\lab7\workspace2\lab7_2\_ide\bitstream\mb_usb_hdmi_top_7_2.mmi' stored in project is removed.
00:17:07 INFO  : The updated bitstream files are copied from platform to folder 'C:\Users\user\OneDrive\Documents\ECE385\ECE385\lab7\workspace2\lab7_2\_ide\bitstream' in project 'lab7_2'.
00:17:31 INFO  : Connected to target on host '127.0.0.1' and port '3121'.
00:17:32 INFO  : Jtag cable 'RealDigital Boo 8874292302C0A' is selected.
00:17:32 INFO  : 'jtag frequency' command is executed.
00:17:32 INFO  : 'targets -set -filter {jtag_cable_name =~ "RealDigital Boo 8874292302C0A" && level==0 && jtag_device_ctx=="jsn1-0362f093-0"}' command is executed.
00:17:33 INFO  : Device configured successfully with "C:/Users/user/OneDrive/Documents/ECE385/ECE385/lab7/workspace2/lab7_2/_ide/bitstream/mb_usb_hdmi_top_7_2.bit"
00:17:33 INFO  : Context for processor 'microblaze_0' is selected.
00:17:33 INFO  : Hardware design and registers information is loaded from 'C:/Users/user/OneDrive/Documents/ECE385/ECE385/lab7/workspace2/mb_usb_hdmi_top_7_2/export/mb_usb_hdmi_top_7_2/hw/mb_usb_hdmi_top_7_2.xsa'.
00:17:33 INFO  : 'configparams mdm-detect-bscan-mask 2' command is executed.
00:17:33 INFO  : Context for processor 'microblaze_0' is selected.
00:17:33 INFO  : System reset is completed.
00:17:36 INFO  : 'after 3000' command is executed.
00:17:36 INFO  : Context for processor 'microblaze_0' is selected.
00:17:37 INFO  : The application 'C:/Users/user/OneDrive/Documents/ECE385/ECE385/lab7/workspace2/lab7_2/Debug/lab7_2.elf' is downloaded to processor 'microblaze_0'.
00:17:37 INFO  : ----------------XSDB Script----------------
connect -url tcp:127.0.0.1:3121
targets -set -filter {jtag_cable_name =~ "RealDigital Boo 8874292302C0A" && level==0 && jtag_device_ctx=="jsn1-0362f093-0"}
fpga -file C:/Users/user/OneDrive/Documents/ECE385/ECE385/lab7/workspace2/lab7_2/_ide/bitstream/mb_usb_hdmi_top_7_2.bit
targets -set -nocase -filter {name =~ "*microblaze*#0" && bscan=="USER2" }
loadhw -hw C:/Users/user/OneDrive/Documents/ECE385/ECE385/lab7/workspace2/mb_usb_hdmi_top_7_2/export/mb_usb_hdmi_top_7_2/hw/mb_usb_hdmi_top_7_2.xsa -regs
configparams mdm-detect-bscan-mask 2
targets -set -nocase -filter {name =~ "*microblaze*#0" && bscan=="USER2" }
rst -system
after 3000
targets -set -nocase -filter {name =~ "*microblaze*#0" && bscan=="USER2" }
dow C:/Users/user/OneDrive/Documents/ECE385/ECE385/lab7/workspace2/lab7_2/Debug/lab7_2.elf
----------------End of Script----------------

00:17:37 INFO  : Context for processor 'microblaze_0' is selected.
00:17:37 INFO  : 'con' command is executed.
00:17:37 INFO  : ----------------XSDB Script (After Launch)----------------
targets -set -nocase -filter {name =~ "*microblaze*#0" && bscan=="USER2" }
con
----------------End of Script----------------

00:17:37 INFO  : Disconnected from the channel tcfchan#14.
00:37:42 INFO  : Hardware specification for platform project 'mb_usb_hdmi_top_7_2' is updated.
00:37:52 INFO  : Result from executing command 'removePlatformRepo': 
00:38:05 INFO  : Result from executing command 'getProjects': mb_usb_hdmi_top_7_2
00:38:05 INFO  : Result from executing command 'getPlatforms': xilinx_vck190_base_202220_1|C:/Xilinx/Vitis/2022.2/base_platforms/xilinx_vck190_base_202220_1/xilinx_vck190_base_202220_1.xpfm;xilinx_vck190_base_dfx_202220_1|C:/Xilinx/Vitis/2022.2/base_platforms/xilinx_vck190_base_dfx_202220_1/xilinx_vck190_base_dfx_202220_1.xpfm;xilinx_vmk180_base_202220_1|C:/Xilinx/Vitis/2022.2/base_platforms/xilinx_vmk180_base_202220_1/xilinx_vmk180_base_202220_1.xpfm;xilinx_zcu102_base_202220_1|C:/Xilinx/Vitis/2022.2/base_platforms/xilinx_zcu102_base_202220_1/xilinx_zcu102_base_202220_1.xpfm;xilinx_zcu102_base_dfx_202220_1|C:/Xilinx/Vitis/2022.2/base_platforms/xilinx_zcu102_base_dfx_202220_1/xilinx_zcu102_base_dfx_202220_1.xpfm;xilinx_zcu104_base_202220_1|C:/Xilinx/Vitis/2022.2/base_platforms/xilinx_zcu104_base_202220_1/xilinx_zcu104_base_202220_1.xpfm
00:38:06 INFO  : Checking for BSP changes to sync application flags for project 'lab7_2'...
00:38:11 INFO  : The hardware specification used by project 'lab7_2' is out of sync with the platform. Resource files extracted from the hardware specification will be updated.
00:38:11 INFO  : The file 'C:\Users\user\OneDrive\Documents\ECE385\ECE385\lab7\workspace2\lab7_2\_ide\bitstream\mb_usb_hdmi_top_7_2.bit' stored in project is removed.
00:38:11 INFO  : The file 'C:\Users\user\OneDrive\Documents\ECE385\ECE385\lab7\workspace2\lab7_2\_ide\bitstream\mb_usb_hdmi_top_7_2.mmi' stored in project is removed.
00:38:11 INFO  : The updated bitstream files are copied from platform to folder 'C:\Users\user\OneDrive\Documents\ECE385\ECE385\lab7\workspace2\lab7_2\_ide\bitstream' in project 'lab7_2'.
00:38:32 INFO  : Connected to target on host '127.0.0.1' and port '3121'.
00:38:32 INFO  : Jtag cable 'RealDigital Boo 8874292302C0A' is selected.
00:38:32 INFO  : 'jtag frequency' command is executed.
00:38:32 INFO  : 'targets -set -filter {jtag_cable_name =~ "RealDigital Boo 8874292302C0A" && level==0 && jtag_device_ctx=="jsn1-0362f093-0"}' command is executed.
00:38:34 INFO  : Device configured successfully with "C:/Users/user/OneDrive/Documents/ECE385/ECE385/lab7/workspace2/lab7_2/_ide/bitstream/mb_usb_hdmi_top_7_2.bit"
00:38:34 INFO  : Context for processor 'microblaze_0' is selected.
00:38:34 INFO  : Hardware design and registers information is loaded from 'C:/Users/user/OneDrive/Documents/ECE385/ECE385/lab7/workspace2/mb_usb_hdmi_top_7_2/export/mb_usb_hdmi_top_7_2/hw/mb_usb_hdmi_top_7_2.xsa'.
00:38:34 INFO  : 'configparams mdm-detect-bscan-mask 2' command is executed.
00:38:34 INFO  : Context for processor 'microblaze_0' is selected.
00:38:34 INFO  : System reset is completed.
00:38:37 INFO  : 'after 3000' command is executed.
00:38:37 INFO  : Context for processor 'microblaze_0' is selected.
00:38:37 INFO  : The application 'C:/Users/user/OneDrive/Documents/ECE385/ECE385/lab7/workspace2/lab7_2/Debug/lab7_2.elf' is downloaded to processor 'microblaze_0'.
00:38:37 INFO  : ----------------XSDB Script----------------
connect -url tcp:127.0.0.1:3121
targets -set -filter {jtag_cable_name =~ "RealDigital Boo 8874292302C0A" && level==0 && jtag_device_ctx=="jsn1-0362f093-0"}
fpga -file C:/Users/user/OneDrive/Documents/ECE385/ECE385/lab7/workspace2/lab7_2/_ide/bitstream/mb_usb_hdmi_top_7_2.bit
targets -set -nocase -filter {name =~ "*microblaze*#0" && bscan=="USER2" }
loadhw -hw C:/Users/user/OneDrive/Documents/ECE385/ECE385/lab7/workspace2/mb_usb_hdmi_top_7_2/export/mb_usb_hdmi_top_7_2/hw/mb_usb_hdmi_top_7_2.xsa -regs
configparams mdm-detect-bscan-mask 2
targets -set -nocase -filter {name =~ "*microblaze*#0" && bscan=="USER2" }
rst -system
after 3000
targets -set -nocase -filter {name =~ "*microblaze*#0" && bscan=="USER2" }
dow C:/Users/user/OneDrive/Documents/ECE385/ECE385/lab7/workspace2/lab7_2/Debug/lab7_2.elf
----------------End of Script----------------

00:38:37 INFO  : Context for processor 'microblaze_0' is selected.
00:38:37 INFO  : 'con' command is executed.
00:38:37 INFO  : ----------------XSDB Script (After Launch)----------------
targets -set -nocase -filter {name =~ "*microblaze*#0" && bscan=="USER2" }
con
----------------End of Script----------------

00:38:37 INFO  : Disconnected from the channel tcfchan#17.
00:47:34 INFO  : Hardware specification for platform project 'mb_usb_hdmi_top_7_2' is updated.
00:47:44 INFO  : Result from executing command 'removePlatformRepo': 
00:47:59 INFO  : Result from executing command 'getProjects': mb_usb_hdmi_top_7_2
00:47:59 INFO  : Result from executing command 'getPlatforms': xilinx_vck190_base_202220_1|C:/Xilinx/Vitis/2022.2/base_platforms/xilinx_vck190_base_202220_1/xilinx_vck190_base_202220_1.xpfm;xilinx_vck190_base_dfx_202220_1|C:/Xilinx/Vitis/2022.2/base_platforms/xilinx_vck190_base_dfx_202220_1/xilinx_vck190_base_dfx_202220_1.xpfm;xilinx_vmk180_base_202220_1|C:/Xilinx/Vitis/2022.2/base_platforms/xilinx_vmk180_base_202220_1/xilinx_vmk180_base_202220_1.xpfm;xilinx_zcu102_base_202220_1|C:/Xilinx/Vitis/2022.2/base_platforms/xilinx_zcu102_base_202220_1/xilinx_zcu102_base_202220_1.xpfm;xilinx_zcu102_base_dfx_202220_1|C:/Xilinx/Vitis/2022.2/base_platforms/xilinx_zcu102_base_dfx_202220_1/xilinx_zcu102_base_dfx_202220_1.xpfm;xilinx_zcu104_base_202220_1|C:/Xilinx/Vitis/2022.2/base_platforms/xilinx_zcu104_base_202220_1/xilinx_zcu104_base_202220_1.xpfm
00:48:00 INFO  : Checking for BSP changes to sync application flags for project 'lab7_2'...
00:48:08 INFO  : The hardware specification used by project 'lab7_2' is out of sync with the platform. Resource files extracted from the hardware specification will be updated.
00:48:08 INFO  : The file 'C:\Users\user\OneDrive\Documents\ECE385\ECE385\lab7\workspace2\lab7_2\_ide\bitstream\mb_usb_hdmi_top_7_2.bit' stored in project is removed.
00:48:08 INFO  : The file 'C:\Users\user\OneDrive\Documents\ECE385\ECE385\lab7\workspace2\lab7_2\_ide\bitstream\mb_usb_hdmi_top_7_2.mmi' stored in project is removed.
00:48:08 INFO  : The updated bitstream files are copied from platform to folder 'C:\Users\user\OneDrive\Documents\ECE385\ECE385\lab7\workspace2\lab7_2\_ide\bitstream' in project 'lab7_2'.
00:48:20 INFO  : Connected to target on host '127.0.0.1' and port '3121'.
00:48:20 INFO  : Jtag cable 'RealDigital Boo 8874292302C0A' is selected.
00:48:20 INFO  : 'jtag frequency' command is executed.
00:48:20 INFO  : 'targets -set -filter {jtag_cable_name =~ "RealDigital Boo 8874292302C0A" && level==0 && jtag_device_ctx=="jsn1-0362f093-0"}' command is executed.
00:48:22 INFO  : Device configured successfully with "C:/Users/user/OneDrive/Documents/ECE385/ECE385/lab7/workspace2/lab7_2/_ide/bitstream/mb_usb_hdmi_top_7_2.bit"
00:48:22 INFO  : Context for processor 'microblaze_0' is selected.
00:48:22 INFO  : Hardware design and registers information is loaded from 'C:/Users/user/OneDrive/Documents/ECE385/ECE385/lab7/workspace2/mb_usb_hdmi_top_7_2/export/mb_usb_hdmi_top_7_2/hw/mb_usb_hdmi_top_7_2.xsa'.
00:48:22 INFO  : 'configparams mdm-detect-bscan-mask 2' command is executed.
00:48:22 INFO  : Context for processor 'microblaze_0' is selected.
00:48:22 INFO  : System reset is completed.
00:48:25 INFO  : 'after 3000' command is executed.
00:48:25 INFO  : Context for processor 'microblaze_0' is selected.
00:48:25 INFO  : The application 'C:/Users/user/OneDrive/Documents/ECE385/ECE385/lab7/workspace2/lab7_2/Debug/lab7_2.elf' is downloaded to processor 'microblaze_0'.
00:48:25 INFO  : ----------------XSDB Script----------------
connect -url tcp:127.0.0.1:3121
targets -set -filter {jtag_cable_name =~ "RealDigital Boo 8874292302C0A" && level==0 && jtag_device_ctx=="jsn1-0362f093-0"}
fpga -file C:/Users/user/OneDrive/Documents/ECE385/ECE385/lab7/workspace2/lab7_2/_ide/bitstream/mb_usb_hdmi_top_7_2.bit
targets -set -nocase -filter {name =~ "*microblaze*#0" && bscan=="USER2" }
loadhw -hw C:/Users/user/OneDrive/Documents/ECE385/ECE385/lab7/workspace2/mb_usb_hdmi_top_7_2/export/mb_usb_hdmi_top_7_2/hw/mb_usb_hdmi_top_7_2.xsa -regs
configparams mdm-detect-bscan-mask 2
targets -set -nocase -filter {name =~ "*microblaze*#0" && bscan=="USER2" }
rst -system
after 3000
targets -set -nocase -filter {name =~ "*microblaze*#0" && bscan=="USER2" }
dow C:/Users/user/OneDrive/Documents/ECE385/ECE385/lab7/workspace2/lab7_2/Debug/lab7_2.elf
----------------End of Script----------------

00:48:25 INFO  : Context for processor 'microblaze_0' is selected.
00:48:25 INFO  : 'con' command is executed.
00:48:25 INFO  : ----------------XSDB Script (After Launch)----------------
targets -set -nocase -filter {name =~ "*microblaze*#0" && bscan=="USER2" }
con
----------------End of Script----------------

00:48:25 INFO  : Disconnected from the channel tcfchan#20.
