
*** Running vivado
    with args -log hdmi_block_ilmb_v10_0.vds -m64 -product Vivado -mode batch -messageDb vivado.pb -notrace -source hdmi_block_ilmb_v10_0.tcl



****** Vivado v2022.2 (64-bit)
  **** SW Build 3671981 on Fri Oct 14 05:00:03 MDT 2022
  **** IP Build 3669848 on Fri Oct 14 08:30:02 MDT 2022
    ** Copyright 1986-2022 Xilinx, Inc. All Rights Reserved.

source hdmi_block_ilmb_v10_0.tcl -notrace
create_project: Time (s): cpu = 00:00:04 ; elapsed = 00:00:08 . Memory (MB): peak = 1003.582 ; gain = 118.465
INFO: [IP_Flow 19-234] Refreshing IP repositories
INFO: [IP_Flow 19-1700] Loaded user IP repository 'c:/Users/user/OneDrive/Documents/ECE385/ECE385/ip_repo/hdmi_text_controller_1_0'.
INFO: [IP_Flow 19-2313] Loaded Vivado IP repository 'C:/Xilinx/Vivado/2022.2/data/ip'.
INFO: [IP_Flow 19-6924] IPCACHE: Running cache check for IP inst: hdmi_block_ilmb_v10_0
INFO: [IP_Flow 19-6922] IPCACHE: Exporting cached entry 8b859a7611e3417d to dir: C:/Users/user/OneDrive/Documents/ECE385/ECE385/lab7/lab7.runs/hdmi_block_ilmb_v10_0_synth_1
INFO: [IP_Flow 19-6928] IPCACHE: copied cached file c:/Users/user/OneDrive/Documents/ECE385/ECE385/lab7/lab7.cache/ip/2022.2/8/b/8b859a7611e3417d/hdmi_block_dlmb_v10_0.dcp to C:/Users/user/OneDrive/Documents/ECE385/ECE385/lab7/lab7.runs/hdmi_block_ilmb_v10_0_synth_1/hdmi_block_ilmb_v10_0.dcp.
INFO: [IP_Flow 19-6928] IPCACHE: copied cached file c:/Users/user/OneDrive/Documents/ECE385/ECE385/lab7/lab7.cache/ip/2022.2/8/b/8b859a7611e3417d/hdmi_block_dlmb_v10_0_sim_netlist.v to C:/Users/user/OneDrive/Documents/ECE385/ECE385/lab7/lab7.runs/hdmi_block_ilmb_v10_0_synth_1/hdmi_block_ilmb_v10_0_sim_netlist.v.
INFO: [IP_Flow 19-6928] IPCACHE: copied cached file c:/Users/user/OneDrive/Documents/ECE385/ECE385/lab7/lab7.cache/ip/2022.2/8/b/8b859a7611e3417d/hdmi_block_dlmb_v10_0_sim_netlist.vhdl to C:/Users/user/OneDrive/Documents/ECE385/ECE385/lab7/lab7.runs/hdmi_block_ilmb_v10_0_synth_1/hdmi_block_ilmb_v10_0_sim_netlist.vhdl.
INFO: [IP_Flow 19-6928] IPCACHE: copied cached file c:/Users/user/OneDrive/Documents/ECE385/ECE385/lab7/lab7.cache/ip/2022.2/8/b/8b859a7611e3417d/hdmi_block_dlmb_v10_0_stub.v to C:/Users/user/OneDrive/Documents/ECE385/ECE385/lab7/lab7.runs/hdmi_block_ilmb_v10_0_synth_1/hdmi_block_ilmb_v10_0_stub.v.
INFO: [IP_Flow 19-6928] IPCACHE: copied cached file c:/Users/user/OneDrive/Documents/ECE385/ECE385/lab7/lab7.cache/ip/2022.2/8/b/8b859a7611e3417d/hdmi_block_dlmb_v10_0_stub.vhdl to C:/Users/user/OneDrive/Documents/ECE385/ECE385/lab7/lab7.runs/hdmi_block_ilmb_v10_0_synth_1/hdmi_block_ilmb_v10_0_stub.vhdl.
INFO: [IP_Flow 19-4838] Using cached IP synthesis design for IP hdmi_block_ilmb_v10_0, cache-ID = 8b859a7611e3417d.
INFO: [Common 17-206] Exiting Vivado at Tue Mar 26 09:07:03 2024...
