
*** Running vivado
    with args -log hmdi_text_controller_hdmi_text_controller_0_0.vds -m64 -product Vivado -mode batch -messageDb vivado.pb -notrace -source hmdi_text_controller_hdmi_text_controller_0_0.tcl



****** Vivado v2022.2 (64-bit)
  **** SW Build 3671981 on Fri Oct 14 05:00:03 MDT 2022
  **** IP Build 3669848 on Fri Oct 14 08:30:02 MDT 2022
    ** Copyright 1986-2022 Xilinx, Inc. All Rights Reserved.

source hmdi_text_controller_hdmi_text_controller_0_0.tcl -notrace
create_project: Time (s): cpu = 00:00:09 ; elapsed = 00:00:14 . Memory (MB): peak = 1002.160 ; gain = 116.871
INFO: [IP_Flow 19-234] Refreshing IP repositories
INFO: [IP_Flow 19-1700] Loaded user IP repository 'c:/Users/user/OneDrive/Documents/ECE385/ECE385/ip_repo/hdmi_text_controller_1_0'.
INFO: [IP_Flow 19-2313] Loaded Vivado IP repository 'C:/Xilinx/Vivado/2022.2/data/ip'.
INFO: [IP_Flow 19-6924] IPCACHE: Running cache check for IP inst: hmdi_text_controller_hdmi_text_controller_0_0
Command: synth_design -top hmdi_text_controller_hdmi_text_controller_0_0 -part xc7s50csga324-1 -incremental_mode off -mode out_of_context
Starting synth_design
Attempting to get a license for feature 'Synthesis' and/or device 'xc7s50'
INFO: [Common 17-349] Got license for feature 'Synthesis' and/or device 'xc7s50'
INFO: [Device 21-403] Loading part xc7s50csga324-1
INFO: [Synth 8-7079] Multithreading enabled for synth_design using a maximum of 2 processes.
INFO: [Synth 8-7078] Launching helper process for spawning children vivado processes
INFO: [Synth 8-7075] Helper process launched with PID 44880
INFO: [Synth 8-11241] undeclared symbol 'REGCCE', assumed default net type 'wire' [C:/Xilinx/Vivado/2022.2/data/verilog/src/unimacro/BRAM_SINGLE_MACRO.v:2170]
---------------------------------------------------------------------------------
Starting RTL Elaboration : Time (s): cpu = 00:00:05 ; elapsed = 00:00:11 . Memory (MB): peak = 1815.660 ; gain = 406.930
---------------------------------------------------------------------------------
INFO: [Synth 8-6157] synthesizing module 'hmdi_text_controller_hdmi_text_controller_0_0' [c:/Users/user/OneDrive/Documents/ECE385/ECE385/lab7/lab7.gen/sources_1/bd/hmdi_text_controller/ip/hmdi_text_controller_hdmi_text_controller_0_0/synth/hmdi_text_controller_hdmi_text_controller_0_0.sv:53]
INFO: [Synth 8-6157] synthesizing module 'hdmi_text_controller_v1_0' [c:/Users/user/OneDrive/Documents/ECE385/ECE385/lab7/Downloads/lab7 provided/hdmi_text_controller_v1_0.sv:9]
INFO: [Synth 8-6157] synthesizing module 'hdmi_text_controller_v1_0_AXI' [c:/Users/user/OneDrive/Documents/ECE385/ECE385/lab7/Downloads/lab7 provided/hdmi_text_controller_v1_0_AXI.sv:27]
WARNING: [Synth 8-324] index 4 out of range [c:/Users/user/OneDrive/Documents/ECE385/ECE385/lab7/Downloads/lab7 provided/hdmi_text_controller_v1_0_AXI.sv:253]
WARNING: [Synth 8-324] index 5 out of range [c:/Users/user/OneDrive/Documents/ECE385/ECE385/lab7/Downloads/lab7 provided/hdmi_text_controller_v1_0_AXI.sv:253]
WARNING: [Synth 8-324] index 6 out of range [c:/Users/user/OneDrive/Documents/ECE385/ECE385/lab7/Downloads/lab7 provided/hdmi_text_controller_v1_0_AXI.sv:253]
WARNING: [Synth 8-324] index 7 out of range [c:/Users/user/OneDrive/Documents/ECE385/ECE385/lab7/Downloads/lab7 provided/hdmi_text_controller_v1_0_AXI.sv:253]
WARNING: [Synth 8-324] index 8 out of range [c:/Users/user/OneDrive/Documents/ECE385/ECE385/lab7/Downloads/lab7 provided/hdmi_text_controller_v1_0_AXI.sv:253]
WARNING: [Synth 8-324] index 9 out of range [c:/Users/user/OneDrive/Documents/ECE385/ECE385/lab7/Downloads/lab7 provided/hdmi_text_controller_v1_0_AXI.sv:253]
WARNING: [Synth 8-324] index 10 out of range [c:/Users/user/OneDrive/Documents/ECE385/ECE385/lab7/Downloads/lab7 provided/hdmi_text_controller_v1_0_AXI.sv:253]
WARNING: [Synth 8-324] index 11 out of range [c:/Users/user/OneDrive/Documents/ECE385/ECE385/lab7/Downloads/lab7 provided/hdmi_text_controller_v1_0_AXI.sv:253]
WARNING: [Synth 8-324] index 12 out of range [c:/Users/user/OneDrive/Documents/ECE385/ECE385/lab7/Downloads/lab7 provided/hdmi_text_controller_v1_0_AXI.sv:253]
WARNING: [Synth 8-324] index 13 out of range [c:/Users/user/OneDrive/Documents/ECE385/ECE385/lab7/Downloads/lab7 provided/hdmi_text_controller_v1_0_AXI.sv:253]
WARNING: [Synth 8-324] index 14 out of range [c:/Users/user/OneDrive/Documents/ECE385/ECE385/lab7/Downloads/lab7 provided/hdmi_text_controller_v1_0_AXI.sv:253]
WARNING: [Synth 8-324] index 15 out of range [c:/Users/user/OneDrive/Documents/ECE385/ECE385/lab7/Downloads/lab7 provided/hdmi_text_controller_v1_0_AXI.sv:253]
INFO: [Synth 8-6155] done synthesizing module 'hdmi_text_controller_v1_0_AXI' (0#1) [c:/Users/user/OneDrive/Documents/ECE385/ECE385/lab7/Downloads/lab7 provided/hdmi_text_controller_v1_0_AXI.sv:27]
INFO: [Synth 8-6155] done synthesizing module 'hdmi_text_controller_v1_0' (0#1) [c:/Users/user/OneDrive/Documents/ECE385/ECE385/lab7/Downloads/lab7 provided/hdmi_text_controller_v1_0.sv:9]
INFO: [Synth 8-6155] done synthesizing module 'hmdi_text_controller_hdmi_text_controller_0_0' (0#1) [c:/Users/user/OneDrive/Documents/ECE385/ECE385/lab7/lab7.gen/sources_1/bd/hmdi_text_controller/ip/hmdi_text_controller_hdmi_text_controller_0_0/synth/hmdi_text_controller_hdmi_text_controller_0_0.sv:53]
WARNING: [Synth 8-3848] Net hdmi_clk_n in module/entity hdmi_text_controller_v1_0 does not have driver. [c:/Users/user/OneDrive/Documents/ECE385/ECE385/lab7/Downloads/lab7 provided/hdmi_text_controller_v1_0.sv:24]
WARNING: [Synth 8-3848] Net hdmi_clk_p in module/entity hdmi_text_controller_v1_0 does not have driver. [c:/Users/user/OneDrive/Documents/ECE385/ECE385/lab7/Downloads/lab7 provided/hdmi_text_controller_v1_0.sv:25]
WARNING: [Synth 8-3848] Net hdmi_tx_n in module/entity hdmi_text_controller_v1_0 does not have driver. [c:/Users/user/OneDrive/Documents/ECE385/ECE385/lab7/Downloads/lab7 provided/hdmi_text_controller_v1_0.sv:26]
WARNING: [Synth 8-3848] Net hdmi_tx_p in module/entity hdmi_text_controller_v1_0 does not have driver. [c:/Users/user/OneDrive/Documents/ECE385/ECE385/lab7/Downloads/lab7 provided/hdmi_text_controller_v1_0.sv:27]
WARNING: [Synth 8-7129] Port S_AXI_AWPROT[2] in module hdmi_text_controller_v1_0_AXI is either unconnected or has no load
WARNING: [Synth 8-7129] Port S_AXI_AWPROT[1] in module hdmi_text_controller_v1_0_AXI is either unconnected or has no load
WARNING: [Synth 8-7129] Port S_AXI_AWPROT[0] in module hdmi_text_controller_v1_0_AXI is either unconnected or has no load
WARNING: [Synth 8-7129] Port S_AXI_ARPROT[2] in module hdmi_text_controller_v1_0_AXI is either unconnected or has no load
WARNING: [Synth 8-7129] Port S_AXI_ARPROT[1] in module hdmi_text_controller_v1_0_AXI is either unconnected or has no load
WARNING: [Synth 8-7129] Port S_AXI_ARPROT[0] in module hdmi_text_controller_v1_0_AXI is either unconnected or has no load
WARNING: [Synth 8-7129] Port hdmi_clk_n in module hdmi_text_controller_v1_0 is either unconnected or has no load
WARNING: [Synth 8-7129] Port hdmi_clk_p in module hdmi_text_controller_v1_0 is either unconnected or has no load
WARNING: [Synth 8-7129] Port hdmi_tx_n[2] in module hdmi_text_controller_v1_0 is either unconnected or has no load
WARNING: [Synth 8-7129] Port hdmi_tx_n[1] in module hdmi_text_controller_v1_0 is either unconnected or has no load
WARNING: [Synth 8-7129] Port hdmi_tx_n[0] in module hdmi_text_controller_v1_0 is either unconnected or has no load
WARNING: [Synth 8-7129] Port hdmi_tx_p[2] in module hdmi_text_controller_v1_0 is either unconnected or has no load
WARNING: [Synth 8-7129] Port hdmi_tx_p[1] in module hdmi_text_controller_v1_0 is either unconnected or has no load
WARNING: [Synth 8-7129] Port hdmi_tx_p[0] in module hdmi_text_controller_v1_0 is either unconnected or has no load
---------------------------------------------------------------------------------
Finished RTL Elaboration : Time (s): cpu = 00:00:07 ; elapsed = 00:00:13 . Memory (MB): peak = 1913.098 ; gain = 504.367
---------------------------------------------------------------------------------
---------------------------------------------------------------------------------
Start Handling Custom Attributes
---------------------------------------------------------------------------------
---------------------------------------------------------------------------------
Finished Handling Custom Attributes : Time (s): cpu = 00:00:07 ; elapsed = 00:00:13 . Memory (MB): peak = 1913.098 ; gain = 504.367
---------------------------------------------------------------------------------
---------------------------------------------------------------------------------
Finished RTL Optimization Phase 1 : Time (s): cpu = 00:00:07 ; elapsed = 00:00:13 . Memory (MB): peak = 1913.098 ; gain = 504.367
---------------------------------------------------------------------------------
Netlist sorting complete. Time (s): cpu = 00:00:00 ; elapsed = 00:00:00.008 . Memory (MB): peak = 1913.098 ; gain = 0.000
INFO: [Project 1-570] Preparing netlist for logic optimization

Processing XDC Constraints
Initializing timing engine
Completed Processing XDC Constraints

Netlist sorting complete. Time (s): cpu = 00:00:00 ; elapsed = 00:00:00 . Memory (MB): peak = 1986.355 ; gain = 0.000
INFO: [Project 1-111] Unisim Transformation Summary:
No Unisim elements were transformed.

Constraint Validation Runtime : Time (s): cpu = 00:00:00 ; elapsed = 00:00:00.024 . Memory (MB): peak = 1986.355 ; gain = 0.000
INFO: [Designutils 20-5008] Incremental synthesis strategy off
INFO: [Synth 8-11241] undeclared symbol 'REGCCE', assumed default net type 'wire' [C:/Xilinx/Vivado/2022.2/data/verilog/src/unimacro/BRAM_SINGLE_MACRO.v:2170]
---------------------------------------------------------------------------------
Finished Constraint Validation : Time (s): cpu = 00:00:14 ; elapsed = 00:00:23 . Memory (MB): peak = 1986.355 ; gain = 577.625
---------------------------------------------------------------------------------
---------------------------------------------------------------------------------
Start Loading Part and Timing Information
---------------------------------------------------------------------------------
Loading part: xc7s50csga324-1
---------------------------------------------------------------------------------
Finished Loading Part and Timing Information : Time (s): cpu = 00:00:14 ; elapsed = 00:00:23 . Memory (MB): peak = 1986.355 ; gain = 577.625
---------------------------------------------------------------------------------
---------------------------------------------------------------------------------
Start Applying 'set_property' XDC Constraints
---------------------------------------------------------------------------------
---------------------------------------------------------------------------------
Finished applying 'set_property' XDC Constraints : Time (s): cpu = 00:00:14 ; elapsed = 00:00:23 . Memory (MB): peak = 1986.355 ; gain = 577.625
---------------------------------------------------------------------------------
---------------------------------------------------------------------------------
Finished RTL Optimization Phase 2 : Time (s): cpu = 00:00:15 ; elapsed = 00:00:23 . Memory (MB): peak = 1986.355 ; gain = 577.625
---------------------------------------------------------------------------------
---------------------------------------------------------------------------------
Start RTL Component Statistics 
---------------------------------------------------------------------------------
Detailed RTL Component Info : 
+---Registers : 
	               32 Bit    Registers := 5     
	                4 Bit    Registers := 2     
	                2 Bit    Registers := 2     
	                1 Bit    Registers := 6     
+---Muxes : 
	   2 Input   32 Bit        Muxes := 4     
	   4 Input   32 Bit        Muxes := 1     
	   2 Input    8 Bit        Muxes := 20    
	   2 Input    1 Bit        Muxes := 5     
---------------------------------------------------------------------------------
Finished RTL Component Statistics 
---------------------------------------------------------------------------------
---------------------------------------------------------------------------------
Start Part Resource Summary
---------------------------------------------------------------------------------
Part Resources:
DSPs: 120 (col length:60)
BRAMs: 150 (col length: RAMB18 60 RAMB36 30)
---------------------------------------------------------------------------------
Finished Part Resource Summary
---------------------------------------------------------------------------------
---------------------------------------------------------------------------------
Start Cross Boundary and Area Optimization
---------------------------------------------------------------------------------
WARNING: [Synth 8-7080] Parallel synthesis criteria is not met
WARNING: [Synth 8-7129] Port hdmi_clk_n in module hmdi_text_controller_hdmi_text_controller_0_0 is either unconnected or has no load
WARNING: [Synth 8-7129] Port hdmi_clk_p in module hmdi_text_controller_hdmi_text_controller_0_0 is either unconnected or has no load
WARNING: [Synth 8-7129] Port hdmi_tx_n[2] in module hmdi_text_controller_hdmi_text_controller_0_0 is either unconnected or has no load
WARNING: [Synth 8-7129] Port hdmi_tx_n[1] in module hmdi_text_controller_hdmi_text_controller_0_0 is either unconnected or has no load
WARNING: [Synth 8-7129] Port hdmi_tx_n[0] in module hmdi_text_controller_hdmi_text_controller_0_0 is either unconnected or has no load
WARNING: [Synth 8-7129] Port hdmi_tx_p[2] in module hmdi_text_controller_hdmi_text_controller_0_0 is either unconnected or has no load
WARNING: [Synth 8-7129] Port hdmi_tx_p[1] in module hmdi_text_controller_hdmi_text_controller_0_0 is either unconnected or has no load
WARNING: [Synth 8-7129] Port hdmi_tx_p[0] in module hmdi_text_controller_hdmi_text_controller_0_0 is either unconnected or has no load
WARNING: [Synth 8-7129] Port axi_awprot[2] in module hmdi_text_controller_hdmi_text_controller_0_0 is either unconnected or has no load
WARNING: [Synth 8-7129] Port axi_awprot[1] in module hmdi_text_controller_hdmi_text_controller_0_0 is either unconnected or has no load
WARNING: [Synth 8-7129] Port axi_awprot[0] in module hmdi_text_controller_hdmi_text_controller_0_0 is either unconnected or has no load
WARNING: [Synth 8-7129] Port axi_arprot[2] in module hmdi_text_controller_hdmi_text_controller_0_0 is either unconnected or has no load
WARNING: [Synth 8-7129] Port axi_arprot[1] in module hmdi_text_controller_hdmi_text_controller_0_0 is either unconnected or has no load
WARNING: [Synth 8-7129] Port axi_arprot[0] in module hmdi_text_controller_hdmi_text_controller_0_0 is either unconnected or has no load
---------------------------------------------------------------------------------
Finished Cross Boundary and Area Optimization : Time (s): cpu = 00:00:17 ; elapsed = 00:00:26 . Memory (MB): peak = 1986.355 ; gain = 577.625
---------------------------------------------------------------------------------
---------------------------------------------------------------------------------
Start Applying XDC Timing Constraints
---------------------------------------------------------------------------------
---------------------------------------------------------------------------------
Finished Applying XDC Timing Constraints : Time (s): cpu = 00:00:23 ; elapsed = 00:00:35 . Memory (MB): peak = 1986.355 ; gain = 577.625
---------------------------------------------------------------------------------
---------------------------------------------------------------------------------
Start Timing Optimization
---------------------------------------------------------------------------------
---------------------------------------------------------------------------------
Finished Timing Optimization : Time (s): cpu = 00:00:23 ; elapsed = 00:00:35 . Memory (MB): peak = 1986.355 ; gain = 577.625
---------------------------------------------------------------------------------
---------------------------------------------------------------------------------
Start Technology Mapping
---------------------------------------------------------------------------------
---------------------------------------------------------------------------------
Finished Technology Mapping : Time (s): cpu = 00:00:23 ; elapsed = 00:00:35 . Memory (MB): peak = 1986.355 ; gain = 577.625
---------------------------------------------------------------------------------
---------------------------------------------------------------------------------
Start IO Insertion
---------------------------------------------------------------------------------
---------------------------------------------------------------------------------
Start Flattening Before IO Insertion
---------------------------------------------------------------------------------
---------------------------------------------------------------------------------
Finished Flattening Before IO Insertion
---------------------------------------------------------------------------------
---------------------------------------------------------------------------------
Start Final Netlist Cleanup
---------------------------------------------------------------------------------
---------------------------------------------------------------------------------
Finished Final Netlist Cleanup
---------------------------------------------------------------------------------
---------------------------------------------------------------------------------
Finished IO Insertion : Time (s): cpu = 00:00:27 ; elapsed = 00:00:40 . Memory (MB): peak = 1986.355 ; gain = 577.625
---------------------------------------------------------------------------------
---------------------------------------------------------------------------------
Start Renaming Generated Instances
---------------------------------------------------------------------------------
---------------------------------------------------------------------------------
Finished Renaming Generated Instances : Time (s): cpu = 00:00:27 ; elapsed = 00:00:40 . Memory (MB): peak = 1986.355 ; gain = 577.625
---------------------------------------------------------------------------------
---------------------------------------------------------------------------------
Start Rebuilding User Hierarchy
---------------------------------------------------------------------------------
---------------------------------------------------------------------------------
Finished Rebuilding User Hierarchy : Time (s): cpu = 00:00:27 ; elapsed = 00:00:40 . Memory (MB): peak = 1986.355 ; gain = 577.625
---------------------------------------------------------------------------------
---------------------------------------------------------------------------------
Start Renaming Generated Ports
---------------------------------------------------------------------------------
---------------------------------------------------------------------------------
Finished Renaming Generated Ports : Time (s): cpu = 00:00:27 ; elapsed = 00:00:40 . Memory (MB): peak = 1986.355 ; gain = 577.625
---------------------------------------------------------------------------------
---------------------------------------------------------------------------------
Start Handling Custom Attributes
---------------------------------------------------------------------------------
---------------------------------------------------------------------------------
Finished Handling Custom Attributes : Time (s): cpu = 00:00:27 ; elapsed = 00:00:40 . Memory (MB): peak = 1986.355 ; gain = 577.625
---------------------------------------------------------------------------------
---------------------------------------------------------------------------------
Start Renaming Generated Nets
---------------------------------------------------------------------------------
---------------------------------------------------------------------------------
Finished Renaming Generated Nets : Time (s): cpu = 00:00:27 ; elapsed = 00:00:40 . Memory (MB): peak = 1986.355 ; gain = 577.625
---------------------------------------------------------------------------------
---------------------------------------------------------------------------------
Start Writing Synthesis Report
---------------------------------------------------------------------------------

Report BlackBoxes: 
+-+--------------+----------+
| |BlackBox name |Instances |
+-+--------------+----------+
+-+--------------+----------+

Report Cell Usage: 
+------+-----+------+
|      |Cell |Count |
+------+-----+------+
|1     |LUT1 |     1|
|2     |LUT2 |     1|
|3     |LUT3 |     1|
|4     |LUT4 |    22|
|5     |LUT6 |    36|
|6     |FDRE |   169|
|7     |FDSE |     1|
+------+-----+------+
---------------------------------------------------------------------------------
Finished Writing Synthesis Report : Time (s): cpu = 00:00:27 ; elapsed = 00:00:40 . Memory (MB): peak = 1986.355 ; gain = 577.625
---------------------------------------------------------------------------------
Synthesis finished with 0 errors, 0 critical warnings and 15 warnings.
Synthesis Optimization Runtime : Time (s): cpu = 00:00:19 ; elapsed = 00:00:38 . Memory (MB): peak = 1986.355 ; gain = 504.367
Synthesis Optimization Complete : Time (s): cpu = 00:00:27 ; elapsed = 00:00:40 . Memory (MB): peak = 1986.355 ; gain = 577.625
INFO: [Project 1-571] Translating synthesized netlist
Netlist sorting complete. Time (s): cpu = 00:00:00 ; elapsed = 00:00:00.004 . Memory (MB): peak = 1986.355 ; gain = 0.000
INFO: [Project 1-570] Preparing netlist for logic optimization
INFO: [Opt 31-138] Pushed 0 inverter(s) to 0 load pin(s).
Netlist sorting complete. Time (s): cpu = 00:00:00 ; elapsed = 00:00:00 . Memory (MB): peak = 1986.355 ; gain = 0.000
INFO: [Project 1-111] Unisim Transformation Summary:
No Unisim elements were transformed.

Synth Design complete, checksum: adcb7430
INFO: [Common 17-83] Releasing license: Synthesis
25 Infos, 45 Warnings, 0 Critical Warnings and 0 Errors encountered.
synth_design completed successfully
synth_design: Time (s): cpu = 00:00:33 ; elapsed = 00:00:50 . Memory (MB): peak = 1986.355 ; gain = 954.387
INFO: [Common 17-1381] The checkpoint 'C:/Users/user/OneDrive/Documents/ECE385/ECE385/lab7/lab7.runs/hmdi_text_controller_hdmi_text_controller_0_0_synth_1/hmdi_text_controller_hdmi_text_controller_0_0.dcp' has been generated.
INFO: [Coretcl 2-1648] Added synthesis output to IP cache for IP hmdi_text_controller_hdmi_text_controller_0_0, cache-ID = 50eed8f076d0f46a
INFO: [Coretcl 2-1174] Renamed 2 cell refs.
INFO: [Common 17-1381] The checkpoint 'C:/Users/user/OneDrive/Documents/ECE385/ECE385/lab7/lab7.runs/hmdi_text_controller_hdmi_text_controller_0_0_synth_1/hmdi_text_controller_hdmi_text_controller_0_0.dcp' has been generated.
INFO: [runtcl-4] Executing : report_utilization -file hmdi_text_controller_hdmi_text_controller_0_0_utilization_synth.rpt -pb hmdi_text_controller_hdmi_text_controller_0_0_utilization_synth.pb
INFO: [Common 17-206] Exiting Vivado at Mon Mar 25 22:00:38 2024...
