
*** Running vivado
    with args -log hdmi_text_controller_v1_0.vds -m64 -product Vivado -mode batch -messageDb vivado.pb -notrace -source hdmi_text_controller_v1_0.tcl



****** Vivado v2022.2 (64-bit)
  **** SW Build 3671981 on Fri Oct 14 05:00:03 MDT 2022
  **** IP Build 3669848 on Fri Oct 14 08:30:02 MDT 2022
    ** Copyright 1986-2022 Xilinx, Inc. All Rights Reserved.

source hdmi_text_controller_v1_0.tcl -notrace
create_project: Time (s): cpu = 00:00:03 ; elapsed = 00:00:05 . Memory (MB): peak = 1002.184 ; gain = 118.207
INFO: [IP_Flow 19-234] Refreshing IP repositories
INFO: [IP_Flow 19-1700] Loaded user IP repository 'c:/Users/user/OneDrive/Documents/ECE385/ECE385/ip_repo/hdmi_text_controller_1_0'.
INFO: [IP_Flow 19-1700] Loaded user IP repository 'c:/Users/user/Downloads/hdmi_tx_1.0'.
INFO: [IP_Flow 19-2313] Loaded Vivado IP repository 'C:/Xilinx/Vivado/2022.2/data/ip'.
WARNING: [IP_Flow 19-1663] Duplicate IP found for 'realdigital.org:realdigital:hdmi_tx:1.0'. The one found in IP location 'c:/Users/user/OneDrive/Documents/ECE385/ECE385/ip_repo/hdmi_text_controller_1_0/src/hdmi_tx_1.0' will take precedence over the same IP in locations: 
   c:/Users/user/Downloads/hdmi_tx_1.0
   c:/Users/user/Downloads/hdmi_tx_1.0/hdmi_tx_1
WARNING: [IP_Flow 19-4995] The host OS only allows 260 characters in a normal path. The IP cache path is more than 80 characters. If you experience issues with IP caching, please consider changing the IP cache to a location with a shorter path. Alternately consider using the OS subst command to map part of the path to a drive letter. 
Current IP cache path is c:/Users/user/OneDrive/Documents/ECE385/ECE385/lab7/lab7.tmp/hdmi_text_controller_v1_0_project/hdmi_text_controller_v1_0_project.cache/ip 
Command: read_checkpoint -auto_incremental -incremental C:/Users/user/OneDrive/Documents/ECE385/ECE385/lab7/lab7.tmp/hdmi_text_controller_v1_0_project/hdmi_text_controller_v1_0_project.srcs/utils_1/imports/synth_1/hdmi_text_controller_v1_0.dcp
INFO: [Vivado 12-5825] Read reference checkpoint from C:/Users/user/OneDrive/Documents/ECE385/ECE385/lab7/lab7.tmp/hdmi_text_controller_v1_0_project/hdmi_text_controller_v1_0_project.srcs/utils_1/imports/synth_1/hdmi_text_controller_v1_0.dcp for incremental synthesis
INFO: [Vivado 12-7989] Please ensure there are no constraint changes
Command: synth_design -top hdmi_text_controller_v1_0 -part xc7s50csga324-1
Starting synth_design
Attempting to get a license for feature 'Synthesis' and/or device 'xc7s50'
INFO: [Common 17-349] Got license for feature 'Synthesis' and/or device 'xc7s50'
INFO: [Device 21-403] Loading part xc7s50csga324-1
INFO: [Synth 8-7079] Multithreading enabled for synth_design using a maximum of 2 processes.
INFO: [Synth 8-7078] Launching helper process for spawning children vivado processes
INFO: [Synth 8-7075] Helper process launched with PID 87908
INFO: [Synth 8-11241] undeclared symbol 'REGCCE', assumed default net type 'wire' [C:/Xilinx/Vivado/2022.2/data/verilog/src/unimacro/BRAM_SINGLE_MACRO.v:2170]
INFO: [Synth 8-11241] undeclared symbol 'hdmi_data_n', assumed default net type 'wire' [C:/Users/user/OneDrive/Documents/ECE385/ECE385/ip_repo/hdmi_text_controller_1_0/src/hdmi_text_controller_v1_0.sv:147]
---------------------------------------------------------------------------------
Starting RTL Elaboration : Time (s): cpu = 00:00:03 ; elapsed = 00:00:07 . Memory (MB): peak = 1819.078 ; gain = 408.535
---------------------------------------------------------------------------------
INFO: [Synth 8-6157] synthesizing module 'hdmi_text_controller_v1_0' [C:/Users/user/OneDrive/Documents/ECE385/ECE385/ip_repo/hdmi_text_controller_1_0/src/hdmi_text_controller_v1_0.sv:9]
INFO: [Synth 8-6157] synthesizing module 'hdmi_text_controller_v1_0_AXI' [C:/Users/user/OneDrive/Documents/ECE385/ECE385/ip_repo/hdmi_text_controller_1_0/src/hdmi_text_controller_v1_0_AXI.sv:27]
	Parameter C_S_AXI_DATA_WIDTH bound to: 32 - type: integer 
	Parameter C_S_AXI_ADDR_WIDTH bound to: 12 - type: integer 
WARNING: [Synth 8-324] index 601 out of range [C:/Users/user/OneDrive/Documents/ECE385/ECE385/ip_repo/hdmi_text_controller_1_0/src/hdmi_text_controller_v1_0_AXI.sv:264]
WARNING: [Synth 8-324] index 602 out of range [C:/Users/user/OneDrive/Documents/ECE385/ECE385/ip_repo/hdmi_text_controller_1_0/src/hdmi_text_controller_v1_0_AXI.sv:264]
WARNING: [Synth 8-324] index 603 out of range [C:/Users/user/OneDrive/Documents/ECE385/ECE385/ip_repo/hdmi_text_controller_1_0/src/hdmi_text_controller_v1_0_AXI.sv:264]
WARNING: [Synth 8-324] index 604 out of range [C:/Users/user/OneDrive/Documents/ECE385/ECE385/ip_repo/hdmi_text_controller_1_0/src/hdmi_text_controller_v1_0_AXI.sv:264]
WARNING: [Synth 8-324] index 605 out of range [C:/Users/user/OneDrive/Documents/ECE385/ECE385/ip_repo/hdmi_text_controller_1_0/src/hdmi_text_controller_v1_0_AXI.sv:264]
WARNING: [Synth 8-324] index 606 out of range [C:/Users/user/OneDrive/Documents/ECE385/ECE385/ip_repo/hdmi_text_controller_1_0/src/hdmi_text_controller_v1_0_AXI.sv:264]
WARNING: [Synth 8-324] index 607 out of range [C:/Users/user/OneDrive/Documents/ECE385/ECE385/ip_repo/hdmi_text_controller_1_0/src/hdmi_text_controller_v1_0_AXI.sv:264]
WARNING: [Synth 8-324] index 608 out of range [C:/Users/user/OneDrive/Documents/ECE385/ECE385/ip_repo/hdmi_text_controller_1_0/src/hdmi_text_controller_v1_0_AXI.sv:264]
WARNING: [Synth 8-324] index 609 out of range [C:/Users/user/OneDrive/Documents/ECE385/ECE385/ip_repo/hdmi_text_controller_1_0/src/hdmi_text_controller_v1_0_AXI.sv:264]
WARNING: [Synth 8-324] index 610 out of range [C:/Users/user/OneDrive/Documents/ECE385/ECE385/ip_repo/hdmi_text_controller_1_0/src/hdmi_text_controller_v1_0_AXI.sv:264]
WARNING: [Synth 8-324] index 611 out of range [C:/Users/user/OneDrive/Documents/ECE385/ECE385/ip_repo/hdmi_text_controller_1_0/src/hdmi_text_controller_v1_0_AXI.sv:264]
WARNING: [Synth 8-324] index 612 out of range [C:/Users/user/OneDrive/Documents/ECE385/ECE385/ip_repo/hdmi_text_controller_1_0/src/hdmi_text_controller_v1_0_AXI.sv:264]
WARNING: [Synth 8-324] index 613 out of range [C:/Users/user/OneDrive/Documents/ECE385/ECE385/ip_repo/hdmi_text_controller_1_0/src/hdmi_text_controller_v1_0_AXI.sv:264]
WARNING: [Synth 8-324] index 614 out of range [C:/Users/user/OneDrive/Documents/ECE385/ECE385/ip_repo/hdmi_text_controller_1_0/src/hdmi_text_controller_v1_0_AXI.sv:264]
WARNING: [Synth 8-324] index 615 out of range [C:/Users/user/OneDrive/Documents/ECE385/ECE385/ip_repo/hdmi_text_controller_1_0/src/hdmi_text_controller_v1_0_AXI.sv:264]
WARNING: [Synth 8-324] index 616 out of range [C:/Users/user/OneDrive/Documents/ECE385/ECE385/ip_repo/hdmi_text_controller_1_0/src/hdmi_text_controller_v1_0_AXI.sv:264]
WARNING: [Synth 8-324] index 617 out of range [C:/Users/user/OneDrive/Documents/ECE385/ECE385/ip_repo/hdmi_text_controller_1_0/src/hdmi_text_controller_v1_0_AXI.sv:264]
WARNING: [Synth 8-324] index 618 out of range [C:/Users/user/OneDrive/Documents/ECE385/ECE385/ip_repo/hdmi_text_controller_1_0/src/hdmi_text_controller_v1_0_AXI.sv:264]
WARNING: [Synth 8-324] index 619 out of range [C:/Users/user/OneDrive/Documents/ECE385/ECE385/ip_repo/hdmi_text_controller_1_0/src/hdmi_text_controller_v1_0_AXI.sv:264]
WARNING: [Synth 8-324] index 620 out of range [C:/Users/user/OneDrive/Documents/ECE385/ECE385/ip_repo/hdmi_text_controller_1_0/src/hdmi_text_controller_v1_0_AXI.sv:264]
WARNING: [Synth 8-324] index 621 out of range [C:/Users/user/OneDrive/Documents/ECE385/ECE385/ip_repo/hdmi_text_controller_1_0/src/hdmi_text_controller_v1_0_AXI.sv:264]
WARNING: [Synth 8-324] index 622 out of range [C:/Users/user/OneDrive/Documents/ECE385/ECE385/ip_repo/hdmi_text_controller_1_0/src/hdmi_text_controller_v1_0_AXI.sv:264]
WARNING: [Synth 8-324] index 623 out of range [C:/Users/user/OneDrive/Documents/ECE385/ECE385/ip_repo/hdmi_text_controller_1_0/src/hdmi_text_controller_v1_0_AXI.sv:264]
WARNING: [Synth 8-324] index 624 out of range [C:/Users/user/OneDrive/Documents/ECE385/ECE385/ip_repo/hdmi_text_controller_1_0/src/hdmi_text_controller_v1_0_AXI.sv:264]
WARNING: [Synth 8-324] index 625 out of range [C:/Users/user/OneDrive/Documents/ECE385/ECE385/ip_repo/hdmi_text_controller_1_0/src/hdmi_text_controller_v1_0_AXI.sv:264]
WARNING: [Synth 8-324] index 626 out of range [C:/Users/user/OneDrive/Documents/ECE385/ECE385/ip_repo/hdmi_text_controller_1_0/src/hdmi_text_controller_v1_0_AXI.sv:264]
WARNING: [Synth 8-324] index 627 out of range [C:/Users/user/OneDrive/Documents/ECE385/ECE385/ip_repo/hdmi_text_controller_1_0/src/hdmi_text_controller_v1_0_AXI.sv:264]
WARNING: [Synth 8-324] index 628 out of range [C:/Users/user/OneDrive/Documents/ECE385/ECE385/ip_repo/hdmi_text_controller_1_0/src/hdmi_text_controller_v1_0_AXI.sv:264]
WARNING: [Synth 8-324] index 629 out of range [C:/Users/user/OneDrive/Documents/ECE385/ECE385/ip_repo/hdmi_text_controller_1_0/src/hdmi_text_controller_v1_0_AXI.sv:264]
WARNING: [Synth 8-324] index 630 out of range [C:/Users/user/OneDrive/Documents/ECE385/ECE385/ip_repo/hdmi_text_controller_1_0/src/hdmi_text_controller_v1_0_AXI.sv:264]
WARNING: [Synth 8-324] index 631 out of range [C:/Users/user/OneDrive/Documents/ECE385/ECE385/ip_repo/hdmi_text_controller_1_0/src/hdmi_text_controller_v1_0_AXI.sv:264]
WARNING: [Synth 8-324] index 632 out of range [C:/Users/user/OneDrive/Documents/ECE385/ECE385/ip_repo/hdmi_text_controller_1_0/src/hdmi_text_controller_v1_0_AXI.sv:264]
WARNING: [Synth 8-324] index 633 out of range [C:/Users/user/OneDrive/Documents/ECE385/ECE385/ip_repo/hdmi_text_controller_1_0/src/hdmi_text_controller_v1_0_AXI.sv:264]
WARNING: [Synth 8-324] index 634 out of range [C:/Users/user/OneDrive/Documents/ECE385/ECE385/ip_repo/hdmi_text_controller_1_0/src/hdmi_text_controller_v1_0_AXI.sv:264]
WARNING: [Synth 8-324] index 635 out of range [C:/Users/user/OneDrive/Documents/ECE385/ECE385/ip_repo/hdmi_text_controller_1_0/src/hdmi_text_controller_v1_0_AXI.sv:264]
WARNING: [Synth 8-324] index 636 out of range [C:/Users/user/OneDrive/Documents/ECE385/ECE385/ip_repo/hdmi_text_controller_1_0/src/hdmi_text_controller_v1_0_AXI.sv:264]
WARNING: [Synth 8-324] index 637 out of range [C:/Users/user/OneDrive/Documents/ECE385/ECE385/ip_repo/hdmi_text_controller_1_0/src/hdmi_text_controller_v1_0_AXI.sv:264]
WARNING: [Synth 8-324] index 638 out of range [C:/Users/user/OneDrive/Documents/ECE385/ECE385/ip_repo/hdmi_text_controller_1_0/src/hdmi_text_controller_v1_0_AXI.sv:264]
WARNING: [Synth 8-324] index 639 out of range [C:/Users/user/OneDrive/Documents/ECE385/ECE385/ip_repo/hdmi_text_controller_1_0/src/hdmi_text_controller_v1_0_AXI.sv:264]
WARNING: [Synth 8-324] index 640 out of range [C:/Users/user/OneDrive/Documents/ECE385/ECE385/ip_repo/hdmi_text_controller_1_0/src/hdmi_text_controller_v1_0_AXI.sv:264]
WARNING: [Synth 8-324] index 641 out of range [C:/Users/user/OneDrive/Documents/ECE385/ECE385/ip_repo/hdmi_text_controller_1_0/src/hdmi_text_controller_v1_0_AXI.sv:264]
WARNING: [Synth 8-324] index 642 out of range [C:/Users/user/OneDrive/Documents/ECE385/ECE385/ip_repo/hdmi_text_controller_1_0/src/hdmi_text_controller_v1_0_AXI.sv:264]
WARNING: [Synth 8-324] index 643 out of range [C:/Users/user/OneDrive/Documents/ECE385/ECE385/ip_repo/hdmi_text_controller_1_0/src/hdmi_text_controller_v1_0_AXI.sv:264]
WARNING: [Synth 8-324] index 644 out of range [C:/Users/user/OneDrive/Documents/ECE385/ECE385/ip_repo/hdmi_text_controller_1_0/src/hdmi_text_controller_v1_0_AXI.sv:264]
WARNING: [Synth 8-324] index 645 out of range [C:/Users/user/OneDrive/Documents/ECE385/ECE385/ip_repo/hdmi_text_controller_1_0/src/hdmi_text_controller_v1_0_AXI.sv:264]
WARNING: [Synth 8-324] index 646 out of range [C:/Users/user/OneDrive/Documents/ECE385/ECE385/ip_repo/hdmi_text_controller_1_0/src/hdmi_text_controller_v1_0_AXI.sv:264]
WARNING: [Synth 8-324] index 647 out of range [C:/Users/user/OneDrive/Documents/ECE385/ECE385/ip_repo/hdmi_text_controller_1_0/src/hdmi_text_controller_v1_0_AXI.sv:264]
WARNING: [Synth 8-324] index 648 out of range [C:/Users/user/OneDrive/Documents/ECE385/ECE385/ip_repo/hdmi_text_controller_1_0/src/hdmi_text_controller_v1_0_AXI.sv:264]
WARNING: [Synth 8-324] index 649 out of range [C:/Users/user/OneDrive/Documents/ECE385/ECE385/ip_repo/hdmi_text_controller_1_0/src/hdmi_text_controller_v1_0_AXI.sv:264]
WARNING: [Synth 8-324] index 650 out of range [C:/Users/user/OneDrive/Documents/ECE385/ECE385/ip_repo/hdmi_text_controller_1_0/src/hdmi_text_controller_v1_0_AXI.sv:264]
WARNING: [Synth 8-324] index 651 out of range [C:/Users/user/OneDrive/Documents/ECE385/ECE385/ip_repo/hdmi_text_controller_1_0/src/hdmi_text_controller_v1_0_AXI.sv:264]
WARNING: [Synth 8-324] index 652 out of range [C:/Users/user/OneDrive/Documents/ECE385/ECE385/ip_repo/hdmi_text_controller_1_0/src/hdmi_text_controller_v1_0_AXI.sv:264]
WARNING: [Synth 8-324] index 653 out of range [C:/Users/user/OneDrive/Documents/ECE385/ECE385/ip_repo/hdmi_text_controller_1_0/src/hdmi_text_controller_v1_0_AXI.sv:264]
WARNING: [Synth 8-324] index 654 out of range [C:/Users/user/OneDrive/Documents/ECE385/ECE385/ip_repo/hdmi_text_controller_1_0/src/hdmi_text_controller_v1_0_AXI.sv:264]
WARNING: [Synth 8-324] index 655 out of range [C:/Users/user/OneDrive/Documents/ECE385/ECE385/ip_repo/hdmi_text_controller_1_0/src/hdmi_text_controller_v1_0_AXI.sv:264]
WARNING: [Synth 8-324] index 656 out of range [C:/Users/user/OneDrive/Documents/ECE385/ECE385/ip_repo/hdmi_text_controller_1_0/src/hdmi_text_controller_v1_0_AXI.sv:264]
WARNING: [Synth 8-324] index 657 out of range [C:/Users/user/OneDrive/Documents/ECE385/ECE385/ip_repo/hdmi_text_controller_1_0/src/hdmi_text_controller_v1_0_AXI.sv:264]
WARNING: [Synth 8-324] index 658 out of range [C:/Users/user/OneDrive/Documents/ECE385/ECE385/ip_repo/hdmi_text_controller_1_0/src/hdmi_text_controller_v1_0_AXI.sv:264]
WARNING: [Synth 8-324] index 659 out of range [C:/Users/user/OneDrive/Documents/ECE385/ECE385/ip_repo/hdmi_text_controller_1_0/src/hdmi_text_controller_v1_0_AXI.sv:264]
WARNING: [Synth 8-324] index 660 out of range [C:/Users/user/OneDrive/Documents/ECE385/ECE385/ip_repo/hdmi_text_controller_1_0/src/hdmi_text_controller_v1_0_AXI.sv:264]
WARNING: [Synth 8-324] index 661 out of range [C:/Users/user/OneDrive/Documents/ECE385/ECE385/ip_repo/hdmi_text_controller_1_0/src/hdmi_text_controller_v1_0_AXI.sv:264]
WARNING: [Synth 8-324] index 662 out of range [C:/Users/user/OneDrive/Documents/ECE385/ECE385/ip_repo/hdmi_text_controller_1_0/src/hdmi_text_controller_v1_0_AXI.sv:264]
WARNING: [Synth 8-324] index 663 out of range [C:/Users/user/OneDrive/Documents/ECE385/ECE385/ip_repo/hdmi_text_controller_1_0/src/hdmi_text_controller_v1_0_AXI.sv:264]
WARNING: [Synth 8-324] index 664 out of range [C:/Users/user/OneDrive/Documents/ECE385/ECE385/ip_repo/hdmi_text_controller_1_0/src/hdmi_text_controller_v1_0_AXI.sv:264]
WARNING: [Synth 8-324] index 665 out of range [C:/Users/user/OneDrive/Documents/ECE385/ECE385/ip_repo/hdmi_text_controller_1_0/src/hdmi_text_controller_v1_0_AXI.sv:264]
WARNING: [Synth 8-324] index 666 out of range [C:/Users/user/OneDrive/Documents/ECE385/ECE385/ip_repo/hdmi_text_controller_1_0/src/hdmi_text_controller_v1_0_AXI.sv:264]
WARNING: [Synth 8-324] index 667 out of range [C:/Users/user/OneDrive/Documents/ECE385/ECE385/ip_repo/hdmi_text_controller_1_0/src/hdmi_text_controller_v1_0_AXI.sv:264]
WARNING: [Synth 8-324] index 668 out of range [C:/Users/user/OneDrive/Documents/ECE385/ECE385/ip_repo/hdmi_text_controller_1_0/src/hdmi_text_controller_v1_0_AXI.sv:264]
WARNING: [Synth 8-324] index 669 out of range [C:/Users/user/OneDrive/Documents/ECE385/ECE385/ip_repo/hdmi_text_controller_1_0/src/hdmi_text_controller_v1_0_AXI.sv:264]
WARNING: [Synth 8-324] index 670 out of range [C:/Users/user/OneDrive/Documents/ECE385/ECE385/ip_repo/hdmi_text_controller_1_0/src/hdmi_text_controller_v1_0_AXI.sv:264]
WARNING: [Synth 8-324] index 671 out of range [C:/Users/user/OneDrive/Documents/ECE385/ECE385/ip_repo/hdmi_text_controller_1_0/src/hdmi_text_controller_v1_0_AXI.sv:264]
WARNING: [Synth 8-324] index 672 out of range [C:/Users/user/OneDrive/Documents/ECE385/ECE385/ip_repo/hdmi_text_controller_1_0/src/hdmi_text_controller_v1_0_AXI.sv:264]
WARNING: [Synth 8-324] index 673 out of range [C:/Users/user/OneDrive/Documents/ECE385/ECE385/ip_repo/hdmi_text_controller_1_0/src/hdmi_text_controller_v1_0_AXI.sv:264]
WARNING: [Synth 8-324] index 674 out of range [C:/Users/user/OneDrive/Documents/ECE385/ECE385/ip_repo/hdmi_text_controller_1_0/src/hdmi_text_controller_v1_0_AXI.sv:264]
WARNING: [Synth 8-324] index 675 out of range [C:/Users/user/OneDrive/Documents/ECE385/ECE385/ip_repo/hdmi_text_controller_1_0/src/hdmi_text_controller_v1_0_AXI.sv:264]
WARNING: [Synth 8-324] index 676 out of range [C:/Users/user/OneDrive/Documents/ECE385/ECE385/ip_repo/hdmi_text_controller_1_0/src/hdmi_text_controller_v1_0_AXI.sv:264]
WARNING: [Synth 8-324] index 677 out of range [C:/Users/user/OneDrive/Documents/ECE385/ECE385/ip_repo/hdmi_text_controller_1_0/src/hdmi_text_controller_v1_0_AXI.sv:264]
WARNING: [Synth 8-324] index 678 out of range [C:/Users/user/OneDrive/Documents/ECE385/ECE385/ip_repo/hdmi_text_controller_1_0/src/hdmi_text_controller_v1_0_AXI.sv:264]
WARNING: [Synth 8-324] index 679 out of range [C:/Users/user/OneDrive/Documents/ECE385/ECE385/ip_repo/hdmi_text_controller_1_0/src/hdmi_text_controller_v1_0_AXI.sv:264]
WARNING: [Synth 8-324] index 680 out of range [C:/Users/user/OneDrive/Documents/ECE385/ECE385/ip_repo/hdmi_text_controller_1_0/src/hdmi_text_controller_v1_0_AXI.sv:264]
WARNING: [Synth 8-324] index 681 out of range [C:/Users/user/OneDrive/Documents/ECE385/ECE385/ip_repo/hdmi_text_controller_1_0/src/hdmi_text_controller_v1_0_AXI.sv:264]
WARNING: [Synth 8-324] index 682 out of range [C:/Users/user/OneDrive/Documents/ECE385/ECE385/ip_repo/hdmi_text_controller_1_0/src/hdmi_text_controller_v1_0_AXI.sv:264]
WARNING: [Synth 8-324] index 683 out of range [C:/Users/user/OneDrive/Documents/ECE385/ECE385/ip_repo/hdmi_text_controller_1_0/src/hdmi_text_controller_v1_0_AXI.sv:264]
WARNING: [Synth 8-324] index 684 out of range [C:/Users/user/OneDrive/Documents/ECE385/ECE385/ip_repo/hdmi_text_controller_1_0/src/hdmi_text_controller_v1_0_AXI.sv:264]
WARNING: [Synth 8-324] index 685 out of range [C:/Users/user/OneDrive/Documents/ECE385/ECE385/ip_repo/hdmi_text_controller_1_0/src/hdmi_text_controller_v1_0_AXI.sv:264]
WARNING: [Synth 8-324] index 686 out of range [C:/Users/user/OneDrive/Documents/ECE385/ECE385/ip_repo/hdmi_text_controller_1_0/src/hdmi_text_controller_v1_0_AXI.sv:264]
WARNING: [Synth 8-324] index 687 out of range [C:/Users/user/OneDrive/Documents/ECE385/ECE385/ip_repo/hdmi_text_controller_1_0/src/hdmi_text_controller_v1_0_AXI.sv:264]
WARNING: [Synth 8-324] index 688 out of range [C:/Users/user/OneDrive/Documents/ECE385/ECE385/ip_repo/hdmi_text_controller_1_0/src/hdmi_text_controller_v1_0_AXI.sv:264]
WARNING: [Synth 8-324] index 689 out of range [C:/Users/user/OneDrive/Documents/ECE385/ECE385/ip_repo/hdmi_text_controller_1_0/src/hdmi_text_controller_v1_0_AXI.sv:264]
WARNING: [Synth 8-324] index 690 out of range [C:/Users/user/OneDrive/Documents/ECE385/ECE385/ip_repo/hdmi_text_controller_1_0/src/hdmi_text_controller_v1_0_AXI.sv:264]
WARNING: [Synth 8-324] index 691 out of range [C:/Users/user/OneDrive/Documents/ECE385/ECE385/ip_repo/hdmi_text_controller_1_0/src/hdmi_text_controller_v1_0_AXI.sv:264]
WARNING: [Synth 8-324] index 692 out of range [C:/Users/user/OneDrive/Documents/ECE385/ECE385/ip_repo/hdmi_text_controller_1_0/src/hdmi_text_controller_v1_0_AXI.sv:264]
WARNING: [Synth 8-324] index 693 out of range [C:/Users/user/OneDrive/Documents/ECE385/ECE385/ip_repo/hdmi_text_controller_1_0/src/hdmi_text_controller_v1_0_AXI.sv:264]
WARNING: [Synth 8-324] index 694 out of range [C:/Users/user/OneDrive/Documents/ECE385/ECE385/ip_repo/hdmi_text_controller_1_0/src/hdmi_text_controller_v1_0_AXI.sv:264]
WARNING: [Synth 8-324] index 695 out of range [C:/Users/user/OneDrive/Documents/ECE385/ECE385/ip_repo/hdmi_text_controller_1_0/src/hdmi_text_controller_v1_0_AXI.sv:264]
WARNING: [Synth 8-324] index 696 out of range [C:/Users/user/OneDrive/Documents/ECE385/ECE385/ip_repo/hdmi_text_controller_1_0/src/hdmi_text_controller_v1_0_AXI.sv:264]
WARNING: [Synth 8-324] index 697 out of range [C:/Users/user/OneDrive/Documents/ECE385/ECE385/ip_repo/hdmi_text_controller_1_0/src/hdmi_text_controller_v1_0_AXI.sv:264]
WARNING: [Synth 8-324] index 698 out of range [C:/Users/user/OneDrive/Documents/ECE385/ECE385/ip_repo/hdmi_text_controller_1_0/src/hdmi_text_controller_v1_0_AXI.sv:264]
WARNING: [Synth 8-324] index 699 out of range [C:/Users/user/OneDrive/Documents/ECE385/ECE385/ip_repo/hdmi_text_controller_1_0/src/hdmi_text_controller_v1_0_AXI.sv:264]
WARNING: [Synth 8-324] index 700 out of range [C:/Users/user/OneDrive/Documents/ECE385/ECE385/ip_repo/hdmi_text_controller_1_0/src/hdmi_text_controller_v1_0_AXI.sv:264]
INFO: [Common 17-14] Message 'Synth 8-324' appears 100 times and further instances of the messages will be disabled. Use the Tcl command set_msg_config to change the current settings.
INFO: [Synth 8-6155] done synthesizing module 'hdmi_text_controller_v1_0_AXI' (0#1) [C:/Users/user/OneDrive/Documents/ECE385/ECE385/ip_repo/hdmi_text_controller_1_0/src/hdmi_text_controller_v1_0_AXI.sv:27]
INFO: [Synth 8-6157] synthesizing module 'vga_controller' [C:/Users/user/OneDrive/Documents/ECE385/ECE385/ip_repo/hdmi_text_controller_1_0/src/VGA_controller.sv:26]
INFO: [Synth 8-6155] done synthesizing module 'vga_controller' (0#1) [C:/Users/user/OneDrive/Documents/ECE385/ECE385/ip_repo/hdmi_text_controller_1_0/src/VGA_controller.sv:26]
INFO: [Synth 8-6157] synthesizing module 'hdmi_tx_0' [C:/Users/user/OneDrive/Documents/ECE385/ECE385/lab7/lab7.tmp/hdmi_text_controller_v1_0_project/hdmi_text_controller_v1_0_project.runs/synth_1/.Xil/Vivado-85784-LAPTOP-GPRSK0UV/realtime/hdmi_tx_0_stub.v:5]
INFO: [Synth 8-6155] done synthesizing module 'hdmi_tx_0' (0#1) [C:/Users/user/OneDrive/Documents/ECE385/ECE385/lab7/lab7.tmp/hdmi_text_controller_v1_0_project/hdmi_text_controller_v1_0_project.runs/synth_1/.Xil/Vivado-85784-LAPTOP-GPRSK0UV/realtime/hdmi_tx_0_stub.v:5]
WARNING: [Synth 8-689] width (1) of port connection 'TMDS_DATA_N' does not match port width (3) of module 'hdmi_tx_0' [C:/Users/user/OneDrive/Documents/ECE385/ECE385/ip_repo/hdmi_text_controller_1_0/src/hdmi_text_controller_v1_0.sv:147]
INFO: [Synth 8-6157] synthesizing module 'clk_wiz_0' [C:/Users/user/OneDrive/Documents/ECE385/ECE385/lab7/lab7.tmp/hdmi_text_controller_v1_0_project/hdmi_text_controller_v1_0_project.runs/synth_1/.Xil/Vivado-85784-LAPTOP-GPRSK0UV/realtime/clk_wiz_0_stub.v:5]
INFO: [Synth 8-6155] done synthesizing module 'clk_wiz_0' (0#1) [C:/Users/user/OneDrive/Documents/ECE385/ECE385/lab7/lab7.tmp/hdmi_text_controller_v1_0_project/hdmi_text_controller_v1_0_project.runs/synth_1/.Xil/Vivado-85784-LAPTOP-GPRSK0UV/realtime/clk_wiz_0_stub.v:5]
INFO: [Synth 8-6157] synthesizing module 'color_mapper' [C:/Users/user/OneDrive/Documents/ECE385/ECE385/ip_repo/hdmi_text_controller_1_0/src/Color_Mapper.sv:17]
INFO: [Synth 8-6157] synthesizing module 'font_rom' [C:/Users/user/OneDrive/Documents/ECE385/ECE385/ip_repo/hdmi_text_controller_1_0/src/font_rom.sv:1]
INFO: [Synth 8-6155] done synthesizing module 'font_rom' (0#1) [C:/Users/user/OneDrive/Documents/ECE385/ECE385/ip_repo/hdmi_text_controller_1_0/src/font_rom.sv:1]
INFO: [Synth 8-226] default block is never used [C:/Users/user/OneDrive/Documents/ECE385/ECE385/ip_repo/hdmi_text_controller_1_0/src/Color_Mapper.sv:121]
INFO: [Synth 8-6155] done synthesizing module 'color_mapper' (0#1) [C:/Users/user/OneDrive/Documents/ECE385/ECE385/ip_repo/hdmi_text_controller_1_0/src/Color_Mapper.sv:17]
INFO: [Synth 8-6155] done synthesizing module 'hdmi_text_controller_v1_0' (0#1) [C:/Users/user/OneDrive/Documents/ECE385/ECE385/ip_repo/hdmi_text_controller_1_0/src/hdmi_text_controller_v1_0.sv:9]
WARNING: [Synth 8-87] always_comb on 'Red_reg' did not result in combinational logic [C:/Users/user/OneDrive/Documents/ECE385/ECE385/ip_repo/hdmi_text_controller_1_0/src/Color_Mapper.sv:180]
WARNING: [Synth 8-87] always_comb on 'Green_reg' did not result in combinational logic [C:/Users/user/OneDrive/Documents/ECE385/ECE385/ip_repo/hdmi_text_controller_1_0/src/Color_Mapper.sv:181]
WARNING: [Synth 8-87] always_comb on 'Blue_reg' did not result in combinational logic [C:/Users/user/OneDrive/Documents/ECE385/ECE385/ip_repo/hdmi_text_controller_1_0/src/Color_Mapper.sv:182]
WARNING: [Synth 8-3848] Net hdmi_tx_n in module/entity hdmi_text_controller_v1_0 does not have driver. [C:/Users/user/OneDrive/Documents/ECE385/ECE385/ip_repo/hdmi_text_controller_1_0/src/hdmi_text_controller_v1_0.sv:27]
WARNING: [Synth 8-7129] Port controlregister_data[31] in module color_mapper is either unconnected or has no load
WARNING: [Synth 8-7129] Port controlregister_data[30] in module color_mapper is either unconnected or has no load
WARNING: [Synth 8-7129] Port controlregister_data[29] in module color_mapper is either unconnected or has no load
WARNING: [Synth 8-7129] Port controlregister_data[28] in module color_mapper is either unconnected or has no load
WARNING: [Synth 8-7129] Port controlregister_data[27] in module color_mapper is either unconnected or has no load
WARNING: [Synth 8-7129] Port controlregister_data[26] in module color_mapper is either unconnected or has no load
WARNING: [Synth 8-7129] Port controlregister_data[25] in module color_mapper is either unconnected or has no load
WARNING: [Synth 8-7129] Port controlregister_data[0] in module color_mapper is either unconnected or has no load
WARNING: [Synth 8-7129] Port S_AXI_AWPROT[2] in module hdmi_text_controller_v1_0_AXI is either unconnected or has no load
WARNING: [Synth 8-7129] Port S_AXI_AWPROT[1] in module hdmi_text_controller_v1_0_AXI is either unconnected or has no load
WARNING: [Synth 8-7129] Port S_AXI_AWPROT[0] in module hdmi_text_controller_v1_0_AXI is either unconnected or has no load
WARNING: [Synth 8-7129] Port S_AXI_ARPROT[2] in module hdmi_text_controller_v1_0_AXI is either unconnected or has no load
WARNING: [Synth 8-7129] Port S_AXI_ARPROT[1] in module hdmi_text_controller_v1_0_AXI is either unconnected or has no load
WARNING: [Synth 8-7129] Port S_AXI_ARPROT[0] in module hdmi_text_controller_v1_0_AXI is either unconnected or has no load
WARNING: [Synth 8-7129] Port word_addr[11] in module hdmi_text_controller_v1_0_AXI is either unconnected or has no load
WARNING: [Synth 8-7129] Port word_addr[10] in module hdmi_text_controller_v1_0_AXI is either unconnected or has no load
WARNING: [Synth 8-7129] Port hdmi_tx_n[2] in module hdmi_text_controller_v1_0 is either unconnected or has no load
WARNING: [Synth 8-7129] Port hdmi_tx_n[1] in module hdmi_text_controller_v1_0 is either unconnected or has no load
WARNING: [Synth 8-7129] Port hdmi_tx_n[0] in module hdmi_text_controller_v1_0 is either unconnected or has no load
---------------------------------------------------------------------------------
Finished RTL Elaboration : Time (s): cpu = 00:00:08 ; elapsed = 00:00:18 . Memory (MB): peak = 2462.000 ; gain = 1051.457
---------------------------------------------------------------------------------
---------------------------------------------------------------------------------
Start Handling Custom Attributes
---------------------------------------------------------------------------------
---------------------------------------------------------------------------------
Finished Handling Custom Attributes : Time (s): cpu = 00:00:08 ; elapsed = 00:00:18 . Memory (MB): peak = 2462.000 ; gain = 1051.457
---------------------------------------------------------------------------------
---------------------------------------------------------------------------------
Finished RTL Optimization Phase 1 : Time (s): cpu = 00:00:08 ; elapsed = 00:00:18 . Memory (MB): peak = 2462.000 ; gain = 1051.457
---------------------------------------------------------------------------------
Netlist sorting complete. Time (s): cpu = 00:00:00 ; elapsed = 00:00:00.617 . Memory (MB): peak = 2462.000 ; gain = 0.000
INFO: [Project 1-570] Preparing netlist for logic optimization

Processing XDC Constraints
Initializing timing engine
Parsing XDC File [c:/Users/user/OneDrive/Documents/ECE385/ECE385/hdmi_text_controller_v1_0_project.gen/sources_1/ip/clk_wiz_0/clk_wiz_0/clk_wiz_0_in_context.xdc] for cell 'clk_wiz'
Finished Parsing XDC File [c:/Users/user/OneDrive/Documents/ECE385/ECE385/hdmi_text_controller_v1_0_project.gen/sources_1/ip/clk_wiz_0/clk_wiz_0/clk_wiz_0_in_context.xdc] for cell 'clk_wiz'
Parsing XDC File [c:/Users/user/OneDrive/Documents/ECE385/ECE385/hdmi_text_controller_v1_0_project.gen/sources_1/ip/hdmi_tx_0/hdmi_tx_0/hdmi_tx_0_in_context.xdc] for cell 'vga_to_hdmi'
Finished Parsing XDC File [c:/Users/user/OneDrive/Documents/ECE385/ECE385/hdmi_text_controller_v1_0_project.gen/sources_1/ip/hdmi_tx_0/hdmi_tx_0/hdmi_tx_0_in_context.xdc] for cell 'vga_to_hdmi'
Parsing XDC File [C:/Users/user/OneDrive/Documents/ECE385/ECE385/lab7/lab7.tmp/hdmi_text_controller_v1_0_project/hdmi_text_controller_v1_0_project.runs/synth_1/dont_touch.xdc]
Finished Parsing XDC File [C:/Users/user/OneDrive/Documents/ECE385/ECE385/lab7/lab7.tmp/hdmi_text_controller_v1_0_project/hdmi_text_controller_v1_0_project.runs/synth_1/dont_touch.xdc]
Completed Processing XDC Constraints

Netlist sorting complete. Time (s): cpu = 00:00:00 ; elapsed = 00:00:00.010 . Memory (MB): peak = 2462.000 ; gain = 0.000
INFO: [Project 1-111] Unisim Transformation Summary:
No Unisim elements were transformed.

Constraint Validation Runtime : Time (s): cpu = 00:00:00 ; elapsed = 00:00:00.382 . Memory (MB): peak = 2462.000 ; gain = 0.000
INFO: [Synth 8-11241] undeclared symbol 'REGCCE', assumed default net type 'wire' [C:/Xilinx/Vivado/2022.2/data/verilog/src/unimacro/BRAM_SINGLE_MACRO.v:2170]

*** Running vivado
    with args -log hdmi_text_controller_v1_0.vds -m64 -product Vivado -mode batch -messageDb vivado.pb -notrace -source hdmi_text_controller_v1_0.tcl



****** Vivado v2022.2 (64-bit)
  **** SW Build 3671981 on Fri Oct 14 05:00:03 MDT 2022
  **** IP Build 3669848 on Fri Oct 14 08:30:02 MDT 2022
    ** Copyright 1986-2022 Xilinx, Inc. All Rights Reserved.

source hdmi_text_controller_v1_0.tcl -notrace
create_project: Time (s): cpu = 00:00:03 ; elapsed = 00:00:06 . Memory (MB): peak = 1003.652 ; gain = 118.738
INFO: [IP_Flow 19-234] Refreshing IP repositories
INFO: [IP_Flow 19-1700] Loaded user IP repository 'c:/Users/user/OneDrive/Documents/ECE385/ECE385/ip_repo/hdmi_text_controller_1_0'.
INFO: [IP_Flow 19-1700] Loaded user IP repository 'c:/Users/user/Downloads/hdmi_tx_1.0'.
INFO: [IP_Flow 19-2313] Loaded Vivado IP repository 'C:/Xilinx/Vivado/2022.2/data/ip'.
WARNING: [IP_Flow 19-1663] Duplicate IP found for 'realdigital.org:realdigital:hdmi_tx:1.0'. The one found in IP location 'c:/Users/user/OneDrive/Documents/ECE385/ECE385/ip_repo/hdmi_text_controller_1_0/src/hdmi_tx_1.0' will take precedence over the same IP in locations: 
   c:/Users/user/Downloads/hdmi_tx_1.0
   c:/Users/user/Downloads/hdmi_tx_1.0/hdmi_tx_1
WARNING: [IP_Flow 19-4995] The host OS only allows 260 characters in a normal path. The IP cache path is more than 80 characters. If you experience issues with IP caching, please consider changing the IP cache to a location with a shorter path. Alternately consider using the OS subst command to map part of the path to a drive letter. 
Current IP cache path is c:/Users/user/OneDrive/Documents/ECE385/ECE385/lab7/lab7.tmp/hdmi_text_controller_v1_0_project/hdmi_text_controller_v1_0_project.cache/ip 
Command: read_checkpoint -auto_incremental -incremental C:/Users/user/OneDrive/Documents/ECE385/ECE385/lab7/lab7.tmp/hdmi_text_controller_v1_0_project/hdmi_text_controller_v1_0_project.srcs/utils_1/imports/synth_1/hdmi_text_controller_v1_0.dcp
INFO: [Vivado 12-5825] Read reference checkpoint from C:/Users/user/OneDrive/Documents/ECE385/ECE385/lab7/lab7.tmp/hdmi_text_controller_v1_0_project/hdmi_text_controller_v1_0_project.srcs/utils_1/imports/synth_1/hdmi_text_controller_v1_0.dcp for incremental synthesis
INFO: [Vivado 12-7989] Please ensure there are no constraint changes
Command: synth_design -top hdmi_text_controller_v1_0 -part xc7s50csga324-1
Starting synth_design
Attempting to get a license for feature 'Synthesis' and/or device 'xc7s50'
INFO: [Common 17-349] Got license for feature 'Synthesis' and/or device 'xc7s50'
INFO: [Device 21-403] Loading part xc7s50csga324-1
INFO: [Synth 8-7079] Multithreading enabled for synth_design using a maximum of 2 processes.
INFO: [Synth 8-7078] Launching helper process for spawning children vivado processes
INFO: [Synth 8-7075] Helper process launched with PID 52680
INFO: [Synth 8-11241] undeclared symbol 'REGCCE', assumed default net type 'wire' [C:/Xilinx/Vivado/2022.2/data/verilog/src/unimacro/BRAM_SINGLE_MACRO.v:2170]
---------------------------------------------------------------------------------
Starting RTL Elaboration : Time (s): cpu = 00:00:07 ; elapsed = 00:00:10 . Memory (MB): peak = 1819.121 ; gain = 407.453
---------------------------------------------------------------------------------
INFO: [Synth 8-6157] synthesizing module 'hdmi_text_controller_v1_0' [C:/Users/user/OneDrive/Documents/ECE385/ECE385/ip_repo/hdmi_text_controller_1_0/src/hdmi_text_controller_v1_0.sv:9]
INFO: [Synth 8-6157] synthesizing module 'hdmi_text_controller_v1_0_AXI' [C:/Users/user/OneDrive/Documents/ECE385/ECE385/ip_repo/hdmi_text_controller_1_0/src/hdmi_text_controller_v1_0_AXI.sv:27]
	Parameter C_S_AXI_DATA_WIDTH bound to: 32 - type: integer 
	Parameter C_S_AXI_ADDR_WIDTH bound to: 12 - type: integer 
WARNING: [Synth 8-324] index 601 out of range [C:/Users/user/OneDrive/Documents/ECE385/ECE385/ip_repo/hdmi_text_controller_1_0/src/hdmi_text_controller_v1_0_AXI.sv:264]
WARNING: [Synth 8-324] index 602 out of range [C:/Users/user/OneDrive/Documents/ECE385/ECE385/ip_repo/hdmi_text_controller_1_0/src/hdmi_text_controller_v1_0_AXI.sv:264]
WARNING: [Synth 8-324] index 603 out of range [C:/Users/user/OneDrive/Documents/ECE385/ECE385/ip_repo/hdmi_text_controller_1_0/src/hdmi_text_controller_v1_0_AXI.sv:264]
WARNING: [Synth 8-324] index 604 out of range [C:/Users/user/OneDrive/Documents/ECE385/ECE385/ip_repo/hdmi_text_controller_1_0/src/hdmi_text_controller_v1_0_AXI.sv:264]
WARNING: [Synth 8-324] index 605 out of range [C:/Users/user/OneDrive/Documents/ECE385/ECE385/ip_repo/hdmi_text_controller_1_0/src/hdmi_text_controller_v1_0_AXI.sv:264]
WARNING: [Synth 8-324] index 606 out of range [C:/Users/user/OneDrive/Documents/ECE385/ECE385/ip_repo/hdmi_text_controller_1_0/src/hdmi_text_controller_v1_0_AXI.sv:264]
WARNING: [Synth 8-324] index 607 out of range [C:/Users/user/OneDrive/Documents/ECE385/ECE385/ip_repo/hdmi_text_controller_1_0/src/hdmi_text_controller_v1_0_AXI.sv:264]
WARNING: [Synth 8-324] index 608 out of range [C:/Users/user/OneDrive/Documents/ECE385/ECE385/ip_repo/hdmi_text_controller_1_0/src/hdmi_text_controller_v1_0_AXI.sv:264]
WARNING: [Synth 8-324] index 609 out of range [C:/Users/user/OneDrive/Documents/ECE385/ECE385/ip_repo/hdmi_text_controller_1_0/src/hdmi_text_controller_v1_0_AXI.sv:264]
WARNING: [Synth 8-324] index 610 out of range [C:/Users/user/OneDrive/Documents/ECE385/ECE385/ip_repo/hdmi_text_controller_1_0/src/hdmi_text_controller_v1_0_AXI.sv:264]
WARNING: [Synth 8-324] index 611 out of range [C:/Users/user/OneDrive/Documents/ECE385/ECE385/ip_repo/hdmi_text_controller_1_0/src/hdmi_text_controller_v1_0_AXI.sv:264]
WARNING: [Synth 8-324] index 612 out of range [C:/Users/user/OneDrive/Documents/ECE385/ECE385/ip_repo/hdmi_text_controller_1_0/src/hdmi_text_controller_v1_0_AXI.sv:264]
WARNING: [Synth 8-324] index 613 out of range [C:/Users/user/OneDrive/Documents/ECE385/ECE385/ip_repo/hdmi_text_controller_1_0/src/hdmi_text_controller_v1_0_AXI.sv:264]
WARNING: [Synth 8-324] index 614 out of range [C:/Users/user/OneDrive/Documents/ECE385/ECE385/ip_repo/hdmi_text_controller_1_0/src/hdmi_text_controller_v1_0_AXI.sv:264]
WARNING: [Synth 8-324] index 615 out of range [C:/Users/user/OneDrive/Documents/ECE385/ECE385/ip_repo/hdmi_text_controller_1_0/src/hdmi_text_controller_v1_0_AXI.sv:264]
WARNING: [Synth 8-324] index 616 out of range [C:/Users/user/OneDrive/Documents/ECE385/ECE385/ip_repo/hdmi_text_controller_1_0/src/hdmi_text_controller_v1_0_AXI.sv:264]
WARNING: [Synth 8-324] index 617 out of range [C:/Users/user/OneDrive/Documents/ECE385/ECE385/ip_repo/hdmi_text_controller_1_0/src/hdmi_text_controller_v1_0_AXI.sv:264]
WARNING: [Synth 8-324] index 618 out of range [C:/Users/user/OneDrive/Documents/ECE385/ECE385/ip_repo/hdmi_text_controller_1_0/src/hdmi_text_controller_v1_0_AXI.sv:264]
WARNING: [Synth 8-324] index 619 out of range [C:/Users/user/OneDrive/Documents/ECE385/ECE385/ip_repo/hdmi_text_controller_1_0/src/hdmi_text_controller_v1_0_AXI.sv:264]
WARNING: [Synth 8-324] index 620 out of range [C:/Users/user/OneDrive/Documents/ECE385/ECE385/ip_repo/hdmi_text_controller_1_0/src/hdmi_text_controller_v1_0_AXI.sv:264]
WARNING: [Synth 8-324] index 621 out of range [C:/Users/user/OneDrive/Documents/ECE385/ECE385/ip_repo/hdmi_text_controller_1_0/src/hdmi_text_controller_v1_0_AXI.sv:264]
WARNING: [Synth 8-324] index 622 out of range [C:/Users/user/OneDrive/Documents/ECE385/ECE385/ip_repo/hdmi_text_controller_1_0/src/hdmi_text_controller_v1_0_AXI.sv:264]
WARNING: [Synth 8-324] index 623 out of range [C:/Users/user/OneDrive/Documents/ECE385/ECE385/ip_repo/hdmi_text_controller_1_0/src/hdmi_text_controller_v1_0_AXI.sv:264]
WARNING: [Synth 8-324] index 624 out of range [C:/Users/user/OneDrive/Documents/ECE385/ECE385/ip_repo/hdmi_text_controller_1_0/src/hdmi_text_controller_v1_0_AXI.sv:264]
WARNING: [Synth 8-324] index 625 out of range [C:/Users/user/OneDrive/Documents/ECE385/ECE385/ip_repo/hdmi_text_controller_1_0/src/hdmi_text_controller_v1_0_AXI.sv:264]
WARNING: [Synth 8-324] index 626 out of range [C:/Users/user/OneDrive/Documents/ECE385/ECE385/ip_repo/hdmi_text_controller_1_0/src/hdmi_text_controller_v1_0_AXI.sv:264]
WARNING: [Synth 8-324] index 627 out of range [C:/Users/user/OneDrive/Documents/ECE385/ECE385/ip_repo/hdmi_text_controller_1_0/src/hdmi_text_controller_v1_0_AXI.sv:264]
WARNING: [Synth 8-324] index 628 out of range [C:/Users/user/OneDrive/Documents/ECE385/ECE385/ip_repo/hdmi_text_controller_1_0/src/hdmi_text_controller_v1_0_AXI.sv:264]
WARNING: [Synth 8-324] index 629 out of range [C:/Users/user/OneDrive/Documents/ECE385/ECE385/ip_repo/hdmi_text_controller_1_0/src/hdmi_text_controller_v1_0_AXI.sv:264]
WARNING: [Synth 8-324] index 630 out of range [C:/Users/user/OneDrive/Documents/ECE385/ECE385/ip_repo/hdmi_text_controller_1_0/src/hdmi_text_controller_v1_0_AXI.sv:264]
WARNING: [Synth 8-324] index 631 out of range [C:/Users/user/OneDrive/Documents/ECE385/ECE385/ip_repo/hdmi_text_controller_1_0/src/hdmi_text_controller_v1_0_AXI.sv:264]
WARNING: [Synth 8-324] index 632 out of range [C:/Users/user/OneDrive/Documents/ECE385/ECE385/ip_repo/hdmi_text_controller_1_0/src/hdmi_text_controller_v1_0_AXI.sv:264]
WARNING: [Synth 8-324] index 633 out of range [C:/Users/user/OneDrive/Documents/ECE385/ECE385/ip_repo/hdmi_text_controller_1_0/src/hdmi_text_controller_v1_0_AXI.sv:264]
WARNING: [Synth 8-324] index 634 out of range [C:/Users/user/OneDrive/Documents/ECE385/ECE385/ip_repo/hdmi_text_controller_1_0/src/hdmi_text_controller_v1_0_AXI.sv:264]
WARNING: [Synth 8-324] index 635 out of range [C:/Users/user/OneDrive/Documents/ECE385/ECE385/ip_repo/hdmi_text_controller_1_0/src/hdmi_text_controller_v1_0_AXI.sv:264]
WARNING: [Synth 8-324] index 636 out of range [C:/Users/user/OneDrive/Documents/ECE385/ECE385/ip_repo/hdmi_text_controller_1_0/src/hdmi_text_controller_v1_0_AXI.sv:264]
WARNING: [Synth 8-324] index 637 out of range [C:/Users/user/OneDrive/Documents/ECE385/ECE385/ip_repo/hdmi_text_controller_1_0/src/hdmi_text_controller_v1_0_AXI.sv:264]
WARNING: [Synth 8-324] index 638 out of range [C:/Users/user/OneDrive/Documents/ECE385/ECE385/ip_repo/hdmi_text_controller_1_0/src/hdmi_text_controller_v1_0_AXI.sv:264]
WARNING: [Synth 8-324] index 639 out of range [C:/Users/user/OneDrive/Documents/ECE385/ECE385/ip_repo/hdmi_text_controller_1_0/src/hdmi_text_controller_v1_0_AXI.sv:264]
WARNING: [Synth 8-324] index 640 out of range [C:/Users/user/OneDrive/Documents/ECE385/ECE385/ip_repo/hdmi_text_controller_1_0/src/hdmi_text_controller_v1_0_AXI.sv:264]
WARNING: [Synth 8-324] index 641 out of range [C:/Users/user/OneDrive/Documents/ECE385/ECE385/ip_repo/hdmi_text_controller_1_0/src/hdmi_text_controller_v1_0_AXI.sv:264]
WARNING: [Synth 8-324] index 642 out of range [C:/Users/user/OneDrive/Documents/ECE385/ECE385/ip_repo/hdmi_text_controller_1_0/src/hdmi_text_controller_v1_0_AXI.sv:264]
WARNING: [Synth 8-324] index 643 out of range [C:/Users/user/OneDrive/Documents/ECE385/ECE385/ip_repo/hdmi_text_controller_1_0/src/hdmi_text_controller_v1_0_AXI.sv:264]
WARNING: [Synth 8-324] index 644 out of range [C:/Users/user/OneDrive/Documents/ECE385/ECE385/ip_repo/hdmi_text_controller_1_0/src/hdmi_text_controller_v1_0_AXI.sv:264]
WARNING: [Synth 8-324] index 645 out of range [C:/Users/user/OneDrive/Documents/ECE385/ECE385/ip_repo/hdmi_text_controller_1_0/src/hdmi_text_controller_v1_0_AXI.sv:264]
WARNING: [Synth 8-324] index 646 out of range [C:/Users/user/OneDrive/Documents/ECE385/ECE385/ip_repo/hdmi_text_controller_1_0/src/hdmi_text_controller_v1_0_AXI.sv:264]
WARNING: [Synth 8-324] index 647 out of range [C:/Users/user/OneDrive/Documents/ECE385/ECE385/ip_repo/hdmi_text_controller_1_0/src/hdmi_text_controller_v1_0_AXI.sv:264]
WARNING: [Synth 8-324] index 648 out of range [C:/Users/user/OneDrive/Documents/ECE385/ECE385/ip_repo/hdmi_text_controller_1_0/src/hdmi_text_controller_v1_0_AXI.sv:264]
WARNING: [Synth 8-324] index 649 out of range [C:/Users/user/OneDrive/Documents/ECE385/ECE385/ip_repo/hdmi_text_controller_1_0/src/hdmi_text_controller_v1_0_AXI.sv:264]
WARNING: [Synth 8-324] index 650 out of range [C:/Users/user/OneDrive/Documents/ECE385/ECE385/ip_repo/hdmi_text_controller_1_0/src/hdmi_text_controller_v1_0_AXI.sv:264]
WARNING: [Synth 8-324] index 651 out of range [C:/Users/user/OneDrive/Documents/ECE385/ECE385/ip_repo/hdmi_text_controller_1_0/src/hdmi_text_controller_v1_0_AXI.sv:264]
WARNING: [Synth 8-324] index 652 out of range [C:/Users/user/OneDrive/Documents/ECE385/ECE385/ip_repo/hdmi_text_controller_1_0/src/hdmi_text_controller_v1_0_AXI.sv:264]
WARNING: [Synth 8-324] index 653 out of range [C:/Users/user/OneDrive/Documents/ECE385/ECE385/ip_repo/hdmi_text_controller_1_0/src/hdmi_text_controller_v1_0_AXI.sv:264]
WARNING: [Synth 8-324] index 654 out of range [C:/Users/user/OneDrive/Documents/ECE385/ECE385/ip_repo/hdmi_text_controller_1_0/src/hdmi_text_controller_v1_0_AXI.sv:264]
WARNING: [Synth 8-324] index 655 out of range [C:/Users/user/OneDrive/Documents/ECE385/ECE385/ip_repo/hdmi_text_controller_1_0/src/hdmi_text_controller_v1_0_AXI.sv:264]
WARNING: [Synth 8-324] index 656 out of range [C:/Users/user/OneDrive/Documents/ECE385/ECE385/ip_repo/hdmi_text_controller_1_0/src/hdmi_text_controller_v1_0_AXI.sv:264]
WARNING: [Synth 8-324] index 657 out of range [C:/Users/user/OneDrive/Documents/ECE385/ECE385/ip_repo/hdmi_text_controller_1_0/src/hdmi_text_controller_v1_0_AXI.sv:264]
WARNING: [Synth 8-324] index 658 out of range [C:/Users/user/OneDrive/Documents/ECE385/ECE385/ip_repo/hdmi_text_controller_1_0/src/hdmi_text_controller_v1_0_AXI.sv:264]
WARNING: [Synth 8-324] index 659 out of range [C:/Users/user/OneDrive/Documents/ECE385/ECE385/ip_repo/hdmi_text_controller_1_0/src/hdmi_text_controller_v1_0_AXI.sv:264]
WARNING: [Synth 8-324] index 660 out of range [C:/Users/user/OneDrive/Documents/ECE385/ECE385/ip_repo/hdmi_text_controller_1_0/src/hdmi_text_controller_v1_0_AXI.sv:264]
WARNING: [Synth 8-324] index 661 out of range [C:/Users/user/OneDrive/Documents/ECE385/ECE385/ip_repo/hdmi_text_controller_1_0/src/hdmi_text_controller_v1_0_AXI.sv:264]
WARNING: [Synth 8-324] index 662 out of range [C:/Users/user/OneDrive/Documents/ECE385/ECE385/ip_repo/hdmi_text_controller_1_0/src/hdmi_text_controller_v1_0_AXI.sv:264]
WARNING: [Synth 8-324] index 663 out of range [C:/Users/user/OneDrive/Documents/ECE385/ECE385/ip_repo/hdmi_text_controller_1_0/src/hdmi_text_controller_v1_0_AXI.sv:264]
WARNING: [Synth 8-324] index 664 out of range [C:/Users/user/OneDrive/Documents/ECE385/ECE385/ip_repo/hdmi_text_controller_1_0/src/hdmi_text_controller_v1_0_AXI.sv:264]
WARNING: [Synth 8-324] index 665 out of range [C:/Users/user/OneDrive/Documents/ECE385/ECE385/ip_repo/hdmi_text_controller_1_0/src/hdmi_text_controller_v1_0_AXI.sv:264]
WARNING: [Synth 8-324] index 666 out of range [C:/Users/user/OneDrive/Documents/ECE385/ECE385/ip_repo/hdmi_text_controller_1_0/src/hdmi_text_controller_v1_0_AXI.sv:264]
WARNING: [Synth 8-324] index 667 out of range [C:/Users/user/OneDrive/Documents/ECE385/ECE385/ip_repo/hdmi_text_controller_1_0/src/hdmi_text_controller_v1_0_AXI.sv:264]
WARNING: [Synth 8-324] index 668 out of range [C:/Users/user/OneDrive/Documents/ECE385/ECE385/ip_repo/hdmi_text_controller_1_0/src/hdmi_text_controller_v1_0_AXI.sv:264]
WARNING: [Synth 8-324] index 669 out of range [C:/Users/user/OneDrive/Documents/ECE385/ECE385/ip_repo/hdmi_text_controller_1_0/src/hdmi_text_controller_v1_0_AXI.sv:264]
WARNING: [Synth 8-324] index 670 out of range [C:/Users/user/OneDrive/Documents/ECE385/ECE385/ip_repo/hdmi_text_controller_1_0/src/hdmi_text_controller_v1_0_AXI.sv:264]
WARNING: [Synth 8-324] index 671 out of range [C:/Users/user/OneDrive/Documents/ECE385/ECE385/ip_repo/hdmi_text_controller_1_0/src/hdmi_text_controller_v1_0_AXI.sv:264]
WARNING: [Synth 8-324] index 672 out of range [C:/Users/user/OneDrive/Documents/ECE385/ECE385/ip_repo/hdmi_text_controller_1_0/src/hdmi_text_controller_v1_0_AXI.sv:264]
WARNING: [Synth 8-324] index 673 out of range [C:/Users/user/OneDrive/Documents/ECE385/ECE385/ip_repo/hdmi_text_controller_1_0/src/hdmi_text_controller_v1_0_AXI.sv:264]
WARNING: [Synth 8-324] index 674 out of range [C:/Users/user/OneDrive/Documents/ECE385/ECE385/ip_repo/hdmi_text_controller_1_0/src/hdmi_text_controller_v1_0_AXI.sv:264]
WARNING: [Synth 8-324] index 675 out of range [C:/Users/user/OneDrive/Documents/ECE385/ECE385/ip_repo/hdmi_text_controller_1_0/src/hdmi_text_controller_v1_0_AXI.sv:264]
WARNING: [Synth 8-324] index 676 out of range [C:/Users/user/OneDrive/Documents/ECE385/ECE385/ip_repo/hdmi_text_controller_1_0/src/hdmi_text_controller_v1_0_AXI.sv:264]
WARNING: [Synth 8-324] index 677 out of range [C:/Users/user/OneDrive/Documents/ECE385/ECE385/ip_repo/hdmi_text_controller_1_0/src/hdmi_text_controller_v1_0_AXI.sv:264]
WARNING: [Synth 8-324] index 678 out of range [C:/Users/user/OneDrive/Documents/ECE385/ECE385/ip_repo/hdmi_text_controller_1_0/src/hdmi_text_controller_v1_0_AXI.sv:264]
WARNING: [Synth 8-324] index 679 out of range [C:/Users/user/OneDrive/Documents/ECE385/ECE385/ip_repo/hdmi_text_controller_1_0/src/hdmi_text_controller_v1_0_AXI.sv:264]
WARNING: [Synth 8-324] index 680 out of range [C:/Users/user/OneDrive/Documents/ECE385/ECE385/ip_repo/hdmi_text_controller_1_0/src/hdmi_text_controller_v1_0_AXI.sv:264]
WARNING: [Synth 8-324] index 681 out of range [C:/Users/user/OneDrive/Documents/ECE385/ECE385/ip_repo/hdmi_text_controller_1_0/src/hdmi_text_controller_v1_0_AXI.sv:264]
WARNING: [Synth 8-324] index 682 out of range [C:/Users/user/OneDrive/Documents/ECE385/ECE385/ip_repo/hdmi_text_controller_1_0/src/hdmi_text_controller_v1_0_AXI.sv:264]
WARNING: [Synth 8-324] index 683 out of range [C:/Users/user/OneDrive/Documents/ECE385/ECE385/ip_repo/hdmi_text_controller_1_0/src/hdmi_text_controller_v1_0_AXI.sv:264]
WARNING: [Synth 8-324] index 684 out of range [C:/Users/user/OneDrive/Documents/ECE385/ECE385/ip_repo/hdmi_text_controller_1_0/src/hdmi_text_controller_v1_0_AXI.sv:264]
WARNING: [Synth 8-324] index 685 out of range [C:/Users/user/OneDrive/Documents/ECE385/ECE385/ip_repo/hdmi_text_controller_1_0/src/hdmi_text_controller_v1_0_AXI.sv:264]
WARNING: [Synth 8-324] index 686 out of range [C:/Users/user/OneDrive/Documents/ECE385/ECE385/ip_repo/hdmi_text_controller_1_0/src/hdmi_text_controller_v1_0_AXI.sv:264]
WARNING: [Synth 8-324] index 687 out of range [C:/Users/user/OneDrive/Documents/ECE385/ECE385/ip_repo/hdmi_text_controller_1_0/src/hdmi_text_controller_v1_0_AXI.sv:264]
WARNING: [Synth 8-324] index 688 out of range [C:/Users/user/OneDrive/Documents/ECE385/ECE385/ip_repo/hdmi_text_controller_1_0/src/hdmi_text_controller_v1_0_AXI.sv:264]
WARNING: [Synth 8-324] index 689 out of range [C:/Users/user/OneDrive/Documents/ECE385/ECE385/ip_repo/hdmi_text_controller_1_0/src/hdmi_text_controller_v1_0_AXI.sv:264]
WARNING: [Synth 8-324] index 690 out of range [C:/Users/user/OneDrive/Documents/ECE385/ECE385/ip_repo/hdmi_text_controller_1_0/src/hdmi_text_controller_v1_0_AXI.sv:264]
WARNING: [Synth 8-324] index 691 out of range [C:/Users/user/OneDrive/Documents/ECE385/ECE385/ip_repo/hdmi_text_controller_1_0/src/hdmi_text_controller_v1_0_AXI.sv:264]
WARNING: [Synth 8-324] index 692 out of range [C:/Users/user/OneDrive/Documents/ECE385/ECE385/ip_repo/hdmi_text_controller_1_0/src/hdmi_text_controller_v1_0_AXI.sv:264]
WARNING: [Synth 8-324] index 693 out of range [C:/Users/user/OneDrive/Documents/ECE385/ECE385/ip_repo/hdmi_text_controller_1_0/src/hdmi_text_controller_v1_0_AXI.sv:264]
WARNING: [Synth 8-324] index 694 out of range [C:/Users/user/OneDrive/Documents/ECE385/ECE385/ip_repo/hdmi_text_controller_1_0/src/hdmi_text_controller_v1_0_AXI.sv:264]
WARNING: [Synth 8-324] index 695 out of range [C:/Users/user/OneDrive/Documents/ECE385/ECE385/ip_repo/hdmi_text_controller_1_0/src/hdmi_text_controller_v1_0_AXI.sv:264]
WARNING: [Synth 8-324] index 696 out of range [C:/Users/user/OneDrive/Documents/ECE385/ECE385/ip_repo/hdmi_text_controller_1_0/src/hdmi_text_controller_v1_0_AXI.sv:264]
WARNING: [Synth 8-324] index 697 out of range [C:/Users/user/OneDrive/Documents/ECE385/ECE385/ip_repo/hdmi_text_controller_1_0/src/hdmi_text_controller_v1_0_AXI.sv:264]
WARNING: [Synth 8-324] index 698 out of range [C:/Users/user/OneDrive/Documents/ECE385/ECE385/ip_repo/hdmi_text_controller_1_0/src/hdmi_text_controller_v1_0_AXI.sv:264]
WARNING: [Synth 8-324] index 699 out of range [C:/Users/user/OneDrive/Documents/ECE385/ECE385/ip_repo/hdmi_text_controller_1_0/src/hdmi_text_controller_v1_0_AXI.sv:264]
WARNING: [Synth 8-324] index 700 out of range [C:/Users/user/OneDrive/Documents/ECE385/ECE385/ip_repo/hdmi_text_controller_1_0/src/hdmi_text_controller_v1_0_AXI.sv:264]
INFO: [Common 17-14] Message 'Synth 8-324' appears 100 times and further instances of the messages will be disabled. Use the Tcl command set_msg_config to change the current settings.
INFO: [Synth 8-6155] done synthesizing module 'hdmi_text_controller_v1_0_AXI' (0#1) [C:/Users/user/OneDrive/Documents/ECE385/ECE385/ip_repo/hdmi_text_controller_1_0/src/hdmi_text_controller_v1_0_AXI.sv:27]
INFO: [Synth 8-6157] synthesizing module 'vga_controller' [C:/Users/user/OneDrive/Documents/ECE385/ECE385/ip_repo/hdmi_text_controller_1_0/src/VGA_controller.sv:26]
INFO: [Synth 8-6155] done synthesizing module 'vga_controller' (0#1) [C:/Users/user/OneDrive/Documents/ECE385/ECE385/ip_repo/hdmi_text_controller_1_0/src/VGA_controller.sv:26]
INFO: [Synth 8-6157] synthesizing module 'hdmi_tx_0' [C:/Users/user/OneDrive/Documents/ECE385/ECE385/lab7/lab7.tmp/hdmi_text_controller_v1_0_project/hdmi_text_controller_v1_0_project.runs/synth_1/.Xil/Vivado-64124-LAPTOP-GPRSK0UV/realtime/hdmi_tx_0_stub.v:5]
INFO: [Synth 8-6155] done synthesizing module 'hdmi_tx_0' (0#1) [C:/Users/user/OneDrive/Documents/ECE385/ECE385/lab7/lab7.tmp/hdmi_text_controller_v1_0_project/hdmi_text_controller_v1_0_project.runs/synth_1/.Xil/Vivado-64124-LAPTOP-GPRSK0UV/realtime/hdmi_tx_0_stub.v:5]
INFO: [Synth 8-6157] synthesizing module 'clk_wiz_0' [C:/Users/user/OneDrive/Documents/ECE385/ECE385/lab7/lab7.tmp/hdmi_text_controller_v1_0_project/hdmi_text_controller_v1_0_project.runs/synth_1/.Xil/Vivado-64124-LAPTOP-GPRSK0UV/realtime/clk_wiz_0_stub.v:5]
INFO: [Synth 8-6155] done synthesizing module 'clk_wiz_0' (0#1) [C:/Users/user/OneDrive/Documents/ECE385/ECE385/lab7/lab7.tmp/hdmi_text_controller_v1_0_project/hdmi_text_controller_v1_0_project.runs/synth_1/.Xil/Vivado-64124-LAPTOP-GPRSK0UV/realtime/clk_wiz_0_stub.v:5]
INFO: [Synth 8-6157] synthesizing module 'color_mapper' [C:/Users/user/OneDrive/Documents/ECE385/ECE385/ip_repo/hdmi_text_controller_1_0/src/Color_Mapper.sv:17]
INFO: [Synth 8-6157] synthesizing module 'font_rom' [C:/Users/user/OneDrive/Documents/ECE385/ECE385/ip_repo/hdmi_text_controller_1_0/src/font_rom.sv:1]
INFO: [Synth 8-6155] done synthesizing module 'font_rom' (0#1) [C:/Users/user/OneDrive/Documents/ECE385/ECE385/ip_repo/hdmi_text_controller_1_0/src/font_rom.sv:1]
INFO: [Synth 8-226] default block is never used [C:/Users/user/OneDrive/Documents/ECE385/ECE385/ip_repo/hdmi_text_controller_1_0/src/Color_Mapper.sv:121]
INFO: [Synth 8-6155] done synthesizing module 'color_mapper' (0#1) [C:/Users/user/OneDrive/Documents/ECE385/ECE385/ip_repo/hdmi_text_controller_1_0/src/Color_Mapper.sv:17]
INFO: [Synth 8-6155] done synthesizing module 'hdmi_text_controller_v1_0' (0#1) [C:/Users/user/OneDrive/Documents/ECE385/ECE385/ip_repo/hdmi_text_controller_1_0/src/hdmi_text_controller_v1_0.sv:9]
WARNING: [Synth 8-87] always_comb on 'Red_reg' did not result in combinational logic [C:/Users/user/OneDrive/Documents/ECE385/ECE385/ip_repo/hdmi_text_controller_1_0/src/Color_Mapper.sv:180]
WARNING: [Synth 8-87] always_comb on 'Green_reg' did not result in combinational logic [C:/Users/user/OneDrive/Documents/ECE385/ECE385/ip_repo/hdmi_text_controller_1_0/src/Color_Mapper.sv:181]
WARNING: [Synth 8-87] always_comb on 'Blue_reg' did not result in combinational logic [C:/Users/user/OneDrive/Documents/ECE385/ECE385/ip_repo/hdmi_text_controller_1_0/src/Color_Mapper.sv:182]
WARNING: [Synth 8-7129] Port controlregister_data[31] in module color_mapper is either unconnected or has no load
WARNING: [Synth 8-7129] Port controlregister_data[30] in module color_mapper is either unconnected or has no load
WARNING: [Synth 8-7129] Port controlregister_data[29] in module color_mapper is either unconnected or has no load
WARNING: [Synth 8-7129] Port controlregister_data[28] in module color_mapper is either unconnected or has no load
WARNING: [Synth 8-7129] Port controlregister_data[27] in module color_mapper is either unconnected or has no load
WARNING: [Synth 8-7129] Port controlregister_data[26] in module color_mapper is either unconnected or has no load
WARNING: [Synth 8-7129] Port controlregister_data[25] in module color_mapper is either unconnected or has no load
WARNING: [Synth 8-7129] Port controlregister_data[0] in module color_mapper is either unconnected or has no load
WARNING: [Synth 8-7129] Port S_AXI_AWPROT[2] in module hdmi_text_controller_v1_0_AXI is either unconnected or has no load
WARNING: [Synth 8-7129] Port S_AXI_AWPROT[1] in module hdmi_text_controller_v1_0_AXI is either unconnected or has no load
WARNING: [Synth 8-7129] Port S_AXI_AWPROT[0] in module hdmi_text_controller_v1_0_AXI is either unconnected or has no load
WARNING: [Synth 8-7129] Port S_AXI_ARPROT[2] in module hdmi_text_controller_v1_0_AXI is either unconnected or has no load
WARNING: [Synth 8-7129] Port S_AXI_ARPROT[1] in module hdmi_text_controller_v1_0_AXI is either unconnected or has no load
WARNING: [Synth 8-7129] Port S_AXI_ARPROT[0] in module hdmi_text_controller_v1_0_AXI is either unconnected or has no load
WARNING: [Synth 8-7129] Port word_addr[11] in module hdmi_text_controller_v1_0_AXI is either unconnected or has no load
WARNING: [Synth 8-7129] Port word_addr[10] in module hdmi_text_controller_v1_0_AXI is either unconnected or has no load
---------------------------------------------------------------------------------
Finished RTL Elaboration : Time (s): cpu = 00:00:15 ; elapsed = 00:00:23 . Memory (MB): peak = 2471.410 ; gain = 1059.742
---------------------------------------------------------------------------------
---------------------------------------------------------------------------------
Start Handling Custom Attributes
---------------------------------------------------------------------------------
---------------------------------------------------------------------------------
Finished Handling Custom Attributes : Time (s): cpu = 00:00:15 ; elapsed = 00:00:24 . Memory (MB): peak = 2471.410 ; gain = 1059.742
---------------------------------------------------------------------------------
---------------------------------------------------------------------------------
Finished RTL Optimization Phase 1 : Time (s): cpu = 00:00:15 ; elapsed = 00:00:24 . Memory (MB): peak = 2471.410 ; gain = 1059.742
---------------------------------------------------------------------------------
Netlist sorting complete. Time (s): cpu = 00:00:01 ; elapsed = 00:00:00.926 . Memory (MB): peak = 2471.410 ; gain = 0.000
INFO: [Project 1-570] Preparing netlist for logic optimization

Processing XDC Constraints
Initializing timing engine
Parsing XDC File [c:/Users/user/OneDrive/Documents/ECE385/ECE385/hdmi_text_controller_v1_0_project.gen/sources_1/ip/clk_wiz_0/clk_wiz_0/clk_wiz_0_in_context.xdc] for cell 'clk_wiz'
Finished Parsing XDC File [c:/Users/user/OneDrive/Documents/ECE385/ECE385/hdmi_text_controller_v1_0_project.gen/sources_1/ip/clk_wiz_0/clk_wiz_0/clk_wiz_0_in_context.xdc] for cell 'clk_wiz'
Parsing XDC File [c:/Users/user/OneDrive/Documents/ECE385/ECE385/hdmi_text_controller_v1_0_project.gen/sources_1/ip/hdmi_tx_0/hdmi_tx_0/hdmi_tx_0_in_context.xdc] for cell 'vga_to_hdmi'
Finished Parsing XDC File [c:/Users/user/OneDrive/Documents/ECE385/ECE385/hdmi_text_controller_v1_0_project.gen/sources_1/ip/hdmi_tx_0/hdmi_tx_0/hdmi_tx_0_in_context.xdc] for cell 'vga_to_hdmi'
Parsing XDC File [C:/Users/user/OneDrive/Documents/ECE385/ECE385/lab7/lab7.tmp/hdmi_text_controller_v1_0_project/hdmi_text_controller_v1_0_project.runs/synth_1/dont_touch.xdc]
Finished Parsing XDC File [C:/Users/user/OneDrive/Documents/ECE385/ECE385/lab7/lab7.tmp/hdmi_text_controller_v1_0_project/hdmi_text_controller_v1_0_project.runs/synth_1/dont_touch.xdc]
Completed Processing XDC Constraints

Netlist sorting complete. Time (s): cpu = 00:00:00 ; elapsed = 00:00:00.016 . Memory (MB): peak = 2471.410 ; gain = 0.000
INFO: [Project 1-111] Unisim Transformation Summary:
No Unisim elements were transformed.

Constraint Validation Runtime : Time (s): cpu = 00:00:00 ; elapsed = 00:00:00.637 . Memory (MB): peak = 2471.410 ; gain = 0.000
INFO: [Synth 8-11241] undeclared symbol 'REGCCE', assumed default net type 'wire' [C:/Xilinx/Vivado/2022.2/data/verilog/src/unimacro/BRAM_SINGLE_MACRO.v:2170]
---------------------------------------------------------------------------------
Finished Constraint Validation : Time (s): cpu = 00:00:29 ; elapsed = 00:00:45 . Memory (MB): peak = 2471.410 ; gain = 1059.742
---------------------------------------------------------------------------------
---------------------------------------------------------------------------------
Start Loading Part and Timing Information
---------------------------------------------------------------------------------
Loading part: xc7s50csga324-1
---------------------------------------------------------------------------------
Finished Loading Part and Timing Information : Time (s): cpu = 00:00:29 ; elapsed = 00:00:45 . Memory (MB): peak = 2471.410 ; gain = 1059.742
---------------------------------------------------------------------------------
---------------------------------------------------------------------------------
Start Applying 'set_property' XDC Constraints
---------------------------------------------------------------------------------
Applied set_property IO_BUFFER_TYPE = NONE for axi_aclk. (constraint file  c:/Users/user/OneDrive/Documents/ECE385/ECE385/hdmi_text_controller_v1_0_project.gen/sources_1/ip/clk_wiz_0/clk_wiz_0/clk_wiz_0_in_context.xdc, line 4).
Applied set_property CLOCK_BUFFER_TYPE = NONE for axi_aclk. (constraint file  c:/Users/user/OneDrive/Documents/ECE385/ECE385/hdmi_text_controller_v1_0_project.gen/sources_1/ip/clk_wiz_0/clk_wiz_0/clk_wiz_0_in_context.xdc, line 5).
Applied set_property IO_BUFFER_TYPE = NONE for hdmi_clk_n. (constraint file  c:/Users/user/OneDrive/Documents/ECE385/ECE385/hdmi_text_controller_v1_0_project.gen/sources_1/ip/hdmi_tx_0/hdmi_tx_0/hdmi_tx_0_in_context.xdc, line 1).
Applied set_property CLOCK_BUFFER_TYPE = NONE for hdmi_clk_n. (constraint file  c:/Users/user/OneDrive/Documents/ECE385/ECE385/hdmi_text_controller_v1_0_project.gen/sources_1/ip/hdmi_tx_0/hdmi_tx_0/hdmi_tx_0_in_context.xdc, line 2).
Applied set_property IO_BUFFER_TYPE = NONE for hdmi_clk_p. (constraint file  c:/Users/user/OneDrive/Documents/ECE385/ECE385/hdmi_text_controller_v1_0_project.gen/sources_1/ip/hdmi_tx_0/hdmi_tx_0/hdmi_tx_0_in_context.xdc, line 3).
Applied set_property CLOCK_BUFFER_TYPE = NONE for hdmi_clk_p. (constraint file  c:/Users/user/OneDrive/Documents/ECE385/ECE385/hdmi_text_controller_v1_0_project.gen/sources_1/ip/hdmi_tx_0/hdmi_tx_0/hdmi_tx_0_in_context.xdc, line 4).
Applied set_property IO_BUFFER_TYPE = NONE for hdmi_tx_n[0]. (constraint file  c:/Users/user/OneDrive/Documents/ECE385/ECE385/hdmi_text_controller_v1_0_project.gen/sources_1/ip/hdmi_tx_0/hdmi_tx_0/hdmi_tx_0_in_context.xdc, line 5).
Applied set_property CLOCK_BUFFER_TYPE = NONE for hdmi_tx_n[0]. (constraint file  c:/Users/user/OneDrive/Documents/ECE385/ECE385/hdmi_text_controller_v1_0_project.gen/sources_1/ip/hdmi_tx_0/hdmi_tx_0/hdmi_tx_0_in_context.xdc, line 6).
Applied set_property IO_BUFFER_TYPE = NONE for hdmi_tx_n[1]. (constraint file  c:/Users/user/OneDrive/Documents/ECE385/ECE385/hdmi_text_controller_v1_0_project.gen/sources_1/ip/hdmi_tx_0/hdmi_tx_0/hdmi_tx_0_in_context.xdc, line 7).
Applied set_property CLOCK_BUFFER_TYPE = NONE for hdmi_tx_n[1]. (constraint file  c:/Users/user/OneDrive/Documents/ECE385/ECE385/hdmi_text_controller_v1_0_project.gen/sources_1/ip/hdmi_tx_0/hdmi_tx_0/hdmi_tx_0_in_context.xdc, line 8).
Applied set_property IO_BUFFER_TYPE = NONE for hdmi_tx_n[2]. (constraint file  c:/Users/user/OneDrive/Documents/ECE385/ECE385/hdmi_text_controller_v1_0_project.gen/sources_1/ip/hdmi_tx_0/hdmi_tx_0/hdmi_tx_0_in_context.xdc, line 9).
Applied set_property CLOCK_BUFFER_TYPE = NONE for hdmi_tx_n[2]. (constraint file  c:/Users/user/OneDrive/Documents/ECE385/ECE385/hdmi_text_controller_v1_0_project.gen/sources_1/ip/hdmi_tx_0/hdmi_tx_0/hdmi_tx_0_in_context.xdc, line 10).
Applied set_property IO_BUFFER_TYPE = NONE for hdmi_tx_p[0]. (constraint file  c:/Users/user/OneDrive/Documents/ECE385/ECE385/hdmi_text_controller_v1_0_project.gen/sources_1/ip/hdmi_tx_0/hdmi_tx_0/hdmi_tx_0_in_context.xdc, line 11).
Applied set_property CLOCK_BUFFER_TYPE = NONE for hdmi_tx_p[0]. (constraint file  c:/Users/user/OneDrive/Documents/ECE385/ECE385/hdmi_text_controller_v1_0_project.gen/sources_1/ip/hdmi_tx_0/hdmi_tx_0/hdmi_tx_0_in_context.xdc, line 12).
Applied set_property IO_BUFFER_TYPE = NONE for hdmi_tx_p[1]. (constraint file  c:/Users/user/OneDrive/Documents/ECE385/ECE385/hdmi_text_controller_v1_0_project.gen/sources_1/ip/hdmi_tx_0/hdmi_tx_0/hdmi_tx_0_in_context.xdc, line 13).
Applied set_property CLOCK_BUFFER_TYPE = NONE for hdmi_tx_p[1]. (constraint file  c:/Users/user/OneDrive/Documents/ECE385/ECE385/hdmi_text_controller_v1_0_project.gen/sources_1/ip/hdmi_tx_0/hdmi_tx_0/hdmi_tx_0_in_context.xdc, line 14).
Applied set_property IO_BUFFER_TYPE = NONE for hdmi_tx_p[2]. (constraint file  c:/Users/user/OneDrive/Documents/ECE385/ECE385/hdmi_text_controller_v1_0_project.gen/sources_1/ip/hdmi_tx_0/hdmi_tx_0/hdmi_tx_0_in_context.xdc, line 15).
Applied set_property CLOCK_BUFFER_TYPE = NONE for hdmi_tx_p[2]. (constraint file  c:/Users/user/OneDrive/Documents/ECE385/ECE385/hdmi_text_controller_v1_0_project.gen/sources_1/ip/hdmi_tx_0/hdmi_tx_0/hdmi_tx_0_in_context.xdc, line 16).
Applied set_property KEEP_HIERARCHY = SOFT for clk_wiz. (constraint file  auto generated constraint).
Applied set_property KEEP_HIERARCHY = SOFT for vga_to_hdmi. (constraint file  auto generated constraint).
---------------------------------------------------------------------------------
Finished applying 'set_property' XDC Constraints : Time (s): cpu = 00:00:29 ; elapsed = 00:00:45 . Memory (MB): peak = 2471.410 ; gain = 1059.742
---------------------------------------------------------------------------------
---------------------------------------------------------------------------------
Start Preparing Guide Design
---------------------------------------------------------------------------------
got a mismatch hdmi_text_controller_v1_0_AXI
Is not a child genome
WARNING: [Synth 8-6702] IncrSynth : Design change found in an area of the design that prevents previous synthesis information being used, Reverting to default synthesis
---------------------------------------------------------------------------------
Finished Doing Graph Differ : Time (s): cpu = 00:00:30 ; elapsed = 00:00:47 . Memory (MB): peak = 2471.410 ; gain = 1059.742
---------------------------------------------------------------------------------
---------------------------------------------------------------------------------
Finished Preparing Guide Design : Time (s): cpu = 00:00:30 ; elapsed = 00:00:47 . Memory (MB): peak = 2471.410 ; gain = 1059.742
---------------------------------------------------------------------------------
WARNING: [Synth 8-327] inferring latch for variable 'Red_reg' [C:/Users/user/OneDrive/Documents/ECE385/ECE385/lab7/lab7.tmp/hdmi_text_controller_v1_0_project/hdmi_text_controller_v1_0_project.srcs/sources_1/imports/design_source/Color_Mapper.sv:180]
WARNING: [Synth 8-327] inferring latch for variable 'Green_reg' [C:/Users/user/OneDrive/Documents/ECE385/ECE385/lab7/lab7.tmp/hdmi_text_controller_v1_0_project/hdmi_text_controller_v1_0_project.srcs/sources_1/imports/design_source/Color_Mapper.sv:181]
WARNING: [Synth 8-327] inferring latch for variable 'Blue_reg' [C:/Users/user/OneDrive/Documents/ECE385/ECE385/lab7/lab7.tmp/hdmi_text_controller_v1_0_project/hdmi_text_controller_v1_0_project.srcs/sources_1/imports/design_source/Color_Mapper.sv:182]
---------------------------------------------------------------------------------
Finished RTL Optimization Phase 2 : Time (s): cpu = 00:00:43 ; elapsed = 00:01:08 . Memory (MB): peak = 2471.410 ; gain = 1059.742
---------------------------------------------------------------------------------


Incremental Synthesis Report Summary:

1. Incremental synthesis run: no

   Reason for not running incremental synthesis : Design change found in an area of the design that prevents previous synthesis information being used


INFO: [Synth 8-7130] Flow is switching to default flow due to incremental criteria not met. If you would like to alter this behaviour and have the flow terminate instead, please set the following parameter config_implementation {autoIncr.Synth.RejectBehavior Terminate}
---------------------------------------------------------------------------------
Start RTL Component Statistics 
---------------------------------------------------------------------------------
Detailed RTL Component Info : 
+---Adders : 
	   2 Input   11 Bit       Adders := 2     
	   2 Input   10 Bit       Adders := 2     
+---Registers : 
	               32 Bit    Registers := 602   
	               12 Bit    Registers := 2     
	               10 Bit    Registers := 2     
	                2 Bit    Registers := 2     
	                1 Bit    Registers := 8     
+---Muxes : 
	   2 Input   32 Bit        Muxes := 601   
	   2 Input    8 Bit        Muxes := 2414  
	   4 Input    7 Bit        Muxes := 1     
	   2 Input    4 Bit        Muxes := 9     
	   2 Input    1 Bit        Muxes := 8     
	   4 Input    1 Bit        Muxes := 1     
	   8 Input    1 Bit        Muxes := 1     
---------------------------------------------------------------------------------
Finished RTL Component Statistics 
---------------------------------------------------------------------------------
---------------------------------------------------------------------------------
Start Part Resource Summary
---------------------------------------------------------------------------------
Part Resources:
DSPs: 120 (col length:60)
BRAMs: 150 (col length: RAMB18 60 RAMB36 30)
---------------------------------------------------------------------------------
Finished Part Resource Summary
---------------------------------------------------------------------------------
---------------------------------------------------------------------------------
Start Cross Boundary and Area Optimization
---------------------------------------------------------------------------------
WARNING: [Synth 8-7129] Port axi_awprot[2] in module hdmi_text_controller_v1_0 is either unconnected or has no load
WARNING: [Synth 8-7129] Port axi_awprot[1] in module hdmi_text_controller_v1_0 is either unconnected or has no load
WARNING: [Synth 8-7129] Port axi_awprot[0] in module hdmi_text_controller_v1_0 is either unconnected or has no load
WARNING: [Synth 8-7129] Port axi_arprot[2] in module hdmi_text_controller_v1_0 is either unconnected or has no load
WARNING: [Synth 8-7129] Port axi_arprot[1] in module hdmi_text_controller_v1_0 is either unconnected or has no load
WARNING: [Synth 8-7129] Port axi_arprot[0] in module hdmi_text_controller_v1_0 is either unconnected or has no load
INFO: [Synth 8-3886] merging instance 'axi_rresp_reg[0]' (FDRE) to 'axi_rresp_reg[1]'
INFO: [Synth 8-3333] propagating constant 0 across sequential element (\axi_rresp_reg[1] )
INFO: [Synth 8-3886] merging instance 'axi_bresp_reg[0]' (FDRE) to 'axi_bresp_reg[1]'
INFO: [Synth 8-3333] propagating constant 0 across sequential element (\axi_bresp_reg[1] )
---------------------------------------------------------------------------------
Finished Cross Boundary and Area Optimization : Time (s): cpu = 00:01:15 ; elapsed = 00:02:34 . Memory (MB): peak = 2471.410 ; gain = 1059.742
---------------------------------------------------------------------------------
---------------------------------------------------------------------------------
Start ROM, RAM, DSP, Shift Register and Retiming Reporting
---------------------------------------------------------------------------------

ROM: Preliminary Mapping Report
+--------------------------+----------------------------+---------------+----------------+
|Module Name               | RTL Object                 | Depth x Width | Implemented As | 
+--------------------------+----------------------------+---------------+----------------+
|font_rom                  | ROM                        | 2048x8        | LUT            | 
|hdmi_text_controller_v1_0 | color_mapper0/font_rom/ROM | 2048x8        | LUT            | 
+--------------------------+----------------------------+---------------+----------------+

---------------------------------------------------------------------------------
Finished ROM, RAM, DSP, Shift Register and Retiming Reporting
---------------------------------------------------------------------------------
---------------------------------------------------------------------------------
Start Applying XDC Timing Constraints
---------------------------------------------------------------------------------
---------------------------------------------------------------------------------
Finished Applying XDC Timing Constraints : Time (s): cpu = 00:01:21 ; elapsed = 00:02:44 . Memory (MB): peak = 2471.410 ; gain = 1059.742
---------------------------------------------------------------------------------
---------------------------------------------------------------------------------
Start Timing Optimization
---------------------------------------------------------------------------------
---------------------------------------------------------------------------------
Finished Timing Optimization : Time (s): cpu = 00:02:12 ; elapsed = 00:04:05 . Memory (MB): peak = 2471.410 ; gain = 1059.742
---------------------------------------------------------------------------------
---------------------------------------------------------------------------------
Start Technology Mapping
---------------------------------------------------------------------------------
---------------------------------------------------------------------------------
Finished Technology Mapping : Time (s): cpu = 00:02:20 ; elapsed = 00:04:38 . Memory (MB): peak = 2471.410 ; gain = 1059.742
---------------------------------------------------------------------------------
---------------------------------------------------------------------------------
Start IO Insertion
---------------------------------------------------------------------------------
---------------------------------------------------------------------------------
Start Flattening Before IO Insertion
---------------------------------------------------------------------------------
---------------------------------------------------------------------------------
Finished Flattening Before IO Insertion
---------------------------------------------------------------------------------
---------------------------------------------------------------------------------
Start Final Netlist Cleanup
---------------------------------------------------------------------------------
---------------------------------------------------------------------------------
Finished Final Netlist Cleanup
---------------------------------------------------------------------------------
---------------------------------------------------------------------------------
Finished IO Insertion : Time (s): cpu = 00:02:29 ; elapsed = 00:04:52 . Memory (MB): peak = 2471.410 ; gain = 1059.742
---------------------------------------------------------------------------------
---------------------------------------------------------------------------------
Start Renaming Generated Instances
---------------------------------------------------------------------------------
---------------------------------------------------------------------------------
Finished Renaming Generated Instances : Time (s): cpu = 00:02:29 ; elapsed = 00:04:52 . Memory (MB): peak = 2471.410 ; gain = 1059.742
---------------------------------------------------------------------------------
---------------------------------------------------------------------------------
Start Rebuilding User Hierarchy
---------------------------------------------------------------------------------
---------------------------------------------------------------------------------
Finished Rebuilding User Hierarchy : Time (s): cpu = 00:02:33 ; elapsed = 00:04:58 . Memory (MB): peak = 2471.410 ; gain = 1059.742
---------------------------------------------------------------------------------
---------------------------------------------------------------------------------
Start Renaming Generated Ports
---------------------------------------------------------------------------------
---------------------------------------------------------------------------------
Finished Renaming Generated Ports : Time (s): cpu = 00:02:33 ; elapsed = 00:04:58 . Memory (MB): peak = 2471.410 ; gain = 1059.742
---------------------------------------------------------------------------------
---------------------------------------------------------------------------------
Start Handling Custom Attributes
---------------------------------------------------------------------------------
---------------------------------------------------------------------------------
Finished Handling Custom Attributes : Time (s): cpu = 00:02:33 ; elapsed = 00:04:59 . Memory (MB): peak = 2471.410 ; gain = 1059.742
---------------------------------------------------------------------------------
---------------------------------------------------------------------------------
Start Renaming Generated Nets
---------------------------------------------------------------------------------
---------------------------------------------------------------------------------
Finished Renaming Generated Nets : Time (s): cpu = 00:02:33 ; elapsed = 00:04:59 . Memory (MB): peak = 2471.410 ; gain = 1059.742
---------------------------------------------------------------------------------
---------------------------------------------------------------------------------
Start Writing Synthesis Report
---------------------------------------------------------------------------------

Report BlackBoxes: 
+------+--------------+----------+
|      |BlackBox name |Instances |
+------+--------------+----------+
|1     |hdmi_tx_0     |         1|
|2     |clk_wiz_0     |         1|
+------+--------------+----------+

Report Cell Usage: 
+------+--------+------+
|      |Cell    |Count |
+------+--------+------+
|1     |clk_wiz |     1|
|2     |hdmi_tx |     1|
|3     |CARRY4  |     4|
|4     |LUT1    |     2|
|5     |LUT2    |    20|
|6     |LUT3    |   442|
|7     |LUT4    |    73|
|8     |LUT5    |   734|
|9     |LUT6    | 12160|
|10    |MUXF7   |  5083|
|11    |MUXF8   |  2498|
|12    |FDCE    |   166|
|13    |FDRE    | 19527|
|14    |FDSE    |     1|
|15    |IBUF    |    62|
|16    |OBUF    |    41|
+------+--------+------+
---------------------------------------------------------------------------------
Finished Writing Synthesis Report : Time (s): cpu = 00:02:33 ; elapsed = 00:04:59 . Memory (MB): peak = 2471.410 ; gain = 1059.742
---------------------------------------------------------------------------------
Synthesis finished with 0 errors, 0 critical warnings and 10 warnings.
Synthesis Optimization Runtime : Time (s): cpu = 00:02:11 ; elapsed = 00:04:49 . Memory (MB): peak = 2471.410 ; gain = 1059.742
Synthesis Optimization Complete : Time (s): cpu = 00:02:33 ; elapsed = 00:05:00 . Memory (MB): peak = 2471.410 ; gain = 1059.742
INFO: [Project 1-571] Translating synthesized netlist
Netlist sorting complete. Time (s): cpu = 00:00:00 ; elapsed = 00:00:00.728 . Memory (MB): peak = 2471.410 ; gain = 0.000
INFO: [Netlist 29-17] Analyzing 7585 Unisim elements for replacement
INFO: [Netlist 29-28] Unisim Transformation completed in 0 CPU seconds
WARNING: [Netlist 29-101] Netlist 'hdmi_text_controller_v1_0' is not ideal for floorplanning, since the cellview 'hdmi_text_controller_v1_0_AXI' contains a large number of primitives.  Please consider enabling hierarchy in synthesis if you want to do floorplanning.
INFO: [Project 1-570] Preparing netlist for logic optimization
INFO: [Opt 31-140] Inserted 1 IBUFs to IO ports without IO buffers.
INFO: [Opt 31-138] Pushed 0 inverter(s) to 0 load pin(s).
Netlist sorting complete. Time (s): cpu = 00:00:00 ; elapsed = 00:00:00.016 . Memory (MB): peak = 2471.410 ; gain = 0.000
INFO: [Project 1-111] Unisim Transformation Summary:
No Unisim elements were transformed.

Synth Design complete, checksum: f9622772
INFO: [Common 17-83] Releasing license: Synthesis
44 Infos, 132 Warnings, 0 Critical Warnings and 0 Errors encountered.
synth_design completed successfully
synth_design: Time (s): cpu = 00:02:54 ; elapsed = 00:05:30 . Memory (MB): peak = 2471.410 ; gain = 1435.516
INFO: [Common 17-1381] The checkpoint 'C:/Users/user/OneDrive/Documents/ECE385/ECE385/lab7/lab7.tmp/hdmi_text_controller_v1_0_project/hdmi_text_controller_v1_0_project.runs/synth_1/hdmi_text_controller_v1_0.dcp' has been generated.
write_checkpoint: Time (s): cpu = 00:00:04 ; elapsed = 00:00:07 . Memory (MB): peak = 2471.410 ; gain = 0.000
INFO: [runtcl-4] Executing : report_utilization -file hdmi_text_controller_v1_0_utilization_synth.rpt -pb hdmi_text_controller_v1_0_utilization_synth.pb
INFO: [Common 17-206] Exiting Vivado at Thu Mar 28 06:10:32 2024...
